#
# There is insufficient memory for the Java Runtime Environment to continue.
# Native memory allocation (malloc) failed to allocate 221936 bytes for Chunk::new
# Possible reasons:
#   The system is out of physical RAM or swap space
#   The process is running with CompressedOops enabled, and the Java Heap may be blocking the growth of the native heap
# Possible solutions:
#   Reduce memory load on the system
#   Increase physical memory or swap space
#   Check if swap backing store is full
#   Decrease Java heap size (-Xmx/-Xms)
#   Decrease number of Java threads
#   Decrease Java thread stack sizes (-Xss)
#   Set larger code cache with -XX:ReservedCodeCacheSize=
#   JVM is running with Unscaled Compressed Oops mode in which the Java heap is
#     placed in the first 4GB address space. The Java Heap base address is the
#     maximum limit for the native heap growth. Please use -XX:HeapBaseMinAddress
#     to set the Java Heap base and to place the Java Heap above 4GB virtual address.
# This output file may be truncated or incomplete.
#
#  Out of Memory Error (arena.cpp:191), pid=32544, tid=20980
#
# JRE version: OpenJDK Runtime Environment Temurin-17.0.9+9 (17.0.9+9) (build 17.0.9+9)
# Java VM: OpenJDK 64-Bit Server VM Temurin-17.0.9+9 (17.0.9+9, mixed mode, tiered, compressed oops, compressed class ptrs, parallel gc, windows-amd64)
# No core dump will be written. Minidumps are not enabled by default on client versions of Windows
#

---------------  S U M M A R Y ------------

Command Line: --add-modules=ALL-SYSTEM --add-opens=java.base/java.util=ALL-UNNAMED --add-opens=java.base/java.lang=ALL-UNNAMED --add-opens=java.base/sun.nio.fs=ALL-UNNAMED -Declipse.application=org.eclipse.jdt.ls.core.id1 -Dosgi.bundles.defaultStartLevel=4 -Declipse.product=org.eclipse.jdt.ls.core.product -Djava.import.generatesMetadataFilesAtProjectRoot=false -DDetectVMInstallationsJob.disabled=true -Dfile.encoding=utf8 -XX:+UseParallelGC -XX:GCTimeRatio=4 -XX:AdaptiveSizePolicyWeight=90 -Dsun.zip.disableMemoryMapping=true -Xmx1G -Xms100m -Xlog:disable -javaagent:c:\Users\so-u\.vscode\extensions\redhat.java-1.26.0-win32-x64\lombok\lombok-1.18.31-3454.jar -XX:+HeapDumpOnOutOfMemoryError -XX:HeapDumpPath=c:\Users\so-u\AppData\Roaming\Code\User\workspaceStorage\5e595132d2747ca74a5c2523b199d736\redhat.java -Daether.dependencyCollector.impl=bf c:\Users\so-u\.vscode\extensions\redhat.java-1.26.0-win32-x64\server\plugins\org.eclipse.equinox.launcher_1.6.700.v20231214-2017.jar -configuration c:\Users\so-u\AppData\Roaming\Code\User\globalStorage\redhat.java\1.26.0\config_win -data c:\Users\so-u\AppData\Roaming\Code\User\workspaceStorage\5e595132d2747ca74a5c2523b199d736\redhat.java\jdt_ws --stdio

Host: AMD Ryzen 5 4500U with Radeon Graphics         , 6 cores, 7G,  Windows 11 , 64 bit Build 22621 (10.0.22621.2506)
Time: Mon Jan 29 18:25:11 2024  Windows 11 , 64 bit Build 22621 (10.0.22621.2506) elapsed time: 6.301821 seconds (0d 0h 0m 6s)

---------------  T H R E A D  ---------------

Current thread (0x0000025849c059a0):  JavaThread "C2 CompilerThread0" daemon [_thread_in_native, id=20980, stack(0x0000008a5b400000,0x0000008a5b500000)]


Current CompileTask:
C2:   6302 1486 %     4       java.io.WinNTFileSystem::normalize @ 58 (224 bytes)

Stack: [0x0000008a5b400000,0x0000008a5b500000]
Native frames: (J=compiled Java code, j=interpreted, Vv=VM code, C=native code)
V  [jvm.dll+0x67cf49]
V  [jvm.dll+0x83478a]
V  [jvm.dll+0x83624e]
V  [jvm.dll+0x8368b3]
V  [jvm.dll+0x247f1f]
V  [jvm.dll+0xac43c]
V  [jvm.dll+0xaca8c]
V  [jvm.dll+0x367012]
V  [jvm.dll+0x3313ba]
V  [jvm.dll+0x33085a]
V  [jvm.dll+0x21a5b1]
V  [jvm.dll+0x2199d1]
V  [jvm.dll+0x1a57cd]
V  [jvm.dll+0x2297ae]
V  [jvm.dll+0x22797c]
V  [jvm.dll+0x7e9877]
V  [jvm.dll+0x7e3c3a]
V  [jvm.dll+0x67be35]
C  [ucrtbase.dll+0x29363]
C  [KERNEL32.DLL+0x1257d]
C  [ntdll.dll+0x5aa58]


---------------  P R O C E S S  ---------------

Threads class SMR info:
_java_thread_list=0x000002584a759b10, length=13, elements={
0x000002582e6c7170, 0x0000025849bc3020, 0x0000025849bc4450, 0x000002584448aa90,
0x000002584448b820, 0x000002584448e3c0, 0x0000025849c05020, 0x0000025849c059a0,
0x0000025849c72dd0, 0x0000025849c73a90, 0x0000025849d2a120, 0x0000025849f3cc00,
0x000002584a7913f0
}

Java Threads: ( => current thread )
  0x000002582e6c7170 JavaThread "main" [_thread_in_native, id=34852, stack(0x0000008a5ab00000,0x0000008a5ac00000)]
  0x0000025849bc3020 JavaThread "Reference Handler" daemon [_thread_blocked, id=19800, stack(0x0000008a5ae00000,0x0000008a5af00000)]
  0x0000025849bc4450 JavaThread "Finalizer" daemon [_thread_blocked, id=35820, stack(0x0000008a5af00000,0x0000008a5b000000)]
  0x000002584448aa90 JavaThread "Signal Dispatcher" daemon [_thread_blocked, id=16704, stack(0x0000008a5b000000,0x0000008a5b100000)]
  0x000002584448b820 JavaThread "Attach Listener" daemon [_thread_blocked, id=42824, stack(0x0000008a5b100000,0x0000008a5b200000)]
  0x000002584448e3c0 JavaThread "Service Thread" daemon [_thread_blocked, id=41228, stack(0x0000008a5b200000,0x0000008a5b300000)]
  0x0000025849c05020 JavaThread "Monitor Deflation Thread" daemon [_thread_blocked, id=38404, stack(0x0000008a5b300000,0x0000008a5b400000)]
=>0x0000025849c059a0 JavaThread "C2 CompilerThread0" daemon [_thread_in_native, id=20980, stack(0x0000008a5b400000,0x0000008a5b500000)]
  0x0000025849c72dd0 JavaThread "C1 CompilerThread0" daemon [_thread_blocked, id=38892, stack(0x0000008a5b500000,0x0000008a5b600000)]
  0x0000025849c73a90 JavaThread "Sweeper thread" daemon [_thread_blocked, id=33372, stack(0x0000008a5b600000,0x0000008a5b700000)]
  0x0000025849d2a120 JavaThread "Common-Cleaner" daemon [_thread_blocked, id=17616, stack(0x0000008a5b700000,0x0000008a5b800000)]
  0x0000025849f3cc00 JavaThread "Notification Thread" daemon [_thread_blocked, id=23780, stack(0x0000008a5b800000,0x0000008a5b900000)]
  0x000002584a7913f0 JavaThread "Active Thread: Equinox Container: 2e0be7d4-494e-4fea-af12-757e1a5fd25a" [_thread_blocked, id=42848, stack(0x0000008a5bf00000,0x0000008a5c000000)]

Other Threads:
  0x000002584447a430 VMThread "VM Thread" [stack: 0x0000008a5ad00000,0x0000008a5ae00000] [id=19672]
  0x0000025849f3d0e0 WatcherThread [stack: 0x0000008a5b900000,0x0000008a5ba00000] [id=35988]
  0x000002582e6dc4c0 GCTaskThread "GC Thread#0" [stack: 0x0000008a5ac00000,0x0000008a5ad00000] [id=2932]
  0x000002584a74cdb0 GCTaskThread "GC Thread#1" [stack: 0x0000008a5ba00000,0x0000008a5bb00000] [id=17972]
  0x000002584a5ab510 GCTaskThread "GC Thread#2" [stack: 0x0000008a5bb00000,0x0000008a5bc00000] [id=42856]
  0x000002584a8fb040 GCTaskThread "GC Thread#3" [stack: 0x0000008a5bc00000,0x0000008a5bd00000] [id=2280]
  0x000002584a8fb300 GCTaskThread "GC Thread#4" [stack: 0x0000008a5bd00000,0x0000008a5be00000] [id=21808]
  0x000002584a73f030 GCTaskThread "GC Thread#5" [stack: 0x0000008a5be00000,0x0000008a5bf00000] [id=29836]

Threads with active compile tasks:
C2 CompilerThread0     6327 1486 %     4       java.io.WinNTFileSystem::normalize @ 58 (224 bytes)

VM state: not at safepoint (normal execution)

VM Mutex/Monitor currently owned by a thread: None

Heap address: 0x00000000c0000000, size: 1024 MB, Compressed Oops mode: 32-bit

CDS archive(s) not mapped
Compressed class space mapped at: 0x0000000100000000-0x0000000140000000, reserved size: 1073741824
Narrow klass base: 0x0000000000000000, Narrow klass shift: 3, Narrow klass range: 0x140000000

GC Precious Log:
 CPUs: 6 total, 6 available
 Memory: 7549M
 Large Page Support: Disabled
 NUMA Support: Disabled
 Compressed Oops: Enabled (32-bit)
 Alignments: Space 512K, Generation 512K, Heap 2M
 Heap Min Capacity: 100M
 Heap Initial Capacity: 100M
 Heap Max Capacity: 1G
 Pre-touch: Disabled
 Parallel Workers: 6

Heap:
 PSYoungGen      total 29696K, used 23548K [0x00000000eab00000, 0x00000000ecc00000, 0x0000000100000000)
  eden space 25600K, 79% used [0x00000000eab00000,0x00000000ebec3c98,0x00000000ec400000)
  from space 4096K, 80% used [0x00000000ec400000,0x00000000ec73b680,0x00000000ec800000)
  to   space 4096K, 0% used [0x00000000ec800000,0x00000000ec800000,0x00000000ecc00000)
 ParOldGen       total 68608K, used 0K [0x00000000c0000000, 0x00000000c4300000, 0x00000000eab00000)
  object space 68608K, 0% used [0x00000000c0000000,0x00000000c0000000,0x00000000c4300000)
 Metaspace       used 13774K, committed 13952K, reserved 1114112K
  class space    used 1360K, committed 1472K, reserved 1048576K

Card table byte_map: [0x0000025841d00000,0x0000025841f10000] _byte_map_base: 0x0000025841700000

Marking Bits: (ParMarkBitMap*) 0x00007ffbbb06d0b0
 Begin Bits: [0x0000025842070000, 0x0000025843070000)
 End Bits:   [0x0000025843070000, 0x0000025844070000)

Polling page: 0x0000025832af0000

Metaspace:

Usage:
  Non-class:     12.12 MB used.
      Class:      1.33 MB used.
       Both:     13.45 MB used.

Virtual space:
  Non-class space:       64.00 MB reserved,      12.19 MB ( 19%) committed,  1 nodes.
      Class space:        1.00 GB reserved,       1.44 MB ( <1%) committed,  1 nodes.
             Both:        1.06 GB reserved,      13.62 MB (  1%) committed. 

Chunk freelists:
   Non-Class:  3.33 MB
       Class:  14.48 MB
        Both:  17.81 MB

MaxMetaspaceSize: unlimited
CompressedClassSpaceSize: 1.00 GB
Initial GC threshold: 21.00 MB
Current GC threshold: 21.00 MB
CDS: off
MetaspaceReclaimPolicy: balanced
 - commit_granule_bytes: 65536.
 - commit_granule_words: 8192.
 - virtual_space_node_default_size: 8388608.
 - enlarge_chunks_in_place: 1.
 - new_chunks_are_fully_committed: 0.
 - uncommit_free_chunks: 1.
 - use_allocation_guard: 0.
 - handle_deallocations: 1.


Internal statistics:

num_allocs_failed_limit: 0.
num_arena_births: 54.
num_arena_deaths: 0.
num_vsnodes_births: 2.
num_vsnodes_deaths: 0.
num_space_committed: 218.
num_space_uncommitted: 0.
num_chunks_returned_to_freelist: 0.
num_chunks_taken_from_freelist: 223.
num_chunk_merges: 0.
num_chunk_splits: 149.
num_chunks_enlarged: 118.
num_inconsistent_stats: 0.

CodeHeap 'non-profiled nmethods': size=120000Kb used=623Kb max_used=623Kb free=119376Kb
 bounds [0x000002583a5e0000, 0x000002583a850000, 0x0000025841b10000]
CodeHeap 'profiled nmethods': size=120000Kb used=2716Kb max_used=2716Kb free=117283Kb
 bounds [0x0000025832b10000, 0x0000025832dc0000, 0x000002583a040000]
CodeHeap 'non-nmethods': size=5760Kb used=1163Kb max_used=1178Kb free=4596Kb
 bounds [0x000002583a040000, 0x000002583a2b0000, 0x000002583a5e0000]
 total_blobs=1944 nmethods=1490 adapters=368
 compilation: enabled
              stopped_count=0, restarted_count=0
 full_count=0

Compilation events (20 events):
Event: 6.262 Thread 0x0000025849c72dd0 nmethod 1477 0x0000025832dad910 code [0x0000025832dadbc0, 0x0000025832daeb48]
Event: 6.263 Thread 0x0000025849c72dd0 1478       3       java.util.StringTokenizer::<init> (8 bytes)
Event: 6.263 Thread 0x0000025849c72dd0 nmethod 1478 0x0000025832daf110 code [0x0000025832daf2a0, 0x0000025832daf3e8]
Event: 6.275 Thread 0x0000025849c72dd0 1479       3       java.lang.Integer::valueOf (32 bytes)
Event: 6.275 Thread 0x0000025849c72dd0 nmethod 1479 0x0000025832daf490 code [0x0000025832daf640, 0x0000025832daf958]
Event: 6.278 Thread 0x0000025849c72dd0 1480       3       java.net.URL::isValidProtocol (78 bytes)
Event: 6.279 Thread 0x0000025849c72dd0 nmethod 1480 0x0000025832dafa90 code [0x0000025832dafda0, 0x0000025832db0ff8]
Event: 6.280 Thread 0x0000025849c72dd0 1481       3       java.lang.StringBuilder::append (10 bytes)
Event: 6.280 Thread 0x0000025849c72dd0 nmethod 1481 0x0000025832db1690 code [0x0000025832db1820, 0x0000025832db1968]
Event: 6.281 Thread 0x0000025849c72dd0 1482       3       java.lang.AbstractStringBuilder::append (63 bytes)
Event: 6.281 Thread 0x0000025849c72dd0 nmethod 1482 0x0000025832db1a10 code [0x0000025832db1c00, 0x0000025832db2148]
Event: 6.281 Thread 0x0000025849c72dd0 1483       1       sun.nio.fs.NativeBuffer::address (5 bytes)
Event: 6.281 Thread 0x0000025849c72dd0 nmethod 1483 0x000002583a67bb90 code [0x000002583a67bd20, 0x000002583a67bdf8]
Event: 6.284 Thread 0x0000025849c72dd0 1484       3       java.lang.ThreadLocal$ThreadLocalMap::getEntry (42 bytes)
Event: 6.284 Thread 0x0000025849c72dd0 nmethod 1484 0x0000025832db2290 code [0x0000025832db2460, 0x0000025832db2838]
Event: 6.285 Thread 0x0000025849c72dd0 1485       3       sun.nio.fs.WindowsPathParser::nextNonSlash (24 bytes)
Event: 6.286 Thread 0x0000025849c72dd0 nmethod 1485 0x0000025832db2a10 code [0x0000025832db2c20, 0x0000025832db3378]
Event: 6.291 Thread 0x0000025849c059a0 1486 %     4       java.io.WinNTFileSystem::normalize @ 58 (224 bytes)
Event: 6.294 Thread 0x0000025849c72dd0 1487       3       java.lang.String::getChars (54 bytes)
Event: 6.294 Thread 0x0000025849c72dd0 nmethod 1487 0x0000025832db3690 code [0x0000025832db3880, 0x0000025832db3cf8]

GC Heap History (2 events):
Event: 3.403 GC heap before
{Heap before GC invocations=1 (full 0):
 PSYoungGen      total 29696K, used 25600K [0x00000000eab00000, 0x00000000ecc00000, 0x0000000100000000)
  eden space 25600K, 100% used [0x00000000eab00000,0x00000000ec400000,0x00000000ec400000)
  from space 4096K, 0% used [0x00000000ec800000,0x00000000ec800000,0x00000000ecc00000)
  to   space 4096K, 0% used [0x00000000ec400000,0x00000000ec400000,0x00000000ec800000)
 ParOldGen       total 68608K, used 0K [0x00000000c0000000, 0x00000000c4300000, 0x00000000eab00000)
  object space 68608K, 0% used [0x00000000c0000000,0x00000000c0000000,0x00000000c4300000)
 Metaspace       used 11029K, committed 11200K, reserved 1114112K
  class space    used 1100K, committed 1216K, reserved 1048576K
}
Event: 3.515 GC heap after
{Heap after GC invocations=1 (full 0):
 PSYoungGen      total 29696K, used 3309K [0x00000000eab00000, 0x00000000ecc00000, 0x0000000100000000)
  eden space 25600K, 0% used [0x00000000eab00000,0x00000000eab00000,0x00000000ec400000)
  from space 4096K, 80% used [0x00000000ec400000,0x00000000ec73b680,0x00000000ec800000)
  to   space 4096K, 0% used [0x00000000ec800000,0x00000000ec800000,0x00000000ecc00000)
 ParOldGen       total 68608K, used 0K [0x00000000c0000000, 0x00000000c4300000, 0x00000000eab00000)
  object space 68608K, 0% used [0x00000000c0000000,0x00000000c0000000,0x00000000c4300000)
 Metaspace       used 11029K, committed 11200K, reserved 1114112K
  class space    used 1100K, committed 1216K, reserved 1048576K
}

Dll operation events (8 events):
Event: 0.088 Loaded shared library c:\Users\so-u\.vscode\extensions\redhat.java-1.26.0-win32-x64\jre\17.0.9-win32-x86_64\bin\java.dll
Event: 0.995 Loaded shared library c:\Users\so-u\.vscode\extensions\redhat.java-1.26.0-win32-x64\jre\17.0.9-win32-x86_64\bin\zip.dll
Event: 1.008 Loaded shared library C:\Users\so-u\.vscode\extensions\redhat.java-1.26.0-win32-x64\jre\17.0.9-win32-x86_64\bin\instrument.dll
Event: 1.025 Loaded shared library C:\Users\so-u\.vscode\extensions\redhat.java-1.26.0-win32-x64\jre\17.0.9-win32-x86_64\bin\net.dll
Event: 1.029 Loaded shared library C:\Users\so-u\.vscode\extensions\redhat.java-1.26.0-win32-x64\jre\17.0.9-win32-x86_64\bin\nio.dll
Event: 1.038 Loaded shared library C:\Users\so-u\.vscode\extensions\redhat.java-1.26.0-win32-x64\jre\17.0.9-win32-x86_64\bin\zip.dll
Event: 1.082 Loaded shared library C:\Users\so-u\.vscode\extensions\redhat.java-1.26.0-win32-x64\jre\17.0.9-win32-x86_64\bin\jimage.dll
Event: 1.441 Loaded shared library c:\Users\so-u\.vscode\extensions\redhat.java-1.26.0-win32-x64\jre\17.0.9-win32-x86_64\bin\verify.dll

Deoptimization events (20 events):
Event: 5.624 Thread 0x000002582e6c7170 Uncommon trap: trap_request=0xffffffde fr.pc=0x000002583a65ebc0 relative=0x0000000000000940
Event: 5.624 Thread 0x000002582e6c7170 Uncommon trap: reason=class_check action=maybe_recompile pc=0x000002583a65ebc0 method=java.util.HashMap.putVal(ILjava/lang/Object;Ljava/lang/Object;ZZ)Ljava/lang/Object; @ 253 c2
Event: 5.624 Thread 0x000002582e6c7170 DEOPT PACKING pc=0x000002583a65ebc0 sp=0x0000008a5abfe040
Event: 5.624 Thread 0x000002582e6c7170 DEOPT UNPACKING pc=0x000002583a0966a3 sp=0x0000008a5abfdf68 mode 2
Event: 5.640 Thread 0x000002582e6c7170 Uncommon trap: trap_request=0xffffffde fr.pc=0x000002583a65ebc0 relative=0x0000000000000940
Event: 5.640 Thread 0x000002582e6c7170 Uncommon trap: reason=class_check action=maybe_recompile pc=0x000002583a65ebc0 method=java.util.HashMap.putVal(ILjava/lang/Object;Ljava/lang/Object;ZZ)Ljava/lang/Object; @ 253 c2
Event: 5.640 Thread 0x000002582e6c7170 DEOPT PACKING pc=0x000002583a65ebc0 sp=0x0000008a5abfe040
Event: 5.640 Thread 0x000002582e6c7170 DEOPT UNPACKING pc=0x000002583a0966a3 sp=0x0000008a5abfdf68 mode 2
Event: 5.642 Thread 0x000002582e6c7170 Uncommon trap: trap_request=0xffffffde fr.pc=0x000002583a65ebc0 relative=0x0000000000000940
Event: 5.642 Thread 0x000002582e6c7170 Uncommon trap: reason=class_check action=maybe_recompile pc=0x000002583a65ebc0 method=java.util.HashMap.putVal(ILjava/lang/Object;Ljava/lang/Object;ZZ)Ljava/lang/Object; @ 253 c2
Event: 5.642 Thread 0x000002582e6c7170 DEOPT PACKING pc=0x000002583a65ebc0 sp=0x0000008a5abfdf40
Event: 5.642 Thread 0x000002582e6c7170 DEOPT UNPACKING pc=0x000002583a0966a3 sp=0x0000008a5abfde68 mode 2
Event: 5.658 Thread 0x000002582e6c7170 Uncommon trap: trap_request=0xffffffde fr.pc=0x000002583a65ebc0 relative=0x0000000000000940
Event: 5.658 Thread 0x000002582e6c7170 Uncommon trap: reason=class_check action=maybe_recompile pc=0x000002583a65ebc0 method=java.util.HashMap.putVal(ILjava/lang/Object;Ljava/lang/Object;ZZ)Ljava/lang/Object; @ 253 c2
Event: 5.658 Thread 0x000002582e6c7170 DEOPT PACKING pc=0x000002583a65ebc0 sp=0x0000008a5abfdfb0
Event: 5.658 Thread 0x000002582e6c7170 DEOPT UNPACKING pc=0x000002583a0966a3 sp=0x0000008a5abfded8 mode 2
Event: 5.658 Thread 0x000002582e6c7170 Uncommon trap: trap_request=0xffffffde fr.pc=0x000002583a5ebe3c relative=0x00000000000003dc
Event: 5.658 Thread 0x000002582e6c7170 Uncommon trap: reason=class_check action=maybe_recompile pc=0x000002583a5ebe3c method=java.util.HashMap.putVal(ILjava/lang/Object;Ljava/lang/Object;ZZ)Ljava/lang/Object; @ 253 c2
Event: 5.659 Thread 0x000002582e6c7170 DEOPT PACKING pc=0x000002583a5ebe3c sp=0x0000008a5abfdf30
Event: 5.659 Thread 0x000002582e6c7170 DEOPT UNPACKING pc=0x000002583a0966a3 sp=0x0000008a5abfded0 mode 2

Classes unloaded (0 events):
No events

Classes redefined (0 events):
No events

Internal exceptions (20 events):
Event: 2.313 Thread 0x000002582e6c7170 Exception <a 'java/io/FileNotFoundException'{0x00000000eb896b00}> (0x00000000eb896b00) 
thrown [s\src\hotspot\share\prims\jni.cpp, line 516]
Event: 2.314 Thread 0x000002582e6c7170 Exception <a 'java/io/FileNotFoundException'{0x00000000eb897b58}> (0x00000000eb897b58) 
thrown [s\src\hotspot\share\prims\jni.cpp, line 516]
Event: 2.314 Thread 0x000002582e6c7170 Exception <a 'java/io/FileNotFoundException'{0x00000000eb898b80}> (0x00000000eb898b80) 
thrown [s\src\hotspot\share\prims\jni.cpp, line 516]
Event: 2.328 Thread 0x000002582e6c7170 Exception <a 'java/io/FileNotFoundException'{0x00000000eb8d1cd0}> (0x00000000eb8d1cd0) 
thrown [s\src\hotspot\share\prims\jni.cpp, line 516]
Event: 2.748 Thread 0x000002582e6c7170 Exception <a 'java/lang/ClassNotFoundException'{0x00000000ec0cf6c8}: sun/net/www/protocol/c/Handler> (0x00000000ec0cf6c8) 
thrown [s\src\hotspot\share\classfile\systemDictionary.cpp, line 256]
Event: 2.748 Thread 0x000002582e6c7170 Exception <a 'java/lang/ClassNotFoundException'{0x00000000ec0d0ac0}: sun/net/www/protocol/c/Handler> (0x00000000ec0d0ac0) 
thrown [s\src\hotspot\share\classfile\systemDictionary.cpp, line 256]
Event: 2.749 Thread 0x000002582e6c7170 Exception <a 'java/lang/ClassNotFoundException'{0x00000000ec0d1ea0}: sun/net/www/protocol/c/Handler> (0x00000000ec0d1ea0) 
thrown [s\src\hotspot\share\classfile\systemDictionary.cpp, line 256]
Event: 2.767 Thread 0x000002582e6c7170 Exception <a 'java/io/FileNotFoundException'{0x00000000ec0f8cf8}> (0x00000000ec0f8cf8) 
thrown [s\src\hotspot\share\prims\jni.cpp, line 516]
Event: 3.021 Thread 0x000002582e6c7170 Implicit null exception at 0x000002583a624ebb to 0x000002583a6257b8
Event: 3.021 Thread 0x000002582e6c7170 Implicit null exception at 0x000002583a62b5ec to 0x000002583a62b7c4
Event: 3.021 Thread 0x000002582e6c7170 Implicit null exception at 0x000002583a623c8e to 0x000002583a623ec8
Event: 3.021 Thread 0x000002582e6c7170 Implicit null exception at 0x000002583a62608f to 0x000002583a626105
Event: 3.380 Thread 0x000002582e6c7170 Exception <a 'java/lang/NoSuchMethodError'{0x00000000ec3c4128}: 'int java.lang.invoke.DirectMethodHandle$Holder.invokeStaticInit(java.lang.Object, java.lang.Object, java.lang.Object, java.lang.Object)'> (0x00000000ec3c4128) 
thrown [s\src\hotspot\share\interpreter\linkResolver.cpp, line 759]
Event: 3.382 Thread 0x000002582e6c7170 Exception <a 'java/lang/NoSuchMethodError'{0x00000000ec3ce798}: 'java.lang.Object java.lang.invoke.DirectMethodHandle$Holder.invokeInterface(java.lang.Object, java.lang.Object)'> (0x00000000ec3ce798) 
thrown [s\src\hotspot\share\interpreter\linkResolver.cpp, line 759]
Event: 3.383 Thread 0x000002582e6c7170 Exception <a 'java/lang/IncompatibleClassChangeError'{0x00000000ec3d1f90}: Found class java.lang.Object, but interface was expected> (0x00000000ec3d1f90) 
thrown [s\src\hotspot\share\interpreter\linkResolver.cpp, line 826]
Event: 3.391 Thread 0x000002582e6c7170 Exception <a 'java/lang/NoSuchMethodError'{0x00000000ec3d6480}: 'void java.lang.invoke.DirectMethodHandle$Holder.invokeStatic(java.lang.Object, java.lang.Object)'> (0x00000000ec3d6480) 
thrown [s\src\hotspot\share\interpreter\linkResolver.cpp, line 759]
Event: 3.394 Thread 0x000002582e6c7170 Exception <a 'java/lang/NoSuchMethodError'{0x00000000ec3d9c80}: 'void java.lang.invoke.DirectMethodHandle$Holder.invokeStaticInit(java.lang.Object, java.lang.Object)'> (0x00000000ec3d9c80) 
thrown [s\src\hotspot\share\interpreter\linkResolver.cpp, line 759]
Event: 3.396 Thread 0x000002582e6c7170 Exception <a 'java/lang/NoSuchMethodError'{0x00000000ec3e1070}: 'int java.lang.invoke.DirectMethodHandle$Holder.invokeStaticInit(java.lang.Object, java.lang.Object)'> (0x00000000ec3e1070) 
thrown [s\src\hotspot\share\interpreter\linkResolver.cpp, line 759]
Event: 3.614 Thread 0x000002582e6c7170 Exception <a 'java/lang/NoSuchMethodError'{0x00000000eac6a108}: 'void java.lang.invoke.DirectMethodHandle$Holder.invokeSpecial(java.lang.Object, java.lang.Object, java.lang.Object)'> (0x00000000eac6a108) 
thrown [s\src\hotspot\share\interpreter\linkResolver.cpp, line 759]
Event: 5.517 Thread 0x000002582e6c7170 Exception <a 'java/lang/NoSuchMethodError'{0x00000000eb9cfbf8}: 'java.lang.Object java.lang.invoke.DirectMethodHandle$Holder.newInvokeSpecial(java.lang.Object, int, java.lang.Object)'> (0x00000000eb9cfbf8) 
thrown [s\src\hotspot\share\interpreter\linkResolver.cpp, line 759]

VM Operations (20 events):
Event: 2.121 Executing VM operation: Cleanup
Event: 2.121 Executing VM operation: Cleanup done
Event: 2.271 Executing VM operation: HandshakeAllThreads
Event: 2.271 Executing VM operation: HandshakeAllThreads done
Event: 2.294 Executing VM operation: HandshakeAllThreads
Event: 2.294 Executing VM operation: HandshakeAllThreads done
Event: 2.649 Executing VM operation: HandshakeAllThreads
Event: 2.649 Executing VM operation: HandshakeAllThreads done
Event: 3.403 Executing VM operation: ParallelGCFailedAllocation
Event: 3.515 Executing VM operation: ParallelGCFailedAllocation done
Event: 4.516 Executing VM operation: Cleanup
Event: 4.516 Executing VM operation: Cleanup done
Event: 5.178 Executing VM operation: HandshakeAllThreads
Event: 5.194 Executing VM operation: HandshakeAllThreads done
Event: 5.196 Executing VM operation: HandshakeAllThreads
Event: 5.196 Executing VM operation: HandshakeAllThreads done
Event: 5.212 Executing VM operation: HandshakeAllThreads
Event: 5.212 Executing VM operation: HandshakeAllThreads done
Event: 5.298 Executing VM operation: HandshakeAllThreads
Event: 5.298 Executing VM operation: HandshakeAllThreads done

Events (20 events):
Event: 5.660 loading class java/net/ContentHandlerFactory
Event: 5.660 loading class java/net/ContentHandlerFactory done
Event: 5.683 loading class java/net/ContentHandler
Event: 5.683 loading class java/net/ContentHandler done
Event: 5.705 loading class javax/xml/parsers/ParserConfigurationException
Event: 5.705 loading class javax/xml/parsers/ParserConfigurationException done
Event: 5.710 loading class java/security/KeyStoreException
Event: 5.710 loading class java/security/KeyStoreException done
Event: 6.096 loading class java/util/LinkedList$Node
Event: 6.096 loading class java/util/LinkedList$Node done
Event: 6.096 loading class java/util/LinkedList$ListItr
Event: 6.097 loading class java/util/LinkedList$ListItr done
Event: 6.250 loading class sun/nio/fs/WindowsChannelFactory
Event: 6.250 loading class sun/nio/fs/WindowsChannelFactory done
Event: 6.250 loading class sun/nio/fs/WindowsChannelFactory$1
Event: 6.250 loading class sun/nio/fs/WindowsChannelFactory$1 done
Event: 6.250 loading class sun/nio/fs/WindowsChannelFactory$Flags
Event: 6.250 loading class sun/nio/fs/WindowsChannelFactory$Flags done
Event: 6.251 loading class sun/nio/ch/FileChannelImpl$Closer
Event: 6.251 loading class sun/nio/ch/FileChannelImpl$Closer done


Dynamic libraries:
0x00007ff6a2170000 - 0x00007ff6a217e000 	c:\Users\so-u\.vscode\extensions\redhat.java-1.26.0-win32-x64\jre\17.0.9-win32-x86_64\bin\java.exe
0x00007ffc466f0000 - 0x00007ffc46907000 	C:\WINDOWS\SYSTEM32\ntdll.dll
0x00007ffc44c90000 - 0x00007ffc44d54000 	C:\WINDOWS\System32\KERNEL32.DLL
0x00007ffc43f70000 - 0x00007ffc44316000 	C:\WINDOWS\System32\KERNELBASE.dll
0x00007ffc40f00000 - 0x00007ffc40f97000 	C:\WINDOWS\SYSTEM32\apphelp.dll
0x00007ffc44320000 - 0x00007ffc44431000 	C:\WINDOWS\System32\ucrtbase.dll
0x00007ffc283c0000 - 0x00007ffc283d7000 	c:\Users\so-u\.vscode\extensions\redhat.java-1.26.0-win32-x64\jre\17.0.9-win32-x86_64\bin\jli.dll
0x00007ffc45c10000 - 0x00007ffc45dbe000 	C:\WINDOWS\System32\USER32.dll
0x00007ffc43ce0000 - 0x00007ffc43d06000 	C:\WINDOWS\System32\win32u.dll
0x00007ffc445e0000 - 0x00007ffc44609000 	C:\WINDOWS\System32\GDI32.dll
0x00007ffc43d10000 - 0x00007ffc43e28000 	C:\WINDOWS\System32\gdi32full.dll
0x00007ffc43e30000 - 0x00007ffc43eca000 	C:\WINDOWS\System32\msvcp_win.dll
0x00007ffc34800000 - 0x00007ffc3481b000 	c:\Users\so-u\.vscode\extensions\redhat.java-1.26.0-win32-x64\jre\17.0.9-win32-x86_64\bin\VCRUNTIME140.dll
0x00007ffc31c60000 - 0x00007ffc31ef3000 	C:\WINDOWS\WinSxS\amd64_microsoft.windows.common-controls_6595b64144ccf1df_6.0.22621.2506_none_270c5ae97388e100\COMCTL32.dll
0x00007ffc46160000 - 0x00007ffc46207000 	C:\WINDOWS\System32\msvcrt.dll
0x00007ffc44b70000 - 0x00007ffc44ba1000 	C:\WINDOWS\System32\IMM32.DLL
0x00007ffc3ad10000 - 0x00007ffc3ad1c000 	c:\Users\so-u\.vscode\extensions\redhat.java-1.26.0-win32-x64\jre\17.0.9-win32-x86_64\bin\vcruntime140_1.dll
0x00007ffc0d8a0000 - 0x00007ffc0d92d000 	c:\Users\so-u\.vscode\extensions\redhat.java-1.26.0-win32-x64\jre\17.0.9-win32-x86_64\bin\msvcp140.dll
0x00007ffbba4d0000 - 0x00007ffbbb131000 	c:\Users\so-u\.vscode\extensions\redhat.java-1.26.0-win32-x64\jre\17.0.9-win32-x86_64\bin\server\jvm.dll
0x00007ffc46210000 - 0x00007ffc462c3000 	C:\WINDOWS\System32\ADVAPI32.dll
0x00007ffc451e0000 - 0x00007ffc45288000 	C:\WINDOWS\System32\sechost.dll
0x00007ffc43f40000 - 0x00007ffc43f68000 	C:\WINDOWS\System32\bcrypt.dll
0x00007ffc45290000 - 0x00007ffc453a7000 	C:\WINDOWS\System32\RPCRT4.dll
0x00007ffc43900000 - 0x00007ffc4394d000 	C:\WINDOWS\SYSTEM32\POWRPROF.dll
0x00007ffc12040000 - 0x00007ffc12049000 	C:\WINDOWS\SYSTEM32\WSOCK32.dll
0x00007ffc44560000 - 0x00007ffc445d1000 	C:\WINDOWS\System32\WS2_32.dll
0x00007ffc3cfd0000 - 0x00007ffc3d004000 	C:\WINDOWS\SYSTEM32\WINMM.dll
0x00007ffc39780000 - 0x00007ffc3978a000 	C:\WINDOWS\SYSTEM32\VERSION.dll
0x00007ffc438e0000 - 0x00007ffc438f3000 	C:\WINDOWS\SYSTEM32\UMPDC.dll
0x00007ffc42a60000 - 0x00007ffc42a78000 	C:\WINDOWS\SYSTEM32\kernel.appcore.dll
0x00007ffc3a710000 - 0x00007ffc3a71a000 	c:\Users\so-u\.vscode\extensions\redhat.java-1.26.0-win32-x64\jre\17.0.9-win32-x86_64\bin\jimage.dll
0x00007ffc3ba70000 - 0x00007ffc3bca3000 	C:\WINDOWS\SYSTEM32\DBGHELP.DLL
0x00007ffc462d0000 - 0x00007ffc46659000 	C:\WINDOWS\System32\combase.dll
0x00007ffc44bb0000 - 0x00007ffc44c87000 	C:\WINDOWS\System32\OLEAUT32.dll
0x00007ffc3b120000 - 0x00007ffc3b152000 	C:\WINDOWS\SYSTEM32\dbgcore.DLL
0x00007ffc43a30000 - 0x00007ffc43aaa000 	C:\WINDOWS\System32\bcryptPrimitives.dll
0x00007ffc3a690000 - 0x00007ffc3a69e000 	c:\Users\so-u\.vscode\extensions\redhat.java-1.26.0-win32-x64\jre\17.0.9-win32-x86_64\bin\instrument.dll
0x00007ffc21b70000 - 0x00007ffc21b95000 	c:\Users\so-u\.vscode\extensions\redhat.java-1.26.0-win32-x64\jre\17.0.9-win32-x86_64\bin\java.dll
0x00007ffc24ba0000 - 0x00007ffc24bb8000 	c:\Users\so-u\.vscode\extensions\redhat.java-1.26.0-win32-x64\jre\17.0.9-win32-x86_64\bin\zip.dll
0x00007ffc453b0000 - 0x00007ffc45c0a000 	C:\WINDOWS\System32\SHELL32.dll
0x00007ffc41980000 - 0x00007ffc42276000 	C:\WINDOWS\SYSTEM32\windows.storage.dll
0x00007ffc41840000 - 0x00007ffc4197e000 	C:\WINDOWS\SYSTEM32\wintypes.dll
0x00007ffc449f0000 - 0x00007ffc44ae3000 	C:\WINDOWS\System32\SHCORE.dll
0x00007ffc45df0000 - 0x00007ffc45e4e000 	C:\WINDOWS\System32\shlwapi.dll
0x00007ffc43960000 - 0x00007ffc43986000 	C:\WINDOWS\SYSTEM32\profapi.dll
0x00007ffc25f40000 - 0x00007ffc25f59000 	C:\Users\so-u\.vscode\extensions\redhat.java-1.26.0-win32-x64\jre\17.0.9-win32-x86_64\bin\net.dll
0x00007ffc3da20000 - 0x00007ffc3db57000 	C:\WINDOWS\SYSTEM32\WINHTTP.dll
0x00007ffc42ee0000 - 0x00007ffc42f49000 	C:\WINDOWS\system32\mswsock.dll
0x00007ffc232a0000 - 0x00007ffc232b6000 	C:\Users\so-u\.vscode\extensions\redhat.java-1.26.0-win32-x64\jre\17.0.9-win32-x86_64\bin\nio.dll
0x00007ffc3a480000 - 0x00007ffc3a490000 	c:\Users\so-u\.vscode\extensions\redhat.java-1.26.0-win32-x64\jre\17.0.9-win32-x86_64\bin\verify.dll

dbghelp: loaded successfully - version: 4.0.5 - missing functions: none
symbol engine: initialized successfully - sym options: 0x614 - pdb path: .;c:\Users\so-u\.vscode\extensions\redhat.java-1.26.0-win32-x64\jre\17.0.9-win32-x86_64\bin;C:\WINDOWS\SYSTEM32;C:\WINDOWS\WinSxS\amd64_microsoft.windows.common-controls_6595b64144ccf1df_6.0.22621.2506_none_270c5ae97388e100;c:\Users\so-u\.vscode\extensions\redhat.java-1.26.0-win32-x64\jre\17.0.9-win32-x86_64\bin\server

VM Arguments:
jvm_args: --add-modules=ALL-SYSTEM --add-opens=java.base/java.util=ALL-UNNAMED --add-opens=java.base/java.lang=ALL-UNNAMED --add-opens=java.base/sun.nio.fs=ALL-UNNAMED -Declipse.application=org.eclipse.jdt.ls.core.id1 -Dosgi.bundles.defaultStartLevel=4 -Declipse.product=org.eclipse.jdt.ls.core.product -Djava.import.generatesMetadataFilesAtProjectRoot=false -DDetectVMInstallationsJob.disabled=true -Dfile.encoding=utf8 -XX:+UseParallelGC -XX:GCTimeRatio=4 -XX:AdaptiveSizePolicyWeight=90 -Dsun.zip.disableMemoryMapping=true -Xmx1G -Xms100m -Xlog:disable -javaagent:c:\Users\so-u\.vscode\extensions\redhat.java-1.26.0-win32-x64\lombok\lombok-1.18.31-3454.jar -XX:+HeapDumpOnOutOfMemoryError -XX:HeapDumpPath=c:\Users\so-u\AppData\Roaming\Code\User\workspaceStorage\5e595132d2747ca74a5c2523b199d736\redhat.java -Daether.dependencyCollector.impl=bf 
java_command: c:\Users\so-u\.vscode\extensions\redhat.java-1.26.0-win32-x64\server\plugins\org.eclipse.equinox.launcher_1.6.700.v20231214-2017.jar -configuration c:\Users\so-u\AppData\Roaming\Code\User\globalStorage\redhat.java\1.26.0\config_win -data c:\Users\so-u\AppData\Roaming\Code\User\workspaceStorage\5e595132d2747ca74a5c2523b199d736\redhat.java\jdt_ws --stdio
java_class_path (initial): c:\Users\so-u\.vscode\extensions\redhat.java-1.26.0-win32-x64\server\plugins\org.eclipse.equinox.launcher_1.6.700.v20231214-2017.jar
Launcher Type: SUN_STANDARD

[Global flags]
    uintx AdaptiveSizePolicyWeight                 = 90                                        {product} {command line}
     intx CICompilerCount                          = 3                                         {product} {ergonomic}
    uintx GCTimeRatio                              = 4                                         {product} {command line}
     bool HeapDumpOnOutOfMemoryError               = true                                   {manageable} {command line}
    ccstr HeapDumpPath                             = c:\Users\so-u\AppData\Roaming\Code\User\workspaceStorage\5e595132d2747ca74a5c2523b199d736\redhat.java         {manageable} {command line}
   size_t InitialHeapSize                          = 104857600                                 {product} {command line}
   size_t MaxHeapSize                              = 1073741824                                {product} {command line}
   size_t MaxNewSize                               = 357564416                                 {product} {ergonomic}
   size_t MinHeapDeltaBytes                        = 524288                                    {product} {ergonomic}
   size_t MinHeapSize                              = 104857600                                 {product} {command line}
   size_t NewSize                                  = 34603008                                  {product} {ergonomic}
    uintx NonNMethodCodeHeapSize                   = 5832780                                {pd product} {ergonomic}
    uintx NonProfiledCodeHeapSize                  = 122912730                              {pd product} {ergonomic}
   size_t OldSize                                  = 70254592                                  {product} {ergonomic}
    uintx ProfiledCodeHeapSize                     = 122912730                              {pd product} {ergonomic}
    uintx ReservedCodeCacheSize                    = 251658240                              {pd product} {ergonomic}
     bool SegmentedCodeCache                       = true                                      {product} {ergonomic}
   size_t SoftMaxHeapSize                          = 1073741824                             {manageable} {ergonomic}
     bool UseCompressedClassPointers               = true                           {product lp64_product} {ergonomic}
     bool UseCompressedOops                        = true                           {product lp64_product} {ergonomic}
     bool UseLargePagesIndividualAllocation        = false                                  {pd product} {ergonomic}
     bool UseParallelGC                            = true                                      {product} {command line}

Logging:
Log output configuration:
 #0: stdout all=off uptime,level,tags
 #1: stderr all=off uptime,level,tags

Environment Variables:
PATH=C:\Program Files\Common Files\Oracle\Java\javapath;C:\WINDOWS\system32;C:\WINDOWS;C:\WINDOWS\System32\Wbem;C:\WINDOWS\System32\WindowsPowerShell\v1.0\;C:\WINDOWS\System32\OpenSSH\;C:\MinGW\bin;C:\Program Files\Bandizip\;C:\R\rtools40\usr\bin;C:\Program Files\Git\cmd;C:\Program Files\nodejs\;C:\Program Files\MariaDB 11.4\bin;C:\Users\so-u\AppData\Local\Programs\Python\Python310\Scripts\;C:\Users\so-u\AppData\Local\Programs\Python\Python310\;C:\Users\so-u\AppData\Local\Microsoft\WindowsApps;C:\MinGW\bin;C:\Users\so-u\AppData\Local\Programs\Microsoft VS Code\bin;C:\R\rtools40\usr\bin;C:\Users\so-u\AppData\Local\GitHubDesktop\bin;C:\Users\so-u\AppData\Roaming\npm;C:\Program Files\MariaDB 11.4\bin;
USERNAME=so-u
OS=Windows_NT
PROCESSOR_IDENTIFIER=AMD64 Family 23 Model 96 Stepping 1, AuthenticAMD
TMP=C:\Users\so-u\AppData\Local\Temp
TEMP=C:\Users\so-u\AppData\Local\Temp



Periodic native trim disabled


---------------  S Y S T E M  ---------------

OS:
 Windows 11 , 64 bit Build 22621 (10.0.22621.2506)
OS uptime: 13 days 13:48 hours

CPU: total 6 (initial active 6) (6 cores per cpu, 1 threads per core) family 23 model 96 stepping 1 microcode 0x0, cx8, cmov, fxsr, mmx, 3dnowpref, sse, sse2, sse3, ssse3, sse4a, sse4.1, sse4.2, popcnt, lzcnt, tsc, tscinvbit, avx, avx2, aes, clmul, bmi1, bmi2, adx, sha, fma, vzeroupper, clflush, clflushopt
Processor Information for all 6 processors :
  Max Mhz: 2375, Current Mhz: 2375, Mhz Limit: 2375

Memory: 4k page, system-wide physical 7549M (335M free)
TotalPageFile size 31101M (AvailPageFile size 79M)
current process WorkingSet (physical memory assigned to process): 84M, peak: 84M
current process commit charge ("private bytes"): 197M, peak: 197M

vm_info: OpenJDK 64-Bit Server VM (17.0.9+9) for windows-amd64 JRE (17.0.9+9), built on Oct 26 2023 14:01:42 by "admin" with MS VC++ 16.10 / 16.11 (VS2019)

END.
