#
# There is insufficient memory for the Java Runtime Environment to continue.
# Native memory allocation (malloc) failed to allocate 387920 bytes for Chunk::new
# Possible reasons:
#   The system is out of physical RAM or swap space
#   The process is running with CompressedOops enabled, and the Java Heap may be blocking the growth of the native heap
# Possible solutions:
#   Reduce memory load on the system
#   Increase physical memory or swap space
#   Check if swap backing store is full
#   Decrease Java heap size (-Xmx/-Xms)
#   Decrease number of Java threads
#   Decrease Java thread stack sizes (-Xss)
#   Set larger code cache with -XX:ReservedCodeCacheSize=
#   JVM is running with Unscaled Compressed Oops mode in which the Java heap is
#     placed in the first 4GB address space. The Java Heap base address is the
#     maximum limit for the native heap growth. Please use -XX:HeapBaseMinAddress
#     to set the Java Heap base and to place the Java Heap above 4GB virtual address.
# This output file may be truncated or incomplete.
#
#  Out of Memory Error (arena.cpp:191), pid=29160, tid=29348
#
# JRE version: OpenJDK Runtime Environment Temurin-17.0.9+9 (17.0.9+9) (build 17.0.9+9)
# Java VM: OpenJDK 64-Bit Server VM Temurin-17.0.9+9 (17.0.9+9, mixed mode, tiered, compressed oops, compressed class ptrs, parallel gc, windows-amd64)
# No core dump will be written. Minidumps are not enabled by default on client versions of Windows
#

---------------  S U M M A R Y ------------

Command Line: --add-modules=ALL-SYSTEM --add-opens=java.base/java.util=ALL-UNNAMED --add-opens=java.base/java.lang=ALL-UNNAMED --add-opens=java.base/sun.nio.fs=ALL-UNNAMED -Declipse.application=org.eclipse.jdt.ls.core.id1 -Dosgi.bundles.defaultStartLevel=4 -Declipse.product=org.eclipse.jdt.ls.core.product -Djava.import.generatesMetadataFilesAtProjectRoot=false -DDetectVMInstallationsJob.disabled=true -Dfile.encoding=utf8 -XX:+UseParallelGC -XX:GCTimeRatio=4 -XX:AdaptiveSizePolicyWeight=90 -Dsun.zip.disableMemoryMapping=true -Xmx1G -Xms100m -Xlog:disable -javaagent:c:\Users\so-u\.vscode\extensions\redhat.java-1.26.0-win32-x64\lombok\lombok-1.18.31-3454.jar c:\Users\so-u\.vscode\extensions\redhat.java-1.26.0-win32-x64\server\plugins\org.eclipse.equinox.launcher_1.6.700.v20231214-2017.jar -configuration c:\Users\so-u\AppData\Roaming\Code\User\globalStorage\redhat.java\1.26.0\config_ss_win -data c:\Users\so-u\AppData\Roaming\Code\User\workspaceStorage\5e595132d2747ca74a5c2523b199d736\redhat.java\ss_ws --stdio

Host: AMD Ryzen 5 4500U with Radeon Graphics         , 6 cores, 7G,  Windows 11 , 64 bit Build 22621 (10.0.22621.2506)
Time: Mon Jan 29 18:25:04 2024  Windows 11 , 64 bit Build 22621 (10.0.22621.2506) elapsed time: 3.069609 seconds (0d 0h 0m 3s)

---------------  T H R E A D  ---------------

Current thread (0x00000118a0b07d20):  JavaThread "C2 CompilerThread0" daemon [_thread_in_native, id=29348, stack(0x00000017fe200000,0x00000017fe300000)]


Current CompileTask:
C2:   3069 1088       4       lombok.launch.PackageShader::apply (252 bytes)

Stack: [0x00000017fe200000,0x00000017fe300000]
Native frames: (J=compiled Java code, j=interpreted, Vv=VM code, C=native code)
V  [jvm.dll+0x67cf49]
V  [jvm.dll+0x83478a]
V  [jvm.dll+0x83624e]
V  [jvm.dll+0x8368b3]
V  [jvm.dll+0x247f1f]
V  [jvm.dll+0xac43c]
V  [jvm.dll+0xaca8c]
V  [jvm.dll+0x367067]
V  [jvm.dll+0x3313ba]
V  [jvm.dll+0x33085a]
V  [jvm.dll+0x21a5b1]
V  [jvm.dll+0x2199d1]
V  [jvm.dll+0x1a57cd]
V  [jvm.dll+0x2297ae]
V  [jvm.dll+0x22797c]
V  [jvm.dll+0x7e9877]
V  [jvm.dll+0x7e3c3a]
V  [jvm.dll+0x67be35]
C  [ucrtbase.dll+0x29363]
C  [KERNEL32.DLL+0x1257d]
C  [ntdll.dll+0x5aa58]


---------------  P R O C E S S  ---------------

Threads class SMR info:
_java_thread_list=0x00000118a0e34150, length=12, elements={
0x0000011887546c20, 0x00000118a0ac33c0, 0x000001189b3ac5b0, 0x00000118a0b02010,
0x00000118a0b02ca0, 0x00000118a0b05840, 0x00000118a0b07120, 0x00000118a0b07d20,
0x00000118a0b6e8f0, 0x00000118a0b71dd0, 0x00000118a0c71220, 0x00000118a0e14590
}

Java Threads: ( => current thread )
  0x0000011887546c20 JavaThread "main" [_thread_in_native, id=16888, stack(0x00000017fd800000,0x00000017fd900000)]
  0x00000118a0ac33c0 JavaThread "Reference Handler" daemon [_thread_blocked, id=40016, stack(0x00000017fdc00000,0x00000017fdd00000)]
  0x000001189b3ac5b0 JavaThread "Finalizer" daemon [_thread_blocked, id=29912, stack(0x00000017fdd00000,0x00000017fde00000)]
  0x00000118a0b02010 JavaThread "Signal Dispatcher" daemon [_thread_blocked, id=29300, stack(0x00000017fde00000,0x00000017fdf00000)]
  0x00000118a0b02ca0 JavaThread "Attach Listener" daemon [_thread_blocked, id=35228, stack(0x00000017fdf00000,0x00000017fe000000)]
  0x00000118a0b05840 JavaThread "Service Thread" daemon [_thread_blocked, id=37372, stack(0x00000017fe000000,0x00000017fe100000)]
  0x00000118a0b07120 JavaThread "Monitor Deflation Thread" daemon [_thread_blocked, id=21744, stack(0x00000017fe100000,0x00000017fe200000)]
=>0x00000118a0b07d20 JavaThread "C2 CompilerThread0" daemon [_thread_in_native, id=29348, stack(0x00000017fe200000,0x00000017fe300000)]
  0x00000118a0b6e8f0 JavaThread "C1 CompilerThread0" daemon [_thread_blocked, id=31776, stack(0x00000017fe300000,0x00000017fe400000)]
  0x00000118a0b71dd0 JavaThread "Sweeper thread" daemon [_thread_blocked, id=31144, stack(0x00000017fe400000,0x00000017fe500000)]
  0x00000118a0c71220 JavaThread "Common-Cleaner" daemon [_thread_blocked, id=39896, stack(0x00000017fe500000,0x00000017fe600000)]
  0x00000118a0e14590 JavaThread "Notification Thread" daemon [_thread_blocked, id=39884, stack(0x00000017fe600000,0x00000017fe700000)]

Other Threads:
  0x00000118875dec20 VMThread "VM Thread" [stack: 0x00000017fdb00000,0x00000017fdc00000] [id=27944]
  0x00000118a0e2c350 WatcherThread [stack: 0x00000017fe700000,0x00000017fe800000] [id=14180]
  0x0000011887559dc0 GCTaskThread "GC Thread#0" [stack: 0x00000017fda00000,0x00000017fdb00000] [id=32124]
  0x00000118a155a150 GCTaskThread "GC Thread#1" [stack: 0x00000017fe800000,0x00000017fe900000] [id=42536]
  0x00000118a11c9070 GCTaskThread "GC Thread#2" [stack: 0x00000017fe900000,0x00000017fea00000] [id=19536]
  0x00000118a124f250 GCTaskThread "GC Thread#3" [stack: 0x00000017fea00000,0x00000017feb00000] [id=38788]
  0x00000118a124f510 GCTaskThread "GC Thread#4" [stack: 0x00000017feb00000,0x00000017fec00000] [id=3356]
  0x00000118a125a0a0 GCTaskThread "GC Thread#5" [stack: 0x00000017fec00000,0x00000017fed00000] [id=33984]

Threads with active compile tasks:
C2 CompilerThread0     3092 1088       4       lombok.launch.PackageShader::apply (252 bytes)

VM state: not at safepoint (normal execution)

VM Mutex/Monitor currently owned by a thread: None

Heap address: 0x00000000c0000000, size: 1024 MB, Compressed Oops mode: 32-bit

CDS archive(s) not mapped
Compressed class space mapped at: 0x0000000100000000-0x0000000140000000, reserved size: 1073741824
Narrow klass base: 0x0000000000000000, Narrow klass shift: 3, Narrow klass range: 0x140000000

GC Precious Log:
 CPUs: 6 total, 6 available
 Memory: 7549M
 Large Page Support: Disabled
 NUMA Support: Disabled
 Compressed Oops: Enabled (32-bit)
 Alignments: Space 512K, Generation 512K, Heap 2M
 Heap Min Capacity: 100M
 Heap Initial Capacity: 100M
 Heap Max Capacity: 1G
 Pre-touch: Disabled
 Parallel Workers: 6

Heap:
 PSYoungGen      total 29696K, used 8801K [0x00000000eab00000, 0x00000000ecc00000, 0x0000000100000000)
  eden space 25600K, 21% used [0x00000000eab00000,0x00000000eb05d158,0x00000000ec400000)
  from space 4096K, 80% used [0x00000000ec400000,0x00000000ec73b680,0x00000000ec800000)
  to   space 4096K, 0% used [0x00000000ec800000,0x00000000ec800000,0x00000000ecc00000)
 ParOldGen       total 68608K, used 0K [0x00000000c0000000, 0x00000000c4300000, 0x00000000eab00000)
  object space 68608K, 0% used [0x00000000c0000000,0x00000000c0000000,0x00000000c4300000)
 Metaspace       used 11999K, committed 12096K, reserved 1114112K
  class space    used 1182K, committed 1216K, reserved 1048576K

Card table byte_map: [0x0000011886ec0000,0x00000118870d0000] _byte_map_base: 0x00000118868c0000

Marking Bits: (ParMarkBitMap*) 0x00007ffbbb06d0b0
 Begin Bits: [0x00000118991c0000, 0x000001189a1c0000)
 End Bits:   [0x000001189a1c0000, 0x000001189b1c0000)

Polling page: 0x00000118854a0000

Metaspace:

Usage:
  Non-class:     10.56 MB used.
      Class:      1.15 MB used.
       Both:     11.72 MB used.

Virtual space:
  Non-class space:       64.00 MB reserved,      10.62 MB ( 17%) committed,  1 nodes.
      Class space:        1.00 GB reserved,       1.19 MB ( <1%) committed,  1 nodes.
             Both:        1.06 GB reserved,      11.81 MB (  1%) committed. 

Chunk freelists:
   Non-Class:  4.52 MB
       Class:  14.62 MB
        Both:  19.14 MB

MaxMetaspaceSize: unlimited
CompressedClassSpaceSize: 1.00 GB
Initial GC threshold: 21.00 MB
Current GC threshold: 21.00 MB
CDS: off
MetaspaceReclaimPolicy: balanced
 - commit_granule_bytes: 65536.
 - commit_granule_words: 8192.
 - virtual_space_node_default_size: 8388608.
 - enlarge_chunks_in_place: 1.
 - new_chunks_are_fully_committed: 0.
 - uncommit_free_chunks: 1.
 - use_allocation_guard: 0.
 - handle_deallocations: 1.


Internal statistics:

num_allocs_failed_limit: 0.
num_arena_births: 30.
num_arena_deaths: 0.
num_vsnodes_births: 2.
num_vsnodes_deaths: 0.
num_space_committed: 189.
num_space_uncommitted: 0.
num_chunks_returned_to_freelist: 0.
num_chunks_taken_from_freelist: 135.
num_chunk_merges: 0.
num_chunk_splits: 90.
num_chunks_enlarged: 77.
num_inconsistent_stats: 0.

CodeHeap 'non-profiled nmethods': size=120000Kb used=418Kb max_used=418Kb free=119581Kb
 bounds [0x0000011891c90000, 0x0000011891f00000, 0x00000118991c0000]
CodeHeap 'profiled nmethods': size=120000Kb used=1929Kb max_used=1929Kb free=118070Kb
 bounds [0x000001188a1c0000, 0x000001188a430000, 0x00000118916f0000]
CodeHeap 'non-nmethods': size=5760Kb used=1146Kb max_used=1164Kb free=4613Kb
 bounds [0x00000118916f0000, 0x0000011891960000, 0x0000011891c90000]
 total_blobs=1533 nmethods=1091 adapters=357
 compilation: enabled
              stopped_count=0, restarted_count=0
 full_count=0

Compilation events (20 events):
Event: 3.015 Thread 0x00000118a0b6e8f0 1081       3       java.net.URL::toString (5 bytes)
Event: 3.015 Thread 0x00000118a0b6e8f0 nmethod 1081 0x000001188a398c90 code [0x000001188a398e40, 0x000001188a399068]
Event: 3.016 Thread 0x00000118a0b6e8f0 1082       3       sun.net.util.IPAddressUtil::checkHostString (54 bytes)
Event: 3.017 Thread 0x00000118a0b07d20 1083 %     4       lombok.launch.PackageShader::apply @ 154 (252 bytes)
Event: 3.017 Thread 0x00000118a0b6e8f0 nmethod 1082 0x000001188a399190 code [0x000001188a399440, 0x000001188a399fc8]
Event: 3.022 Thread 0x00000118a0b6e8f0 1084       3       org.lombokweb.asm.ClassReader::readUnsignedShort (26 bytes)
Event: 3.022 Thread 0x00000118a0b6e8f0 nmethod 1084 0x000001188a39a410 code [0x000001188a39a5a0, 0x000001188a39a718]
Event: 3.028 Thread 0x00000118a0b6e8f0 1085       3       java.lang.ClassLoader::defineClass (43 bytes)
Event: 3.028 Thread 0x00000118a0b6e8f0 nmethod 1085 0x000001188a39a810 code [0x000001188a39aa00, 0x000001188a39aef8]
Event: 3.028 Thread 0x00000118a0b6e8f0 1086       3       java.lang.ClassLoader::preDefineClass (118 bytes)
Event: 3.029 Thread 0x00000118a0b07d20 nmethod 1083% 0x0000011891cf7010 code [0x0000011891cf71e0, 0x0000011891cf7f78]
Event: 3.030 Thread 0x00000118a0b6e8f0 nmethod 1086 0x000001188a39b190 code [0x000001188a39b500, 0x000001188a39c7b8]
Event: 3.030 Thread 0x00000118a0b6e8f0 1087       3       java.lang.ClassLoader::getNamedPackage (73 bytes)
Event: 3.030 Thread 0x00000118a0b6e8f0 nmethod 1087 0x000001188a39ce90 code [0x000001188a39d080, 0x000001188a39d5c8]
Event: 3.031 Thread 0x00000118a0b07d20 1088       4       lombok.launch.PackageShader::apply (252 bytes)
Event: 3.060 Thread 0x00000118a0b6e8f0 1090       3       java.net.URI::quote (214 bytes)
Event: 3.061 Thread 0x00000118a0b6e8f0 nmethod 1090 0x000001188a39d790 code [0x000001188a39db60, 0x000001188a39f438]
Event: 3.064 Thread 0x00000118a0b6e8f0 1091       3       java.util.WeakHashMap::get (75 bytes)
Event: 3.065 Thread 0x00000118a0b6e8f0 nmethod 1091 0x000001188a39fe10 code [0x000001188a3a0040, 0x000001188a3a08d8]
Event: 3.065 Thread 0x00000118a0b6e8f0 1092       3       sun.net.util.URLUtil::urlNoFragString (114 bytes)

GC Heap History (2 events):
Event: 2.831 GC heap before
{Heap before GC invocations=1 (full 0):
 PSYoungGen      total 29696K, used 25600K [0x00000000eab00000, 0x00000000ecc00000, 0x0000000100000000)
  eden space 25600K, 100% used [0x00000000eab00000,0x00000000ec400000,0x00000000ec400000)
  from space 4096K, 0% used [0x00000000ec800000,0x00000000ec800000,0x00000000ecc00000)
  to   space 4096K, 0% used [0x00000000ec400000,0x00000000ec400000,0x00000000ec800000)
 ParOldGen       total 68608K, used 0K [0x00000000c0000000, 0x00000000c4300000, 0x00000000eab00000)
  object space 68608K, 0% used [0x00000000c0000000,0x00000000c0000000,0x00000000c4300000)
 Metaspace       used 11021K, committed 11200K, reserved 1114112K
  class space    used 1100K, committed 1216K, reserved 1048576K
}
Event: 2.873 GC heap after
{Heap after GC invocations=1 (full 0):
 PSYoungGen      total 29696K, used 3309K [0x00000000eab00000, 0x00000000ecc00000, 0x0000000100000000)
  eden space 25600K, 0% used [0x00000000eab00000,0x00000000eab00000,0x00000000ec400000)
  from space 4096K, 80% used [0x00000000ec400000,0x00000000ec73b680,0x00000000ec800000)
  to   space 4096K, 0% used [0x00000000ec800000,0x00000000ec800000,0x00000000ecc00000)
 ParOldGen       total 68608K, used 0K [0x00000000c0000000, 0x00000000c4300000, 0x00000000eab00000)
  object space 68608K, 0% used [0x00000000c0000000,0x00000000c0000000,0x00000000c4300000)
 Metaspace       used 11021K, committed 11200K, reserved 1114112K
  class space    used 1100K, committed 1216K, reserved 1048576K
}

Dll operation events (8 events):
Event: 0.019 Loaded shared library c:\Users\so-u\.vscode\extensions\redhat.java-1.26.0-win32-x64\jre\17.0.9-win32-x86_64\bin\java.dll
Event: 0.383 Loaded shared library c:\Users\so-u\.vscode\extensions\redhat.java-1.26.0-win32-x64\jre\17.0.9-win32-x86_64\bin\zip.dll
Event: 0.394 Loaded shared library C:\Users\so-u\.vscode\extensions\redhat.java-1.26.0-win32-x64\jre\17.0.9-win32-x86_64\bin\instrument.dll
Event: 0.443 Loaded shared library C:\Users\so-u\.vscode\extensions\redhat.java-1.26.0-win32-x64\jre\17.0.9-win32-x86_64\bin\net.dll
Event: 0.448 Loaded shared library C:\Users\so-u\.vscode\extensions\redhat.java-1.26.0-win32-x64\jre\17.0.9-win32-x86_64\bin\nio.dll
Event: 0.456 Loaded shared library C:\Users\so-u\.vscode\extensions\redhat.java-1.26.0-win32-x64\jre\17.0.9-win32-x86_64\bin\zip.dll
Event: 0.477 Loaded shared library C:\Users\so-u\.vscode\extensions\redhat.java-1.26.0-win32-x64\jre\17.0.9-win32-x86_64\bin\jimage.dll
Event: 0.660 Loaded shared library c:\Users\so-u\.vscode\extensions\redhat.java-1.26.0-win32-x64\jre\17.0.9-win32-x86_64\bin\verify.dll

Deoptimization events (20 events):
Event: 2.763 Thread 0x0000011887546c20 DEOPT PACKING pc=0x0000011891cc6d10 sp=0x00000017fd8fe2f0
Event: 2.763 Thread 0x0000011887546c20 DEOPT UNPACKING pc=0x00000118917466a3 sp=0x00000017fd8fe238 mode 2
Event: 2.763 Thread 0x0000011887546c20 Uncommon trap: trap_request=0xffffff45 fr.pc=0x0000011891cd1594 relative=0x0000000000000094
Event: 2.763 Thread 0x0000011887546c20 Uncommon trap: reason=unstable_if action=reinterpret pc=0x0000011891cd1594 method=java.util.HashMap.hash(Ljava/lang/Object;)I @ 1 c2
Event: 2.763 Thread 0x0000011887546c20 DEOPT PACKING pc=0x0000011891cd1594 sp=0x00000017fd8fe1a0
Event: 2.763 Thread 0x0000011887546c20 DEOPT UNPACKING pc=0x00000118917466a3 sp=0x00000017fd8fe138 mode 2
Event: 3.015 Thread 0x0000011887546c20 Uncommon trap: trap_request=0xffffff45 fr.pc=0x0000011891cc8c00 relative=0x0000000000000de0
Event: 3.015 Thread 0x0000011887546c20 Uncommon trap: reason=unstable_if action=reinterpret pc=0x0000011891cc8c00 method=lombok.patcher.PatchScript.classMatches(Ljava/lang/String;Ljava/util/Collection;)Z @ 25 c2
Event: 3.015 Thread 0x0000011887546c20 DEOPT PACKING pc=0x0000011891cc8c00 sp=0x00000017fd8f84a0
Event: 3.015 Thread 0x0000011887546c20 DEOPT UNPACKING pc=0x00000118917466a3 sp=0x00000017fd8f8460 mode 2
Event: 3.015 Thread 0x0000011887546c20 Uncommon trap: trap_request=0xffffff45 fr.pc=0x0000011891cc9d14 relative=0x0000000000000074
Event: 3.015 Thread 0x0000011887546c20 Uncommon trap: reason=unstable_if action=reinterpret pc=0x0000011891cc9d14 method=lombok.patcher.scripts.MethodLevelPatchScript.patch(Ljava/lang/String;[BLlombok/patcher/TransplantMapper;)[B @ 8 c2
Event: 3.015 Thread 0x0000011887546c20 DEOPT PACKING pc=0x0000011891cc9d14 sp=0x00000017fd8f8510
Event: 3.015 Thread 0x0000011887546c20 DEOPT UNPACKING pc=0x00000118917466a3 sp=0x00000017fd8f84a0 mode 2
Event: 3.017 Thread 0x0000011887546c20 DEOPT PACKING pc=0x000001188a2312d5 sp=0x00000017fd8f7960
Event: 3.017 Thread 0x0000011887546c20 DEOPT UNPACKING pc=0x0000011891746e43 sp=0x00000017fd8f6e10 mode 0
Event: 3.031 Thread 0x0000011887546c20 DEOPT PACKING pc=0x000001188a2312d5 sp=0x00000017fd8f3d40
Event: 3.031 Thread 0x0000011887546c20 DEOPT UNPACKING pc=0x0000011891746e43 sp=0x00000017fd8f31f0 mode 0
Event: 3.065 Thread 0x0000011887546c20 DEOPT PACKING pc=0x000001188a2312d5 sp=0x00000017fd8f3d40
Event: 3.065 Thread 0x0000011887546c20 DEOPT UNPACKING pc=0x0000011891746e43 sp=0x00000017fd8f31f0 mode 0

Classes unloaded (0 events):
No events

Classes redefined (0 events):
No events

Internal exceptions (20 events):
Event: 1.605 Thread 0x0000011887546c20 Exception <a 'java/io/FileNotFoundException'{0x00000000eb8967a8}> (0x00000000eb8967a8) 
thrown [s\src\hotspot\share\prims\jni.cpp, line 516]
Event: 1.606 Thread 0x0000011887546c20 Exception <a 'java/io/FileNotFoundException'{0x00000000eb897808}> (0x00000000eb897808) 
thrown [s\src\hotspot\share\prims\jni.cpp, line 516]
Event: 1.606 Thread 0x0000011887546c20 Exception <a 'java/io/FileNotFoundException'{0x00000000eb898860}> (0x00000000eb898860) 
thrown [s\src\hotspot\share\prims\jni.cpp, line 516]
Event: 1.607 Thread 0x0000011887546c20 Exception <a 'java/io/FileNotFoundException'{0x00000000eb899888}> (0x00000000eb899888) 
thrown [s\src\hotspot\share\prims\jni.cpp, line 516]
Event: 1.616 Thread 0x0000011887546c20 Exception <a 'java/io/FileNotFoundException'{0x00000000eb8d3ac8}> (0x00000000eb8d3ac8) 
thrown [s\src\hotspot\share\prims\jni.cpp, line 516]
Event: 2.550 Thread 0x0000011887546c20 Exception <a 'java/lang/ClassNotFoundException'{0x00000000ec0d3e88}: sun/net/www/protocol/c/Handler> (0x00000000ec0d3e88) 
thrown [s\src\hotspot\share\classfile\systemDictionary.cpp, line 256]
Event: 2.550 Thread 0x0000011887546c20 Exception <a 'java/lang/ClassNotFoundException'{0x00000000ec0d5280}: sun/net/www/protocol/c/Handler> (0x00000000ec0d5280) 
thrown [s\src\hotspot\share\classfile\systemDictionary.cpp, line 256]
Event: 2.611 Thread 0x0000011887546c20 Exception <a 'java/lang/ClassNotFoundException'{0x00000000ec0d6660}: sun/net/www/protocol/c/Handler> (0x00000000ec0d6660) 
thrown [s\src\hotspot\share\classfile\systemDictionary.cpp, line 256]
Event: 2.633 Thread 0x0000011887546c20 Exception <a 'java/io/FileNotFoundException'{0x00000000ec0f98b0}> (0x00000000ec0f98b0) 
thrown [s\src\hotspot\share\prims\jni.cpp, line 516]
Event: 2.763 Thread 0x0000011887546c20 Implicit null exception at 0x0000011891cd033b to 0x0000011891cd0c38
Event: 2.763 Thread 0x0000011887546c20 Implicit null exception at 0x0000011891ce1f6c to 0x0000011891ce214c
Event: 2.763 Thread 0x0000011887546c20 Implicit null exception at 0x0000011891cd200e to 0x0000011891cd2248
Event: 2.763 Thread 0x0000011887546c20 Implicit null exception at 0x0000011891cd150f to 0x0000011891cd1585
Event: 2.823 Thread 0x0000011887546c20 Exception <a 'java/lang/NoSuchMethodError'{0x00000000ec3c50a0}: 'int java.lang.invoke.DirectMethodHandle$Holder.invokeStaticInit(java.lang.Object, java.lang.Object, java.lang.Object, java.lang.Object)'> (0x00000000ec3c50a0) 
thrown [s\src\hotspot\share\interpreter\linkResolver.cpp, line 759]
Event: 2.825 Thread 0x0000011887546c20 Exception <a 'java/lang/NoSuchMethodError'{0x00000000ec3cf710}: 'java.lang.Object java.lang.invoke.DirectMethodHandle$Holder.invokeInterface(java.lang.Object, java.lang.Object)'> (0x00000000ec3cf710) 
thrown [s\src\hotspot\share\interpreter\linkResolver.cpp, line 759]
Event: 2.825 Thread 0x0000011887546c20 Exception <a 'java/lang/IncompatibleClassChangeError'{0x00000000ec3d2f08}: Found class java.lang.Object, but interface was expected> (0x00000000ec3d2f08) 
thrown [s\src\hotspot\share\interpreter\linkResolver.cpp, line 826]
Event: 2.826 Thread 0x0000011887546c20 Exception <a 'java/lang/NoSuchMethodError'{0x00000000ec3d73f8}: 'void java.lang.invoke.DirectMethodHandle$Holder.invokeStatic(java.lang.Object, java.lang.Object)'> (0x00000000ec3d73f8) 
thrown [s\src\hotspot\share\interpreter\linkResolver.cpp, line 759]
Event: 2.827 Thread 0x0000011887546c20 Exception <a 'java/lang/NoSuchMethodError'{0x00000000ec3dabf8}: 'void java.lang.invoke.DirectMethodHandle$Holder.invokeStaticInit(java.lang.Object, java.lang.Object)'> (0x00000000ec3dabf8) 
thrown [s\src\hotspot\share\interpreter\linkResolver.cpp, line 759]
Event: 2.828 Thread 0x0000011887546c20 Exception <a 'java/lang/NoSuchMethodError'{0x00000000ec3e2088}: 'int java.lang.invoke.DirectMethodHandle$Holder.invokeStaticInit(java.lang.Object, java.lang.Object)'> (0x00000000ec3e2088) 
thrown [s\src\hotspot\share\interpreter\linkResolver.cpp, line 759]
Event: 2.918 Thread 0x0000011887546c20 Exception <a 'java/lang/NoSuchMethodError'{0x00000000eac4a218}: 'void java.lang.invoke.DirectMethodHandle$Holder.invokeSpecial(java.lang.Object, java.lang.Object, java.lang.Object)'> (0x00000000eac4a218) 
thrown [s\src\hotspot\share\interpreter\linkResolver.cpp, line 759]

VM Operations (14 events):
Event: 0.362 Executing VM operation: HandshakeAllThreads
Event: 0.362 Executing VM operation: HandshakeAllThreads done
Event: 0.502 Executing VM operation: HandshakeAllThreads
Event: 0.502 Executing VM operation: HandshakeAllThreads done
Event: 1.515 Executing VM operation: Cleanup
Event: 1.549 Executing VM operation: Cleanup done
Event: 1.573 Executing VM operation: HandshakeAllThreads
Event: 1.573 Executing VM operation: HandshakeAllThreads done
Event: 1.594 Executing VM operation: HandshakeAllThreads
Event: 1.594 Executing VM operation: HandshakeAllThreads done
Event: 2.520 Executing VM operation: HandshakeAllThreads
Event: 2.520 Executing VM operation: HandshakeAllThreads done
Event: 2.831 Executing VM operation: ParallelGCFailedAllocation
Event: 2.873 Executing VM operation: ParallelGCFailedAllocation done

Events (20 events):
Event: 2.942 loading class java/util/concurrent/SynchronousQueue$TransferStack
Event: 2.942 loading class java/util/concurrent/SynchronousQueue$Transferer
Event: 2.942 loading class java/util/concurrent/SynchronousQueue$Transferer done
Event: 2.942 loading class java/util/concurrent/SynchronousQueue$TransferStack done
Event: 2.942 loading class java/util/concurrent/SynchronousQueue$TransferStack$SNode
Event: 2.942 loading class java/util/concurrent/ForkJoinPool$ManagedBlocker
Event: 2.942 loading class java/util/concurrent/ForkJoinPool$ManagedBlocker done
Event: 2.942 loading class java/util/concurrent/SynchronousQueue$TransferStack$SNode done
Event: 2.943 loading class java/util/concurrent/RejectedExecutionHandler
Event: 2.943 loading class java/util/concurrent/RejectedExecutionHandler done
Event: 2.943 loading class java/util/concurrent/LinkedBlockingQueue
Event: 2.943 loading class java/util/concurrent/LinkedBlockingQueue done
Event: 2.943 loading class java/util/concurrent/LinkedBlockingQueue$Node
Event: 2.943 loading class java/util/concurrent/LinkedBlockingQueue$Node done
Event: 2.966 loading class java/util/concurrent/Semaphore$NonfairSync
Event: 2.966 loading class java/util/concurrent/Semaphore$Sync
Event: 2.967 loading class java/util/concurrent/Semaphore$Sync done
Event: 2.967 loading class java/util/concurrent/Semaphore$NonfairSync done
Event: 3.024 loading class java/lang/TypeNotPresentException
Event: 3.024 loading class java/lang/TypeNotPresentException done


Dynamic libraries:
0x00007ff6a2170000 - 0x00007ff6a217e000 	c:\Users\so-u\.vscode\extensions\redhat.java-1.26.0-win32-x64\jre\17.0.9-win32-x86_64\bin\java.exe
0x00007ffc466f0000 - 0x00007ffc46907000 	C:\WINDOWS\SYSTEM32\ntdll.dll
0x00007ffc44c90000 - 0x00007ffc44d54000 	C:\WINDOWS\System32\KERNEL32.DLL
0x00007ffc43f70000 - 0x00007ffc44316000 	C:\WINDOWS\System32\KERNELBASE.dll
0x00007ffc40f00000 - 0x00007ffc40f97000 	C:\WINDOWS\SYSTEM32\apphelp.dll
0x00007ffc44320000 - 0x00007ffc44431000 	C:\WINDOWS\System32\ucrtbase.dll
0x00007ffc283c0000 - 0x00007ffc283d7000 	c:\Users\so-u\.vscode\extensions\redhat.java-1.26.0-win32-x64\jre\17.0.9-win32-x86_64\bin\jli.dll
0x00007ffc45c10000 - 0x00007ffc45dbe000 	C:\WINDOWS\System32\USER32.dll
0x00007ffc43ce0000 - 0x00007ffc43d06000 	C:\WINDOWS\System32\win32u.dll
0x00007ffc445e0000 - 0x00007ffc44609000 	C:\WINDOWS\System32\GDI32.dll
0x00007ffc43d10000 - 0x00007ffc43e28000 	C:\WINDOWS\System32\gdi32full.dll
0x00007ffc43e30000 - 0x00007ffc43eca000 	C:\WINDOWS\System32\msvcp_win.dll
0x00007ffc34800000 - 0x00007ffc3481b000 	c:\Users\so-u\.vscode\extensions\redhat.java-1.26.0-win32-x64\jre\17.0.9-win32-x86_64\bin\VCRUNTIME140.dll
0x00007ffc31c60000 - 0x00007ffc31ef3000 	C:\WINDOWS\WinSxS\amd64_microsoft.windows.common-controls_6595b64144ccf1df_6.0.22621.2506_none_270c5ae97388e100\COMCTL32.dll
0x00007ffc46160000 - 0x00007ffc46207000 	C:\WINDOWS\System32\msvcrt.dll
0x00007ffc44b70000 - 0x00007ffc44ba1000 	C:\WINDOWS\System32\IMM32.DLL
0x00007ffc3ad10000 - 0x00007ffc3ad1c000 	c:\Users\so-u\.vscode\extensions\redhat.java-1.26.0-win32-x64\jre\17.0.9-win32-x86_64\bin\vcruntime140_1.dll
0x00007ffc0d8a0000 - 0x00007ffc0d92d000 	c:\Users\so-u\.vscode\extensions\redhat.java-1.26.0-win32-x64\jre\17.0.9-win32-x86_64\bin\msvcp140.dll
0x00007ffbba4d0000 - 0x00007ffbbb131000 	c:\Users\so-u\.vscode\extensions\redhat.java-1.26.0-win32-x64\jre\17.0.9-win32-x86_64\bin\server\jvm.dll
0x00007ffc46210000 - 0x00007ffc462c3000 	C:\WINDOWS\System32\ADVAPI32.dll
0x00007ffc451e0000 - 0x00007ffc45288000 	C:\WINDOWS\System32\sechost.dll
0x00007ffc43f40000 - 0x00007ffc43f68000 	C:\WINDOWS\System32\bcrypt.dll
0x00007ffc45290000 - 0x00007ffc453a7000 	C:\WINDOWS\System32\RPCRT4.dll
0x00007ffc43900000 - 0x00007ffc4394d000 	C:\WINDOWS\SYSTEM32\POWRPROF.dll
0x00007ffc12040000 - 0x00007ffc12049000 	C:\WINDOWS\SYSTEM32\WSOCK32.dll
0x00007ffc44560000 - 0x00007ffc445d1000 	C:\WINDOWS\System32\WS2_32.dll
0x00007ffc3cfd0000 - 0x00007ffc3d004000 	C:\WINDOWS\SYSTEM32\WINMM.dll
0x00007ffc39780000 - 0x00007ffc3978a000 	C:\WINDOWS\SYSTEM32\VERSION.dll
0x00007ffc438e0000 - 0x00007ffc438f3000 	C:\WINDOWS\SYSTEM32\UMPDC.dll
0x00007ffc42a60000 - 0x00007ffc42a78000 	C:\WINDOWS\SYSTEM32\kernel.appcore.dll
0x00007ffc3a710000 - 0x00007ffc3a71a000 	c:\Users\so-u\.vscode\extensions\redhat.java-1.26.0-win32-x64\jre\17.0.9-win32-x86_64\bin\jimage.dll
0x00007ffc3ba70000 - 0x00007ffc3bca3000 	C:\WINDOWS\SYSTEM32\DBGHELP.DLL
0x00007ffc462d0000 - 0x00007ffc46659000 	C:\WINDOWS\System32\combase.dll
0x00007ffc44bb0000 - 0x00007ffc44c87000 	C:\WINDOWS\System32\OLEAUT32.dll
0x00007ffc3b120000 - 0x00007ffc3b152000 	C:\WINDOWS\SYSTEM32\dbgcore.DLL
0x00007ffc43a30000 - 0x00007ffc43aaa000 	C:\WINDOWS\System32\bcryptPrimitives.dll
0x00007ffc3a690000 - 0x00007ffc3a69e000 	c:\Users\so-u\.vscode\extensions\redhat.java-1.26.0-win32-x64\jre\17.0.9-win32-x86_64\bin\instrument.dll
0x00007ffc21b70000 - 0x00007ffc21b95000 	c:\Users\so-u\.vscode\extensions\redhat.java-1.26.0-win32-x64\jre\17.0.9-win32-x86_64\bin\java.dll
0x00007ffc24ba0000 - 0x00007ffc24bb8000 	c:\Users\so-u\.vscode\extensions\redhat.java-1.26.0-win32-x64\jre\17.0.9-win32-x86_64\bin\zip.dll
0x00007ffc453b0000 - 0x00007ffc45c0a000 	C:\WINDOWS\System32\SHELL32.dll
0x00007ffc41980000 - 0x00007ffc42276000 	C:\WINDOWS\SYSTEM32\windows.storage.dll
0x00007ffc41840000 - 0x00007ffc4197e000 	C:\WINDOWS\SYSTEM32\wintypes.dll
0x00007ffc449f0000 - 0x00007ffc44ae3000 	C:\WINDOWS\System32\SHCORE.dll
0x00007ffc45df0000 - 0x00007ffc45e4e000 	C:\WINDOWS\System32\shlwapi.dll
0x00007ffc43960000 - 0x00007ffc43986000 	C:\WINDOWS\SYSTEM32\profapi.dll
0x00007ffc25f40000 - 0x00007ffc25f59000 	C:\Users\so-u\.vscode\extensions\redhat.java-1.26.0-win32-x64\jre\17.0.9-win32-x86_64\bin\net.dll
0x00007ffc3da20000 - 0x00007ffc3db57000 	C:\WINDOWS\SYSTEM32\WINHTTP.dll
0x00007ffc42ee0000 - 0x00007ffc42f49000 	C:\WINDOWS\system32\mswsock.dll
0x00007ffc232a0000 - 0x00007ffc232b6000 	C:\Users\so-u\.vscode\extensions\redhat.java-1.26.0-win32-x64\jre\17.0.9-win32-x86_64\bin\nio.dll
0x00007ffc3a480000 - 0x00007ffc3a490000 	c:\Users\so-u\.vscode\extensions\redhat.java-1.26.0-win32-x64\jre\17.0.9-win32-x86_64\bin\verify.dll

dbghelp: loaded successfully - version: 4.0.5 - missing functions: none
symbol engine: initialized successfully - sym options: 0x614 - pdb path: .;c:\Users\so-u\.vscode\extensions\redhat.java-1.26.0-win32-x64\jre\17.0.9-win32-x86_64\bin;C:\WINDOWS\SYSTEM32;C:\WINDOWS\WinSxS\amd64_microsoft.windows.common-controls_6595b64144ccf1df_6.0.22621.2506_none_270c5ae97388e100;c:\Users\so-u\.vscode\extensions\redhat.java-1.26.0-win32-x64\jre\17.0.9-win32-x86_64\bin\server

VM Arguments:
jvm_args: --add-modules=ALL-SYSTEM --add-opens=java.base/java.util=ALL-UNNAMED --add-opens=java.base/java.lang=ALL-UNNAMED --add-opens=java.base/sun.nio.fs=ALL-UNNAMED -Declipse.application=org.eclipse.jdt.ls.core.id1 -Dosgi.bundles.defaultStartLevel=4 -Declipse.product=org.eclipse.jdt.ls.core.product -Djava.import.generatesMetadataFilesAtProjectRoot=false -DDetectVMInstallationsJob.disabled=true -Dfile.encoding=utf8 -XX:+UseParallelGC -XX:GCTimeRatio=4 -XX:AdaptiveSizePolicyWeight=90 -Dsun.zip.disableMemoryMapping=true -Xmx1G -Xms100m -Xlog:disable -javaagent:c:\Users\so-u\.vscode\extensions\redhat.java-1.26.0-win32-x64\lombok\lombok-1.18.31-3454.jar 
java_command: c:\Users\so-u\.vscode\extensions\redhat.java-1.26.0-win32-x64\server\plugins\org.eclipse.equinox.launcher_1.6.700.v20231214-2017.jar -configuration c:\Users\so-u\AppData\Roaming\Code\User\globalStorage\redhat.java\1.26.0\config_ss_win -data c:\Users\so-u\AppData\Roaming\Code\User\workspaceStorage\5e595132d2747ca74a5c2523b199d736\redhat.java\ss_ws --stdio
java_class_path (initial): c:\Users\so-u\.vscode\extensions\redhat.java-1.26.0-win32-x64\server\plugins\org.eclipse.equinox.launcher_1.6.700.v20231214-2017.jar
Launcher Type: SUN_STANDARD

[Global flags]
    uintx AdaptiveSizePolicyWeight                 = 90                                        {product} {command line}
     intx CICompilerCount                          = 3                                         {product} {ergonomic}
    uintx GCTimeRatio                              = 4                                         {product} {command line}
   size_t InitialHeapSize                          = 104857600                                 {product} {command line}
   size_t MaxHeapSize                              = 1073741824                                {product} {command line}
   size_t MaxNewSize                               = 357564416                                 {product} {ergonomic}
   size_t MinHeapDeltaBytes                        = 524288                                    {product} {ergonomic}
   size_t MinHeapSize                              = 104857600                                 {product} {command line}
   size_t NewSize                                  = 34603008                                  {product} {ergonomic}
    uintx NonNMethodCodeHeapSize                   = 5832780                                {pd product} {ergonomic}
    uintx NonProfiledCodeHeapSize                  = 122912730                              {pd product} {ergonomic}
   size_t OldSize                                  = 70254592                                  {product} {ergonomic}
    uintx ProfiledCodeHeapSize                     = 122912730                              {pd product} {ergonomic}
    uintx ReservedCodeCacheSize                    = 251658240                              {pd product} {ergonomic}
     bool SegmentedCodeCache                       = true                                      {product} {ergonomic}
   size_t SoftMaxHeapSize                          = 1073741824                             {manageable} {ergonomic}
     bool UseCompressedClassPointers               = true                           {product lp64_product} {ergonomic}
     bool UseCompressedOops                        = true                           {product lp64_product} {ergonomic}
     bool UseLargePagesIndividualAllocation        = false                                  {pd product} {ergonomic}
     bool UseParallelGC                            = true                                      {product} {command line}

Logging:
Log output configuration:
 #0: stdout all=off uptime,level,tags
 #1: stderr all=off uptime,level,tags

Environment Variables:
PATH=C:\Program Files\Common Files\Oracle\Java\javapath;C:\WINDOWS\system32;C:\WINDOWS;C:\WINDOWS\System32\Wbem;C:\WINDOWS\System32\WindowsPowerShell\v1.0\;C:\WINDOWS\System32\OpenSSH\;C:\MinGW\bin;C:\Program Files\Bandizip\;C:\R\rtools40\usr\bin;C:\Program Files\Git\cmd;C:\Program Files\nodejs\;C:\Program Files\MariaDB 11.4\bin;C:\Users\so-u\AppData\Local\Programs\Python\Python310\Scripts\;C:\Users\so-u\AppData\Local\Programs\Python\Python310\;C:\Users\so-u\AppData\Local\Microsoft\WindowsApps;C:\MinGW\bin;C:\Users\so-u\AppData\Local\Programs\Microsoft VS Code\bin;C:\R\rtools40\usr\bin;C:\Users\so-u\AppData\Local\GitHubDesktop\bin;C:\Users\so-u\AppData\Roaming\npm;C:\Program Files\MariaDB 11.4\bin;
USERNAME=so-u
OS=Windows_NT
PROCESSOR_IDENTIFIER=AMD64 Family 23 Model 96 Stepping 1, AuthenticAMD
TMP=C:\Users\so-u\AppData\Local\Temp
TEMP=C:\Users\so-u\AppData\Local\Temp



Periodic native trim disabled


---------------  S Y S T E M  ---------------

OS:
 Windows 11 , 64 bit Build 22621 (10.0.22621.2506)
OS uptime: 13 days 13:48 hours

CPU: total 6 (initial active 6) (6 cores per cpu, 1 threads per core) family 23 model 96 stepping 1 microcode 0x0, cx8, cmov, fxsr, mmx, 3dnowpref, sse, sse2, sse3, ssse3, sse4a, sse4.1, sse4.2, popcnt, lzcnt, tsc, tscinvbit, avx, avx2, aes, clmul, bmi1, bmi2, adx, sha, fma, vzeroupper, clflush, clflushopt
Processor Information for all 6 processors :
  Max Mhz: 2375, Current Mhz: 2375, Mhz Limit: 2375

Memory: 4k page, system-wide physical 7549M (350M free)
TotalPageFile size 31101M (AvailPageFile size 10M)
current process WorkingSet (physical memory assigned to process): 81M, peak: 81M
current process commit charge ("private bytes"): 194M, peak: 195M

vm_info: OpenJDK 64-Bit Server VM (17.0.9+9) for windows-amd64 JRE (17.0.9+9), built on Oct 26 2023 14:01:42 by "admin" with MS VC++ 16.10 / 16.11 (VS2019)

END.
