#
# There is insufficient memory for the Java Runtime Environment to continue.
# Native memory allocation (malloc) failed to allocate 278576 bytes for Chunk::new
# Possible reasons:
#   The system is out of physical RAM or swap space
#   The process is running with CompressedOops enabled, and the Java Heap may be blocking the growth of the native heap
# Possible solutions:
#   Reduce memory load on the system
#   Increase physical memory or swap space
#   Check if swap backing store is full
#   Decrease Java heap size (-Xmx/-Xms)
#   Decrease number of Java threads
#   Decrease Java thread stack sizes (-Xss)
#   Set larger code cache with -XX:ReservedCodeCacheSize=
#   JVM is running with Unscaled Compressed Oops mode in which the Java heap is
#     placed in the first 4GB address space. The Java Heap base address is the
#     maximum limit for the native heap growth. Please use -XX:HeapBaseMinAddress
#     to set the Java Heap base and to place the Java Heap above 4GB virtual address.
# This output file may be truncated or incomplete.
#
#  Out of Memory Error (arena.cpp:191), pid=42300, tid=18176
#
# JRE version: OpenJDK Runtime Environment Temurin-17.0.9+9 (17.0.9+9) (build 17.0.9+9)
# Java VM: OpenJDK 64-Bit Server VM Temurin-17.0.9+9 (17.0.9+9, mixed mode, tiered, compressed oops, compressed class ptrs, parallel gc, windows-amd64)
# No core dump will be written. Minidumps are not enabled by default on client versions of Windows
#

---------------  S U M M A R Y ------------

Command Line: --add-modules=ALL-SYSTEM --add-opens=java.base/java.util=ALL-UNNAMED --add-opens=java.base/java.lang=ALL-UNNAMED --add-opens=java.base/sun.nio.fs=ALL-UNNAMED -Declipse.application=org.eclipse.jdt.ls.core.id1 -Dosgi.bundles.defaultStartLevel=4 -Declipse.product=org.eclipse.jdt.ls.core.product -Djava.import.generatesMetadataFilesAtProjectRoot=false -DDetectVMInstallationsJob.disabled=true -Dfile.encoding=utf8 -XX:+UseParallelGC -XX:GCTimeRatio=4 -XX:AdaptiveSizePolicyWeight=90 -Dsun.zip.disableMemoryMapping=true -Xmx1G -Xms100m -Xlog:disable -javaagent:c:\Users\so-u\.vscode\extensions\redhat.java-1.26.0-win32-x64\lombok\lombok-1.18.31-3454.jar -XX:+HeapDumpOnOutOfMemoryError -XX:HeapDumpPath=c:\Users\so-u\AppData\Roaming\Code\User\workspaceStorage\5e595132d2747ca74a5c2523b199d736\redhat.java -Daether.dependencyCollector.impl=bf c:\Users\so-u\.vscode\extensions\redhat.java-1.26.0-win32-x64\server\plugins\org.eclipse.equinox.launcher_1.6.700.v20231214-2017.jar -configuration c:\Users\so-u\AppData\Roaming\Code\User\globalStorage\redhat.java\1.26.0\config_win -data c:\Users\so-u\AppData\Roaming\Code\User\workspaceStorage\5e595132d2747ca74a5c2523b199d736\redhat.java\jdt_ws --stdio

Host: AMD Ryzen 5 4500U with Radeon Graphics         , 6 cores, 7G,  Windows 11 , 64 bit Build 22621 (10.0.22621.2506)
Time: Mon Jan 29 18:25:04 2024  Windows 11 , 64 bit Build 22621 (10.0.22621.2506) elapsed time: 1.504132 seconds (0d 0h 0m 1s)

---------------  T H R E A D  ---------------

Current thread (0x00000202f3178290):  JavaThread "C2 CompilerThread0" daemon [_thread_in_native, id=18176, stack(0x00000015fa700000,0x00000015fa800000)]


Current CompileTask:
C2:   1504 1059       4       java.io.DataInputStream::readUTF (501 bytes)

Stack: [0x00000015fa700000,0x00000015fa800000]
Native frames: (J=compiled Java code, j=interpreted, Vv=VM code, C=native code)
V  [jvm.dll+0x67cf49]
V  [jvm.dll+0x83478a]
V  [jvm.dll+0x83624e]
V  [jvm.dll+0x8368b3]
V  [jvm.dll+0x247f1f]
V  [jvm.dll+0xac43c]
V  [jvm.dll+0xaca8c]
V  [jvm.dll+0x367012]
V  [jvm.dll+0x1bd722]
V  [jvm.dll+0x21a709]
V  [jvm.dll+0x2199d1]
V  [jvm.dll+0x1a57cd]
V  [jvm.dll+0x2297ae]
V  [jvm.dll+0x22797c]
V  [jvm.dll+0x7e9877]
V  [jvm.dll+0x7e3c3a]
V  [jvm.dll+0x67be35]
C  [ucrtbase.dll+0x29363]
C  [KERNEL32.DLL+0x1257d]
C  [ntdll.dll+0x5aa58]


---------------  P R O C E S S  ---------------

Threads class SMR info:
_java_thread_list=0x00000202f34c01c0, length=12, elements={
0x00000202d9c25e50, 0x00000202f3133020, 0x00000202eda8c220, 0x00000202eda9d330,
0x00000202eda9e0c0, 0x00000202f3176030, 0x00000202f3177910, 0x00000202f3178290,
0x00000202f31e0df0, 0x00000202f31e5fc0, 0x00000202f3256bb0, 0x00000202f34c2160
}

Java Threads: ( => current thread )
  0x00000202d9c25e50 JavaThread "main" [_thread_in_Java, id=1916, stack(0x00000015f9d00000,0x00000015f9e00000)]
  0x00000202f3133020 JavaThread "Reference Handler" daemon [_thread_blocked, id=9120, stack(0x00000015fa100000,0x00000015fa200000)]
  0x00000202eda8c220 JavaThread "Finalizer" daemon [_thread_blocked, id=37852, stack(0x00000015fa200000,0x00000015fa300000)]
  0x00000202eda9d330 JavaThread "Signal Dispatcher" daemon [_thread_blocked, id=36108, stack(0x00000015fa300000,0x00000015fa400000)]
  0x00000202eda9e0c0 JavaThread "Attach Listener" daemon [_thread_blocked, id=34704, stack(0x00000015fa400000,0x00000015fa500000)]
  0x00000202f3176030 JavaThread "Service Thread" daemon [_thread_blocked, id=39420, stack(0x00000015fa500000,0x00000015fa600000)]
  0x00000202f3177910 JavaThread "Monitor Deflation Thread" daemon [_thread_blocked, id=10532, stack(0x00000015fa600000,0x00000015fa700000)]
=>0x00000202f3178290 JavaThread "C2 CompilerThread0" daemon [_thread_in_native, id=18176, stack(0x00000015fa700000,0x00000015fa800000)]
  0x00000202f31e0df0 JavaThread "C1 CompilerThread0" daemon [_thread_blocked, id=40156, stack(0x00000015fa800000,0x00000015fa900000)]
  0x00000202f31e5fc0 JavaThread "Sweeper thread" daemon [_thread_blocked, id=38188, stack(0x00000015fa900000,0x00000015faa00000)]
  0x00000202f3256bb0 JavaThread "Common-Cleaner" daemon [_thread_blocked, id=10392, stack(0x00000015faa00000,0x00000015fab00000)]
  0x00000202f34c2160 JavaThread "Notification Thread" daemon [_thread_blocked, id=24340, stack(0x00000015fab00000,0x00000015fac00000)]

Other Threads:
  0x00000202eda883d0 VMThread "VM Thread" [stack: 0x00000015f9f00000,0x00000015fa000000] [id=15664]
  0x00000202f34c2640 WatcherThread [stack: 0x00000015fac00000,0x00000015fad00000] [id=40060]
  0x00000202d9c3b1a0 GCTaskThread "GC Thread#0" [stack: 0x00000015f9e00000,0x00000015f9f00000] [id=18632]
  0x00000202f39330b0 GCTaskThread "GC Thread#1" [stack: 0x00000015fad00000,0x00000015fae00000] [id=33832]
  0x00000202f3bd22c0 GCTaskThread "GC Thread#2" [stack: 0x00000015fae00000,0x00000015faf00000] [id=20376]
  0x00000202f3bd2580 GCTaskThread "GC Thread#3" [stack: 0x00000015faf00000,0x00000015fb000000] [id=7172]
  0x00000202f3bd2840 GCTaskThread "GC Thread#4" [stack: 0x00000015fb000000,0x00000015fb100000] [id=42640]
  0x00000202f3bd2b00 GCTaskThread "GC Thread#5" [stack: 0x00000015fb100000,0x00000015fb200000] [id=36844]

Threads with active compile tasks:
C2 CompilerThread0     1547 1059       4       java.io.DataInputStream::readUTF (501 bytes)

VM state: not at safepoint (normal execution)

VM Mutex/Monitor currently owned by a thread: None

Heap address: 0x00000000c0000000, size: 1024 MB, Compressed Oops mode: 32-bit

CDS archive(s) not mapped
Compressed class space mapped at: 0x0000000100000000-0x0000000140000000, reserved size: 1073741824
Narrow klass base: 0x0000000000000000, Narrow klass shift: 3, Narrow klass range: 0x140000000

GC Precious Log:
 CPUs: 6 total, 6 available
 Memory: 7549M
 Large Page Support: Disabled
 NUMA Support: Disabled
 Compressed Oops: Enabled (32-bit)
 Alignments: Space 512K, Generation 512K, Heap 2M
 Heap Min Capacity: 100M
 Heap Initial Capacity: 100M
 Heap Max Capacity: 1G
 Pre-touch: Disabled
 Parallel Workers: 6

Heap:
 PSYoungGen      total 29696K, used 11073K [0x00000000eab00000, 0x00000000ecc00000, 0x0000000100000000)
  eden space 25600K, 30% used [0x00000000eab00000,0x00000000eb295040,0x00000000ec400000)
  from space 4096K, 80% used [0x00000000ec400000,0x00000000ec73b680,0x00000000ec800000)
  to   space 4096K, 0% used [0x00000000ec800000,0x00000000ec800000,0x00000000ecc00000)
 ParOldGen       total 68608K, used 0K [0x00000000c0000000, 0x00000000c4300000, 0x00000000eab00000)
  object space 68608K, 0% used [0x00000000c0000000,0x00000000c0000000,0x00000000c4300000)
 Metaspace       used 12175K, committed 12352K, reserved 1114112K
  class space    used 1192K, committed 1280K, reserved 1048576K

Card table byte_map: [0x00000202d95a0000,0x00000202d97b0000] _byte_map_base: 0x00000202d8fa0000

Marking Bits: (ParMarkBitMap*) 0x00007ffbbb06d0b0
 Begin Bits: [0x00000202eb8a0000, 0x00000202ec8a0000)
 End Bits:   [0x00000202ec8a0000, 0x00000202ed8a0000)

Polling page: 0x00000202d7d50000

Metaspace:

Usage:
  Non-class:     10.72 MB used.
      Class:      1.16 MB used.
       Both:     11.89 MB used.

Virtual space:
  Non-class space:       64.00 MB reserved,      10.81 MB ( 17%) committed,  1 nodes.
      Class space:        1.00 GB reserved,       1.25 MB ( <1%) committed,  1 nodes.
             Both:        1.06 GB reserved,      12.06 MB (  1%) committed. 

Chunk freelists:
   Non-Class:  4.36 MB
       Class:  14.61 MB
        Both:  18.97 MB

MaxMetaspaceSize: unlimited
CompressedClassSpaceSize: 1.00 GB
Initial GC threshold: 21.00 MB
Current GC threshold: 21.00 MB
CDS: off
MetaspaceReclaimPolicy: balanced
 - commit_granule_bytes: 65536.
 - commit_granule_words: 8192.
 - virtual_space_node_default_size: 8388608.
 - enlarge_chunks_in_place: 1.
 - new_chunks_are_fully_committed: 0.
 - uncommit_free_chunks: 1.
 - use_allocation_guard: 0.
 - handle_deallocations: 1.


Internal statistics:

num_allocs_failed_limit: 0.
num_arena_births: 30.
num_arena_deaths: 0.
num_vsnodes_births: 2.
num_vsnodes_deaths: 0.
num_space_committed: 193.
num_space_uncommitted: 0.
num_chunks_returned_to_freelist: 0.
num_chunks_taken_from_freelist: 140.
num_chunk_merges: 0.
num_chunk_splits: 95.
num_chunks_enlarged: 82.
num_inconsistent_stats: 0.

CodeHeap 'non-profiled nmethods': size=120000Kb used=374Kb max_used=374Kb free=119625Kb
 bounds [0x00000202e4370000, 0x00000202e45e0000, 0x00000202eb8a0000]
CodeHeap 'profiled nmethods': size=120000Kb used=1981Kb max_used=1981Kb free=118018Kb
 bounds [0x00000202dc8a0000, 0x00000202dcb10000, 0x00000202e3dd0000]
CodeHeap 'non-nmethods': size=5760Kb used=1147Kb max_used=1165Kb free=4612Kb
 bounds [0x00000202e3dd0000, 0x00000202e4040000, 0x00000202e4370000]
 total_blobs=1544 nmethods=1102 adapters=357
 compilation: enabled
              stopped_count=0, restarted_count=0
 full_count=0

Compilation events (20 events):
Event: 1.452 Thread 0x00000202f31e0df0 1078   !   3       java.lang.ClassLoader::loadClass (121 bytes)
Event: 1.452 Thread 0x00000202f31e0df0 nmethod 1078 0x00000202dca79910 code [0x00000202dca79bc0, 0x00000202dca7a868]
Event: 1.453 Thread 0x00000202f31e0df0 1079       3       sun.net.www.protocol.jar.Handler::parseURL (173 bytes)
Event: 1.453 Thread 0x00000202f31e0df0 nmethod 1079 0x00000202dca7af10 code [0x00000202dca7b1c0, 0x00000202dca7bd58]
Event: 1.455 Thread 0x00000202f31e0df0 1080       3       org.eclipse.osgi.container.ModuleRevisionBuilder::unmodifiableMap (86 bytes)
Event: 1.455 Thread 0x00000202f31e0df0 nmethod 1080 0x00000202dca7c290 code [0x00000202dca7c520, 0x00000202dca7d288]
Event: 1.455 Thread 0x00000202f31e0df0 1081       1       org.eclipse.osgi.container.ModuleRevisionBuilder$GenericInfo::getNamespace (5 bytes)
Event: 1.455 Thread 0x00000202f31e0df0 nmethod 1081 0x00000202e43ccd90 code [0x00000202e43ccf20, 0x00000202e43ccff8]
Event: 1.455 Thread 0x00000202f31e0df0 1082       3       java.util.Collections::emptyMap (4 bytes)
Event: 1.455 Thread 0x00000202f31e0df0 nmethod 1082 0x00000202dca7d610 code [0x00000202dca7d7a0, 0x00000202dca7d898]
Event: 1.455 Thread 0x00000202f31e0df0 1083       1       java.util.Collections$EmptyMap::size (2 bytes)
Event: 1.455 Thread 0x00000202f31e0df0 nmethod 1083 0x00000202e43cd090 code [0x00000202e43cd220, 0x00000202e43cd2f8]
Event: 1.455 Thread 0x00000202f31e0df0 1084       3       java.util.Base64$Decoder::decodeBlock (186 bytes)
Event: 1.456 Thread 0x00000202f31e0df0 nmethod 1084 0x00000202dca7d910 code [0x00000202dca7dae0, 0x00000202dca7df78]
Event: 1.459 Thread 0x00000202f31e0df0 1086       3       java.net.URL::toString (5 bytes)
Event: 1.459 Thread 0x00000202f31e0df0 nmethod 1086 0x00000202dca7e210 code [0x00000202dca7e3c0, 0x00000202dca7e5e8]
Event: 1.461 Thread 0x00000202f31e0df0 1087       3       sun.net.util.IPAddressUtil::checkHostString (54 bytes)
Event: 1.462 Thread 0x00000202f31e0df0 nmethod 1087 0x00000202dca7e710 code [0x00000202dca7e9c0, 0x00000202dca7f548]
Event: 1.465 Thread 0x00000202f31e0df0 1088       3       org.lombokweb.asm.ClassReader::readUnsignedShort (26 bytes)
Event: 1.466 Thread 0x00000202f31e0df0 nmethod 1088 0x00000202dca7f990 code [0x00000202dca7fb20, 0x00000202dca7fc98]

GC Heap History (2 events):
Event: 1.165 GC heap before
{Heap before GC invocations=1 (full 0):
 PSYoungGen      total 29696K, used 25600K [0x00000000eab00000, 0x00000000ecc00000, 0x0000000100000000)
  eden space 25600K, 100% used [0x00000000eab00000,0x00000000ec400000,0x00000000ec400000)
  from space 4096K, 0% used [0x00000000ec800000,0x00000000ec800000,0x00000000ecc00000)
  to   space 4096K, 0% used [0x00000000ec400000,0x00000000ec400000,0x00000000ec800000)
 ParOldGen       total 68608K, used 0K [0x00000000c0000000, 0x00000000c4300000, 0x00000000eab00000)
  object space 68608K, 0% used [0x00000000c0000000,0x00000000c0000000,0x00000000c4300000)
 Metaspace       used 11000K, committed 11200K, reserved 1114112K
  class space    used 1095K, committed 1216K, reserved 1048576K
}
Event: 1.314 GC heap after
{Heap after GC invocations=1 (full 0):
 PSYoungGen      total 29696K, used 3309K [0x00000000eab00000, 0x00000000ecc00000, 0x0000000100000000)
  eden space 25600K, 0% used [0x00000000eab00000,0x00000000eab00000,0x00000000ec400000)
  from space 4096K, 80% used [0x00000000ec400000,0x00000000ec73b680,0x00000000ec800000)
  to   space 4096K, 0% used [0x00000000ec800000,0x00000000ec800000,0x00000000ecc00000)
 ParOldGen       total 68608K, used 0K [0x00000000c0000000, 0x00000000c4300000, 0x00000000eab00000)
  object space 68608K, 0% used [0x00000000c0000000,0x00000000c0000000,0x00000000c4300000)
 Metaspace       used 11000K, committed 11200K, reserved 1114112K
  class space    used 1095K, committed 1216K, reserved 1048576K
}

Dll operation events (8 events):
Event: 0.028 Loaded shared library c:\Users\so-u\.vscode\extensions\redhat.java-1.26.0-win32-x64\jre\17.0.9-win32-x86_64\bin\java.dll
Event: 0.313 Loaded shared library c:\Users\so-u\.vscode\extensions\redhat.java-1.26.0-win32-x64\jre\17.0.9-win32-x86_64\bin\zip.dll
Event: 0.321 Loaded shared library C:\Users\so-u\.vscode\extensions\redhat.java-1.26.0-win32-x64\jre\17.0.9-win32-x86_64\bin\instrument.dll
Event: 0.335 Loaded shared library C:\Users\so-u\.vscode\extensions\redhat.java-1.26.0-win32-x64\jre\17.0.9-win32-x86_64\bin\net.dll
Event: 0.340 Loaded shared library C:\Users\so-u\.vscode\extensions\redhat.java-1.26.0-win32-x64\jre\17.0.9-win32-x86_64\bin\nio.dll
Event: 0.350 Loaded shared library C:\Users\so-u\.vscode\extensions\redhat.java-1.26.0-win32-x64\jre\17.0.9-win32-x86_64\bin\zip.dll
Event: 0.377 Loaded shared library C:\Users\so-u\.vscode\extensions\redhat.java-1.26.0-win32-x64\jre\17.0.9-win32-x86_64\bin\jimage.dll
Event: 0.461 Loaded shared library c:\Users\so-u\.vscode\extensions\redhat.java-1.26.0-win32-x64\jre\17.0.9-win32-x86_64\bin\verify.dll

Deoptimization events (20 events):
Event: 1.106 Thread 0x00000202d9c25e50 DEOPT PACKING pc=0x00000202e43adf44 sp=0x00000015f9dfe5b0
Event: 1.106 Thread 0x00000202d9c25e50 DEOPT UNPACKING pc=0x00000202e3e266a3 sp=0x00000015f9dfe520 mode 2
Event: 1.106 Thread 0x00000202d9c25e50 Uncommon trap: trap_request=0xffffff45 fr.pc=0x00000202e43acce4 relative=0x00000000000002a4
Event: 1.106 Thread 0x00000202d9c25e50 Uncommon trap: reason=unstable_if action=reinterpret pc=0x00000202e43acce4 method=java.util.HashMap.hash(Ljava/lang/Object;)I @ 1 c2
Event: 1.106 Thread 0x00000202d9c25e50 DEOPT PACKING pc=0x00000202e43acce4 sp=0x00000015f9dfe490
Event: 1.106 Thread 0x00000202d9c25e50 DEOPT UNPACKING pc=0x00000202e3e266a3 sp=0x00000015f9dfe398 mode 2
Event: 1.106 Thread 0x00000202d9c25e50 Uncommon trap: trap_request=0xffffff45 fr.pc=0x00000202e43ab994 relative=0x0000000000000094
Event: 1.106 Thread 0x00000202d9c25e50 Uncommon trap: reason=unstable_if action=reinterpret pc=0x00000202e43ab994 method=java.util.HashMap.hash(Ljava/lang/Object;)I @ 1 c2
Event: 1.106 Thread 0x00000202d9c25e50 DEOPT PACKING pc=0x00000202e43ab994 sp=0x00000015f9dfe500
Event: 1.106 Thread 0x00000202d9c25e50 DEOPT UNPACKING pc=0x00000202e3e266a3 sp=0x00000015f9dfe498 mode 2
Event: 1.459 Thread 0x00000202d9c25e50 Uncommon trap: trap_request=0xffffff45 fr.pc=0x00000202e43a3c08 relative=0x0000000000000e48
Event: 1.459 Thread 0x00000202d9c25e50 Uncommon trap: reason=unstable_if action=reinterpret pc=0x00000202e43a3c08 method=lombok.patcher.PatchScript.classMatches(Ljava/lang/String;Ljava/util/Collection;)Z @ 25 c2
Event: 1.459 Thread 0x00000202d9c25e50 DEOPT PACKING pc=0x00000202e43a3c08 sp=0x00000015f9df86e0
Event: 1.459 Thread 0x00000202d9c25e50 DEOPT UNPACKING pc=0x00000202e3e266a3 sp=0x00000015f9df86a0 mode 2
Event: 1.459 Thread 0x00000202d9c25e50 Uncommon trap: trap_request=0xffffff45 fr.pc=0x00000202e43a5894 relative=0x0000000000000074
Event: 1.459 Thread 0x00000202d9c25e50 Uncommon trap: reason=unstable_if action=reinterpret pc=0x00000202e43a5894 method=lombok.patcher.scripts.MethodLevelPatchScript.patch(Ljava/lang/String;[BLlombok/patcher/TransplantMapper;)[B @ 8 c2
Event: 1.459 Thread 0x00000202d9c25e50 DEOPT PACKING pc=0x00000202e43a5894 sp=0x00000015f9df8750
Event: 1.459 Thread 0x00000202d9c25e50 DEOPT UNPACKING pc=0x00000202e3e266a3 sp=0x00000015f9df86e0 mode 2
Event: 1.461 Thread 0x00000202d9c25e50 DEOPT PACKING pc=0x00000202dc9142c5 sp=0x00000015f9df7ba0
Event: 1.461 Thread 0x00000202d9c25e50 DEOPT UNPACKING pc=0x00000202e3e26e43 sp=0x00000015f9df7050 mode 0

Classes unloaded (0 events):
No events

Classes redefined (0 events):
No events

Internal exceptions (20 events):
Event: 0.851 Thread 0x00000202d9c25e50 Exception <a 'java/lang/ClassNotFoundException'{0x00000000eb8915c0}: sun/net/www/protocol/c/Handler> (0x00000000eb8915c0) 
thrown [s\src\hotspot\share\classfile\systemDictionary.cpp, line 256]
Event: 0.855 Thread 0x00000202d9c25e50 Exception <a 'java/io/FileNotFoundException'{0x00000000eb8adfa0}> (0x00000000eb8adfa0) 
thrown [s\src\hotspot\share\prims\jni.cpp, line 516]
Event: 0.856 Thread 0x00000202d9c25e50 Exception <a 'java/io/FileNotFoundException'{0x00000000eb8af000}> (0x00000000eb8af000) 
thrown [s\src\hotspot\share\prims\jni.cpp, line 516]
Event: 0.856 Thread 0x00000202d9c25e50 Exception <a 'java/io/FileNotFoundException'{0x00000000eb8b0058}> (0x00000000eb8b0058) 
thrown [s\src\hotspot\share\prims\jni.cpp, line 516]
Event: 0.856 Thread 0x00000202d9c25e50 Exception <a 'java/io/FileNotFoundException'{0x00000000eb8b1080}> (0x00000000eb8b1080) 
thrown [s\src\hotspot\share\prims\jni.cpp, line 516]
Event: 0.862 Thread 0x00000202d9c25e50 Exception <a 'java/io/FileNotFoundException'{0x00000000eb8ebca0}> (0x00000000eb8ebca0) 
thrown [s\src\hotspot\share\prims\jni.cpp, line 516]
Event: 1.060 Thread 0x00000202d9c25e50 Exception <a 'java/lang/ClassNotFoundException'{0x00000000ec0e8d48}: sun/net/www/protocol/c/Handler> (0x00000000ec0e8d48) 
thrown [s\src\hotspot\share\classfile\systemDictionary.cpp, line 256]
Event: 1.061 Thread 0x00000202d9c25e50 Exception <a 'java/lang/ClassNotFoundException'{0x00000000ec0ea140}: sun/net/www/protocol/c/Handler> (0x00000000ec0ea140) 
thrown [s\src\hotspot\share\classfile\systemDictionary.cpp, line 256]
Event: 1.061 Thread 0x00000202d9c25e50 Exception <a 'java/lang/ClassNotFoundException'{0x00000000ec0eb520}: sun/net/www/protocol/c/Handler> (0x00000000ec0eb520) 
thrown [s\src\hotspot\share\classfile\systemDictionary.cpp, line 256]
Event: 1.072 Thread 0x00000202d9c25e50 Exception <a 'java/io/FileNotFoundException'{0x00000000ec112378}> (0x00000000ec112378) 
thrown [s\src\hotspot\share\prims\jni.cpp, line 516]
Event: 1.106 Thread 0x00000202d9c25e50 Implicit null exception at 0x00000202e43ad55b to 0x00000202e43adf2c
Event: 1.106 Thread 0x00000202d9c25e50 Implicit null exception at 0x00000202e43aca8e to 0x00000202e43accc4
Event: 1.106 Thread 0x00000202d9c25e50 Implicit null exception at 0x00000202e43ab90f to 0x00000202e43ab985
Event: 1.159 Thread 0x00000202d9c25e50 Exception <a 'java/lang/NoSuchMethodError'{0x00000000ec3dde58}: 'int java.lang.invoke.DirectMethodHandle$Holder.invokeStaticInit(java.lang.Object, java.lang.Object, java.lang.Object, java.lang.Object)'> (0x00000000ec3dde58) 
thrown [s\src\hotspot\share\interpreter\linkResolver.cpp, line 759]
Event: 1.161 Thread 0x00000202d9c25e50 Exception <a 'java/lang/NoSuchMethodError'{0x00000000ec3e84c8}: 'java.lang.Object java.lang.invoke.DirectMethodHandle$Holder.invokeInterface(java.lang.Object, java.lang.Object)'> (0x00000000ec3e84c8) 
thrown [s\src\hotspot\share\interpreter\linkResolver.cpp, line 759]
Event: 1.161 Thread 0x00000202d9c25e50 Exception <a 'java/lang/IncompatibleClassChangeError'{0x00000000ec3ebcc0}: Found class java.lang.Object, but interface was expected> (0x00000000ec3ebcc0) 
thrown [s\src\hotspot\share\interpreter\linkResolver.cpp, line 826]
Event: 1.162 Thread 0x00000202d9c25e50 Exception <a 'java/lang/NoSuchMethodError'{0x00000000ec3f01b0}: 'void java.lang.invoke.DirectMethodHandle$Holder.invokeStatic(java.lang.Object, java.lang.Object)'> (0x00000000ec3f01b0) 
thrown [s\src\hotspot\share\interpreter\linkResolver.cpp, line 759]
Event: 1.163 Thread 0x00000202d9c25e50 Exception <a 'java/lang/NoSuchMethodError'{0x00000000ec3f39b0}: 'void java.lang.invoke.DirectMethodHandle$Holder.invokeStaticInit(java.lang.Object, java.lang.Object)'> (0x00000000ec3f39b0) 
thrown [s\src\hotspot\share\interpreter\linkResolver.cpp, line 759]
Event: 1.164 Thread 0x00000202d9c25e50 Exception <a 'java/lang/NoSuchMethodError'{0x00000000ec3fad30}: 'int java.lang.invoke.DirectMethodHandle$Holder.invokeStaticInit(java.lang.Object, java.lang.Object)'> (0x00000000ec3fad30) 
thrown [s\src\hotspot\share\interpreter\linkResolver.cpp, line 759]
Event: 1.389 Thread 0x00000202d9c25e50 Exception <a 'java/lang/NoSuchMethodError'{0x00000000eac44c30}: 'void java.lang.invoke.DirectMethodHandle$Holder.invokeSpecial(java.lang.Object, java.lang.Object, java.lang.Object)'> (0x00000000eac44c30) 
thrown [s\src\hotspot\share\interpreter\linkResolver.cpp, line 759]

VM Operations (14 events):
Event: 0.277 Executing VM operation: HandshakeAllThreads
Event: 0.277 Executing VM operation: HandshakeAllThreads done
Event: 0.391 Executing VM operation: HandshakeAllThreads
Event: 0.391 Executing VM operation: HandshakeAllThreads done
Event: 0.831 Executing VM operation: HandshakeAllThreads
Event: 0.831 Executing VM operation: HandshakeAllThreads done
Event: 0.847 Executing VM operation: HandshakeAllThreads
Event: 0.847 Executing VM operation: HandshakeAllThreads done
Event: 1.045 Executing VM operation: HandshakeAllThreads
Event: 1.045 Executing VM operation: HandshakeAllThreads done
Event: 1.073 Executing VM operation: ICBufferFull
Event: 1.073 Executing VM operation: ICBufferFull done
Event: 1.165 Executing VM operation: ParallelGCFailedAllocation
Event: 1.314 Executing VM operation: ParallelGCFailedAllocation done

Events (20 events):
Event: 1.415 loading class java/util/AbstractQueue done
Event: 1.415 loading class java/util/concurrent/SynchronousQueue done
Event: 1.415 loading class java/util/concurrent/SynchronousQueue$TransferStack
Event: 1.415 loading class java/util/concurrent/SynchronousQueue$Transferer
Event: 1.416 loading class java/util/concurrent/SynchronousQueue$Transferer done
Event: 1.416 loading class java/util/concurrent/SynchronousQueue$TransferStack done
Event: 1.416 loading class java/util/concurrent/SynchronousQueue$TransferStack$SNode
Event: 1.416 loading class java/util/concurrent/ForkJoinPool$ManagedBlocker
Event: 1.416 loading class java/util/concurrent/ForkJoinPool$ManagedBlocker done
Event: 1.416 loading class java/util/concurrent/SynchronousQueue$TransferStack$SNode done
Event: 1.417 loading class java/util/concurrent/RejectedExecutionHandler
Event: 1.417 loading class java/util/concurrent/RejectedExecutionHandler done
Event: 1.417 loading class java/util/concurrent/LinkedBlockingQueue
Event: 1.417 loading class java/util/concurrent/LinkedBlockingQueue done
Event: 1.417 loading class java/util/concurrent/LinkedBlockingQueue$Node
Event: 1.417 loading class java/util/concurrent/LinkedBlockingQueue$Node done
Event: 1.430 loading class java/util/concurrent/Semaphore$NonfairSync
Event: 1.430 loading class java/util/concurrent/Semaphore$Sync
Event: 1.430 loading class java/util/concurrent/Semaphore$Sync done
Event: 1.430 loading class java/util/concurrent/Semaphore$NonfairSync done


Dynamic libraries:
0x00007ff6a2170000 - 0x00007ff6a217e000 	c:\Users\so-u\.vscode\extensions\redhat.java-1.26.0-win32-x64\jre\17.0.9-win32-x86_64\bin\java.exe
0x00007ffc466f0000 - 0x00007ffc46907000 	C:\WINDOWS\SYSTEM32\ntdll.dll
0x00007ffc44c90000 - 0x00007ffc44d54000 	C:\WINDOWS\System32\KERNEL32.DLL
0x00007ffc43f70000 - 0x00007ffc44316000 	C:\WINDOWS\System32\KERNELBASE.dll
0x00007ffc40f00000 - 0x00007ffc40f97000 	C:\WINDOWS\SYSTEM32\apphelp.dll
0x00007ffc44320000 - 0x00007ffc44431000 	C:\WINDOWS\System32\ucrtbase.dll
0x00007ffc283c0000 - 0x00007ffc283d7000 	c:\Users\so-u\.vscode\extensions\redhat.java-1.26.0-win32-x64\jre\17.0.9-win32-x86_64\bin\jli.dll
0x00007ffc45c10000 - 0x00007ffc45dbe000 	C:\WINDOWS\System32\USER32.dll
0x00007ffc43ce0000 - 0x00007ffc43d06000 	C:\WINDOWS\System32\win32u.dll
0x00007ffc445e0000 - 0x00007ffc44609000 	C:\WINDOWS\System32\GDI32.dll
0x00007ffc43d10000 - 0x00007ffc43e28000 	C:\WINDOWS\System32\gdi32full.dll
0x00007ffc43e30000 - 0x00007ffc43eca000 	C:\WINDOWS\System32\msvcp_win.dll
0x00007ffc34800000 - 0x00007ffc3481b000 	c:\Users\so-u\.vscode\extensions\redhat.java-1.26.0-win32-x64\jre\17.0.9-win32-x86_64\bin\VCRUNTIME140.dll
0x00007ffc31c60000 - 0x00007ffc31ef3000 	C:\WINDOWS\WinSxS\amd64_microsoft.windows.common-controls_6595b64144ccf1df_6.0.22621.2506_none_270c5ae97388e100\COMCTL32.dll
0x00007ffc46160000 - 0x00007ffc46207000 	C:\WINDOWS\System32\msvcrt.dll
0x00007ffc44b70000 - 0x00007ffc44ba1000 	C:\WINDOWS\System32\IMM32.DLL
0x00007ffc3ad10000 - 0x00007ffc3ad1c000 	c:\Users\so-u\.vscode\extensions\redhat.java-1.26.0-win32-x64\jre\17.0.9-win32-x86_64\bin\vcruntime140_1.dll
0x00007ffc0d8a0000 - 0x00007ffc0d92d000 	c:\Users\so-u\.vscode\extensions\redhat.java-1.26.0-win32-x64\jre\17.0.9-win32-x86_64\bin\msvcp140.dll
0x00007ffbba4d0000 - 0x00007ffbbb131000 	c:\Users\so-u\.vscode\extensions\redhat.java-1.26.0-win32-x64\jre\17.0.9-win32-x86_64\bin\server\jvm.dll
0x00007ffc46210000 - 0x00007ffc462c3000 	C:\WINDOWS\System32\ADVAPI32.dll
0x00007ffc451e0000 - 0x00007ffc45288000 	C:\WINDOWS\System32\sechost.dll
0x00007ffc43f40000 - 0x00007ffc43f68000 	C:\WINDOWS\System32\bcrypt.dll
0x00007ffc45290000 - 0x00007ffc453a7000 	C:\WINDOWS\System32\RPCRT4.dll
0x00007ffc43900000 - 0x00007ffc4394d000 	C:\WINDOWS\SYSTEM32\POWRPROF.dll
0x00007ffc12040000 - 0x00007ffc12049000 	C:\WINDOWS\SYSTEM32\WSOCK32.dll
0x00007ffc44560000 - 0x00007ffc445d1000 	C:\WINDOWS\System32\WS2_32.dll
0x00007ffc3cfd0000 - 0x00007ffc3d004000 	C:\WINDOWS\SYSTEM32\WINMM.dll
0x00007ffc39780000 - 0x00007ffc3978a000 	C:\WINDOWS\SYSTEM32\VERSION.dll
0x00007ffc438e0000 - 0x00007ffc438f3000 	C:\WINDOWS\SYSTEM32\UMPDC.dll
0x00007ffc42a60000 - 0x00007ffc42a78000 	C:\WINDOWS\SYSTEM32\kernel.appcore.dll
0x00007ffc3a710000 - 0x00007ffc3a71a000 	c:\Users\so-u\.vscode\extensions\redhat.java-1.26.0-win32-x64\jre\17.0.9-win32-x86_64\bin\jimage.dll
0x00007ffc3ba70000 - 0x00007ffc3bca3000 	C:\WINDOWS\SYSTEM32\DBGHELP.DLL
0x00007ffc462d0000 - 0x00007ffc46659000 	C:\WINDOWS\System32\combase.dll
0x00007ffc44bb0000 - 0x00007ffc44c87000 	C:\WINDOWS\System32\OLEAUT32.dll
0x00007ffc3b120000 - 0x00007ffc3b152000 	C:\WINDOWS\SYSTEM32\dbgcore.DLL
0x00007ffc43a30000 - 0x00007ffc43aaa000 	C:\WINDOWS\System32\bcryptPrimitives.dll
0x00007ffc3a690000 - 0x00007ffc3a69e000 	c:\Users\so-u\.vscode\extensions\redhat.java-1.26.0-win32-x64\jre\17.0.9-win32-x86_64\bin\instrument.dll
0x00007ffc21b70000 - 0x00007ffc21b95000 	c:\Users\so-u\.vscode\extensions\redhat.java-1.26.0-win32-x64\jre\17.0.9-win32-x86_64\bin\java.dll
0x00007ffc24ba0000 - 0x00007ffc24bb8000 	c:\Users\so-u\.vscode\extensions\redhat.java-1.26.0-win32-x64\jre\17.0.9-win32-x86_64\bin\zip.dll
0x00007ffc453b0000 - 0x00007ffc45c0a000 	C:\WINDOWS\System32\SHELL32.dll
0x00007ffc41980000 - 0x00007ffc42276000 	C:\WINDOWS\SYSTEM32\windows.storage.dll
0x00007ffc41840000 - 0x00007ffc4197e000 	C:\WINDOWS\SYSTEM32\wintypes.dll
0x00007ffc449f0000 - 0x00007ffc44ae3000 	C:\WINDOWS\System32\SHCORE.dll
0x00007ffc45df0000 - 0x00007ffc45e4e000 	C:\WINDOWS\System32\shlwapi.dll
0x00007ffc43960000 - 0x00007ffc43986000 	C:\WINDOWS\SYSTEM32\profapi.dll
0x00007ffc25f40000 - 0x00007ffc25f59000 	C:\Users\so-u\.vscode\extensions\redhat.java-1.26.0-win32-x64\jre\17.0.9-win32-x86_64\bin\net.dll
0x00007ffc3da20000 - 0x00007ffc3db57000 	C:\WINDOWS\SYSTEM32\WINHTTP.dll
0x00007ffc42ee0000 - 0x00007ffc42f49000 	C:\WINDOWS\system32\mswsock.dll
0x00007ffc232a0000 - 0x00007ffc232b6000 	C:\Users\so-u\.vscode\extensions\redhat.java-1.26.0-win32-x64\jre\17.0.9-win32-x86_64\bin\nio.dll
0x00007ffc3a480000 - 0x00007ffc3a490000 	c:\Users\so-u\.vscode\extensions\redhat.java-1.26.0-win32-x64\jre\17.0.9-win32-x86_64\bin\verify.dll

dbghelp: loaded successfully - version: 4.0.5 - missing functions: none
symbol engine: initialized successfully - sym options: 0x614 - pdb path: .;c:\Users\so-u\.vscode\extensions\redhat.java-1.26.0-win32-x64\jre\17.0.9-win32-x86_64\bin;C:\WINDOWS\SYSTEM32;C:\WINDOWS\WinSxS\amd64_microsoft.windows.common-controls_6595b64144ccf1df_6.0.22621.2506_none_270c5ae97388e100;c:\Users\so-u\.vscode\extensions\redhat.java-1.26.0-win32-x64\jre\17.0.9-win32-x86_64\bin\server

VM Arguments:
jvm_args: --add-modules=ALL-SYSTEM --add-opens=java.base/java.util=ALL-UNNAMED --add-opens=java.base/java.lang=ALL-UNNAMED --add-opens=java.base/sun.nio.fs=ALL-UNNAMED -Declipse.application=org.eclipse.jdt.ls.core.id1 -Dosgi.bundles.defaultStartLevel=4 -Declipse.product=org.eclipse.jdt.ls.core.product -Djava.import.generatesMetadataFilesAtProjectRoot=false -DDetectVMInstallationsJob.disabled=true -Dfile.encoding=utf8 -XX:+UseParallelGC -XX:GCTimeRatio=4 -XX:AdaptiveSizePolicyWeight=90 -Dsun.zip.disableMemoryMapping=true -Xmx1G -Xms100m -Xlog:disable -javaagent:c:\Users\so-u\.vscode\extensions\redhat.java-1.26.0-win32-x64\lombok\lombok-1.18.31-3454.jar -XX:+HeapDumpOnOutOfMemoryError -XX:HeapDumpPath=c:\Users\so-u\AppData\Roaming\Code\User\workspaceStorage\5e595132d2747ca74a5c2523b199d736\redhat.java -Daether.dependencyCollector.impl=bf 
java_command: c:\Users\so-u\.vscode\extensions\redhat.java-1.26.0-win32-x64\server\plugins\org.eclipse.equinox.launcher_1.6.700.v20231214-2017.jar -configuration c:\Users\so-u\AppData\Roaming\Code\User\globalStorage\redhat.java\1.26.0\config_win -data c:\Users\so-u\AppData\Roaming\Code\User\workspaceStorage\5e595132d2747ca74a5c2523b199d736\redhat.java\jdt_ws --stdio
java_class_path (initial): c:\Users\so-u\.vscode\extensions\redhat.java-1.26.0-win32-x64\server\plugins\org.eclipse.equinox.launcher_1.6.700.v20231214-2017.jar
Launcher Type: SUN_STANDARD

[Global flags]
    uintx AdaptiveSizePolicyWeight                 = 90                                        {product} {command line}
     intx CICompilerCount                          = 3                                         {product} {ergonomic}
    uintx GCTimeRatio                              = 4                                         {product} {command line}
     bool HeapDumpOnOutOfMemoryError               = true                                   {manageable} {command line}
    ccstr HeapDumpPath                             = c:\Users\so-u\AppData\Roaming\Code\User\workspaceStorage\5e595132d2747ca74a5c2523b199d736\redhat.java         {manageable} {command line}
   size_t InitialHeapSize                          = 104857600                                 {product} {command line}
   size_t MaxHeapSize                              = 1073741824                                {product} {command line}
   size_t MaxNewSize                               = 357564416                                 {product} {ergonomic}
   size_t MinHeapDeltaBytes                        = 524288                                    {product} {ergonomic}
   size_t MinHeapSize                              = 104857600                                 {product} {command line}
   size_t NewSize                                  = 34603008                                  {product} {ergonomic}
    uintx NonNMethodCodeHeapSize                   = 5832780                                {pd product} {ergonomic}
    uintx NonProfiledCodeHeapSize                  = 122912730                              {pd product} {ergonomic}
   size_t OldSize                                  = 70254592                                  {product} {ergonomic}
    uintx ProfiledCodeHeapSize                     = 122912730                              {pd product} {ergonomic}
    uintx ReservedCodeCacheSize                    = 251658240                              {pd product} {ergonomic}
     bool SegmentedCodeCache                       = true                                      {product} {ergonomic}
   size_t SoftMaxHeapSize                          = 1073741824                             {manageable} {ergonomic}
     bool UseCompressedClassPointers               = true                           {product lp64_product} {ergonomic}
     bool UseCompressedOops                        = true                           {product lp64_product} {ergonomic}
     bool UseLargePagesIndividualAllocation        = false                                  {pd product} {ergonomic}
     bool UseParallelGC                            = true                                      {product} {command line}

Logging:
Log output configuration:
 #0: stdout all=off uptime,level,tags
 #1: stderr all=off uptime,level,tags

Environment Variables:
PATH=C:\Program Files\Common Files\Oracle\Java\javapath;C:\WINDOWS\system32;C:\WINDOWS;C:\WINDOWS\System32\Wbem;C:\WINDOWS\System32\WindowsPowerShell\v1.0\;C:\WINDOWS\System32\OpenSSH\;C:\MinGW\bin;C:\Program Files\Bandizip\;C:\R\rtools40\usr\bin;C:\Program Files\Git\cmd;C:\Program Files\nodejs\;C:\Program Files\MariaDB 11.4\bin;C:\Users\so-u\AppData\Local\Programs\Python\Python310\Scripts\;C:\Users\so-u\AppData\Local\Programs\Python\Python310\;C:\Users\so-u\AppData\Local\Microsoft\WindowsApps;C:\MinGW\bin;C:\Users\so-u\AppData\Local\Programs\Microsoft VS Code\bin;C:\R\rtools40\usr\bin;C:\Users\so-u\AppData\Local\GitHubDesktop\bin;C:\Users\so-u\AppData\Roaming\npm;C:\Program Files\MariaDB 11.4\bin;
USERNAME=so-u
OS=Windows_NT
PROCESSOR_IDENTIFIER=AMD64 Family 23 Model 96 Stepping 1, AuthenticAMD
TMP=C:\Users\so-u\AppData\Local\Temp
TEMP=C:\Users\so-u\AppData\Local\Temp



Periodic native trim disabled


---------------  S Y S T E M  ---------------

OS:
 Windows 11 , 64 bit Build 22621 (10.0.22621.2506)
OS uptime: 13 days 13:48 hours

CPU: total 6 (initial active 6) (6 cores per cpu, 1 threads per core) family 23 model 96 stepping 1 microcode 0x0, cx8, cmov, fxsr, mmx, 3dnowpref, sse, sse2, sse3, ssse3, sse4a, sse4.1, sse4.2, popcnt, lzcnt, tsc, tscinvbit, avx, avx2, aes, clmul, bmi1, bmi2, adx, sha, fma, vzeroupper, clflush, clflushopt
Processor Information for all 6 processors :
  Max Mhz: 2375, Current Mhz: 2375, Mhz Limit: 2375

Memory: 4k page, system-wide physical 7549M (387M free)
TotalPageFile size 31101M (AvailPageFile size 57M)
current process WorkingSet (physical memory assigned to process): 79M, peak: 79M
current process commit charge ("private bytes"): 193M, peak: 194M

vm_info: OpenJDK 64-Bit Server VM (17.0.9+9) for windows-amd64 JRE (17.0.9+9), built on Oct 26 2023 14:01:42 by "admin" with MS VC++ 16.10 / 16.11 (VS2019)

END.
