#
# There is insufficient memory for the Java Runtime Environment to continue.
# Native memory allocation (mmap) failed to map 65536 bytes for Failed to commit metaspace.
# Possible reasons:
#   The system is out of physical RAM or swap space
#   The process is running with CompressedOops enabled, and the Java Heap may be blocking the growth of the native heap
# Possible solutions:
#   Reduce memory load on the system
#   Increase physical memory or swap space
#   Check if swap backing store is full
#   Decrease Java heap size (-Xmx/-Xms)
#   Decrease number of Java threads
#   Decrease Java thread stack sizes (-Xss)
#   Set larger code cache with -XX:ReservedCodeCacheSize=
#   JVM is running with Unscaled Compressed Oops mode in which the Java heap is
#     placed in the first 4GB address space. The Java Heap base address is the
#     maximum limit for the native heap growth. Please use -XX:HeapBaseMinAddress
#     to set the Java Heap base and to place the Java Heap above 4GB virtual address.
# This output file may be truncated or incomplete.
#
#  Out of Memory Error (virtualSpaceNode.cpp:110), pid=14616, tid=41884
#
# JRE version: OpenJDK Runtime Environment Temurin-17.0.9+9 (17.0.9+9) (build 17.0.9+9)
# Java VM: OpenJDK 64-Bit Server VM Temurin-17.0.9+9 (17.0.9+9, mixed mode, tiered, compressed oops, compressed class ptrs, parallel gc, windows-amd64)
# No core dump will be written. Minidumps are not enabled by default on client versions of Windows
#

---------------  S U M M A R Y ------------

Command Line: --add-modules=ALL-SYSTEM --add-opens=java.base/java.util=ALL-UNNAMED --add-opens=java.base/java.lang=ALL-UNNAMED --add-opens=java.base/sun.nio.fs=ALL-UNNAMED -Declipse.application=org.eclipse.jdt.ls.core.id1 -Dosgi.bundles.defaultStartLevel=4 -Declipse.product=org.eclipse.jdt.ls.core.product -Djava.import.generatesMetadataFilesAtProjectRoot=false -DDetectVMInstallationsJob.disabled=true -Dfile.encoding=utf8 -XX:+UseParallelGC -XX:GCTimeRatio=4 -XX:AdaptiveSizePolicyWeight=90 -Dsun.zip.disableMemoryMapping=true -Xmx1G -Xms100m -Xlog:disable -javaagent:c:\Users\so-u\.vscode\extensions\redhat.java-1.26.0-win32-x64\lombok\lombok-1.18.31-3454.jar c:\Users\so-u\.vscode\extensions\redhat.java-1.26.0-win32-x64\server\plugins\org.eclipse.equinox.launcher_1.6.700.v20231214-2017.jar -configuration c:\Users\so-u\AppData\Roaming\Code\User\globalStorage\redhat.java\1.26.0\config_ss_win -data c:\Users\so-u\AppData\Roaming\Code\User\workspaceStorage\5e595132d2747ca74a5c2523b199d736\redhat.java\ss_ws --stdio

Host: AMD Ryzen 5 4500U with Radeon Graphics         , 6 cores, 7G,  Windows 11 , 64 bit Build 22621 (10.0.22621.2506)
Time: Mon Jan 29 18:25:11 2024  Windows 11 , 64 bit Build 22621 (10.0.22621.2506) elapsed time: 6.466783 seconds (0d 0h 0m 6s)

---------------  T H R E A D  ---------------

Current thread (0x00000217d8274240):  JavaThread "Worker-2: Synchronizing projects" [_thread_in_vm, id=41884, stack(0x000000a8e5500000,0x000000a8e5600000)]

Stack: [0x000000a8e5500000,0x000000a8e5600000]
Native frames: (J=compiled Java code, j=interpreted, Vv=VM code, C=native code)
V  [jvm.dll+0x67cf49]
V  [jvm.dll+0x83478a]
V  [jvm.dll+0x83624e]
V  [jvm.dll+0x8368b3]
V  [jvm.dll+0x247f1f]
V  [jvm.dll+0x83044b]
V  [jvm.dll+0x621776]
V  [jvm.dll+0x1c1fee]
V  [jvm.dll+0x6240d1]
V  [jvm.dll+0x622116]
V  [jvm.dll+0x24588c]
V  [jvm.dll+0x6d3dfd]
V  [jvm.dll+0x6d483f]
V  [jvm.dll+0x373e84]
V  [jvm.dll+0x373cf6]
V  [jvm.dll+0x372f04]
V  [jvm.dll+0x372ea8]
V  [jvm.dll+0x382e8a]
C  0x00000217c809ae1b

The last pc belongs to new (printed below).
Java frames: (J=compiled Java code, j=interpreted, Vv=VM code)
j  org.eclipse.jdt.internal.core.JavaModelManager.getClasspathContainer(Lorg/eclipse/core/runtime/IPath;Lorg/eclipse/jdt/core/IJavaProject;)Lorg/eclipse/jdt/core/IClasspathContainer;+58
j  org.eclipse.jdt.core.JavaCore.getClasspathContainer(Lorg/eclipse/core/runtime/IPath;Lorg/eclipse/jdt/core/IJavaProject;)Lorg/eclipse/jdt/core/IClasspathContainer;+7
j  org.eclipse.jdt.internal.core.JavaProject.resolveClasspath([Lorg/eclipse/jdt/core/IClasspathEntry;[Lorg/eclipse/jdt/core/IClasspathEntry;ZZ)Lorg/eclipse/jdt/internal/core/JavaProject$ResolvedClasspath;+524
j  org.eclipse.jdt.internal.core.JavaProject.resolveClasspath(Lorg/eclipse/jdt/internal/core/JavaModelManager$PerProjectInfo;ZZ)V+104
j  org.eclipse.jdt.internal.core.ClasspathChange.generateDelta(Lorg/eclipse/jdt/internal/core/JavaElementDelta;Z)I+60
j  org.eclipse.jdt.internal.core.DeltaProcessor.resourceChanged(Lorg/eclipse/core/resources/IResourceChangeEvent;)V+386
j  org.eclipse.jdt.internal.core.DeltaProcessingState.resourceChanged(Lorg/eclipse/core/resources/IResourceChangeEvent;)V+57
j  org.eclipse.core.internal.events.NotificationManager$1.run()V+39
j  org.eclipse.core.runtime.SafeRunner.run(Lorg/eclipse/core/runtime/ISafeRunnable;)V+5
j  org.eclipse.core.internal.events.NotificationManager.notify([Lorg/eclipse/core/internal/events/ResourceChangeListenerList$ListenerEntry;Lorg/eclipse/core/internal/events/ResourceChangeEvent;Z)V+87
j  org.eclipse.core.internal.events.NotificationManager.broadcastChanges(Lorg/eclipse/core/internal/watson/ElementTree;Lorg/eclipse/core/internal/events/ResourceChangeEvent;Z)V+107
j  org.eclipse.core.internal.resources.Workspace.broadcastPostChange()V+22
j  org.eclipse.core.internal.resources.Workspace.endOperation(Lorg/eclipse/core/runtime/jobs/ISchedulingRule;Z)V+142
j  org.eclipse.core.internal.resources.InternalWorkspaceJob.run(Lorg/eclipse/core/runtime/IProgressMonitor;)Lorg/eclipse/core/runtime/IStatus;+59
j  org.eclipse.core.internal.jobs.Worker.run()V+32
v  ~StubRoutines::call_stub
new  187 new  [0x00000217c809ac80, 0x00000217c809aea0]  544 bytes
[MachCode]
  0x00000217c809ac80: 4883 ec08 | c5fa 1104 | 24eb 1f48 | 83ec 10c5 | fb11 0424 | eb14 4883 | ec10 4889 | 0424 48c7 
  0x00000217c809aca0: 4424 0800 | 0000 00eb | 0150 410f | b755 010f | cac1 ea10 | 488b 4de8 | 488b 4908 | 488b 4908 
  0x00000217c809acc0: 488b 4108 | 807c 1004 | 070f 85d6 | 0000 0066 | 8b54 d148 | 488b 4928 | 488b 4cd1 | 0851 80b9 
  0x00000217c809ace0: 3301 0000 | 040f 85b9 | 0000 008b | 5108 f7c2 | 0100 0000 | 0f85 aa00 | 0000 498b | 8708 0100 
  0x00000217c809ad00: 0048 8d1c | 1049 3b9f | 1801 0000 | 0f87 9200 | 0000 4989 | 9f08 0100 | 00e9 0000 | 0000 4883 
  0x00000217c809ad20: ea10 0f84 | 0f00 0000 | 33c9 c1ea | 0348 894c | d008 48ff | ca75 f648 | c700 0100 | 0000 5933 
  0x00000217c809ad40: f689 700c | 48c1 e903 | 8948 0849 | ba2f 3505 | bbfb 7f00 | 0041 803a | 000f 8440 | 0000 0050 
  0x00000217c809ad60: 488b c848 | 83ec 20f7 | c40f 0000 | 000f 841a | 0000 0048 | 83ec 0849 | bae0 2bbb | bafb 7f00 
  0x00000217c809ad80: 0041 ffd2 | 4883 c408 | e90d 0000 | 0049 bae0 | 2bbb bafb | 7f00 0041 | ffd2 4883 | c420 58e9 
  0x00000217c809ada0: cd00 0000 | 5948 8b55 | e848 8b52 | 0848 8b52 | 0845 0fb7 | 4501 410f | c841 c1e8 | 10e8 0500 
  0x00000217c809adc0: 0000 e9aa | 0000 0048 | 8d44 2408 | 4c89 6dc0 | 498b cfc5 | f877 4989 | afa8 0200 | 0049 8987 
  0x00000217c809ade0: 9802 0000 | 4883 ec20 | f7c4 0f00 | 0000 0f84 | 1a00 0000 | 4883 ec08 | 49ba 002e | 85ba fb7f 
  0x00000217c809ae00: 0000 41ff | d248 83c4 | 08e9 0d00 | 0000 49ba | 002e 85ba | fb7f 0000 | 41ff d248 | 83c4 2049 
  0x00000217c809ae20: c787 9802 | 0000 0000 | 0000 49c7 | 87a8 0200 | 0000 0000 | 0049 c787 | a002 0000 | 0000 0000 
  0x00000217c809ae40: c5f8 7749 | 817f 0800 | 0000 000f | 8405 0000 | 00e9 aa60 | feff 498b | 87f0 0200 | 0049 c787 
  0x00000217c809ae60: f002 0000 | 0000 0000 | 4c8b 6dc0 | 4c8b 75c8 | c341 0fb6 | 5d03 4983 | c503 49ba | 909a 07bb 
  0x00000217c809ae80: fb7f 0000 | 41ff 24da | 0000 0000 | 0000 0000 | 0000 0000 | 0000 0000 | 0000 0000 | 0000 0000 
[/MachCode]

---------------  P R O C E S S  ---------------

Threads class SMR info:
_java_thread_list=0x00000217d85025c0, length=21, elements={
0x00000217bded6cf0, 0x00000217d1d419a0, 0x00000217d1d424d0, 0x00000217d1d4e670,
0x00000217d74943d0, 0x00000217d7496f70, 0x00000217d7498850, 0x00000217d7499500,
0x00000217d7503690, 0x00000217d750bbc0, 0x00000217d75929f0, 0x00000217d77d9690,
0x00000217d7db1ff0, 0x00000217d7f0a900, 0x00000217d7fa2c50, 0x00000217d81460e0,
0x00000217d81a2ff0, 0x00000217d8273d30, 0x00000217d8273820, 0x00000217d82714b0,
0x00000217d8274240
}

Java Threads: ( => current thread )
  0x00000217bded6cf0 JavaThread "main" [_thread_blocked, id=40828, stack(0x000000a8e3800000,0x000000a8e3900000)]
  0x00000217d1d419a0 JavaThread "Reference Handler" daemon [_thread_blocked, id=38584, stack(0x000000a8e3b00000,0x000000a8e3c00000)]
  0x00000217d1d424d0 JavaThread "Finalizer" daemon [_thread_blocked, id=36124, stack(0x000000a8e3c00000,0x000000a8e3d00000)]
  0x00000217d1d4e670 JavaThread "Signal Dispatcher" daemon [_thread_blocked, id=41500, stack(0x000000a8e3d00000,0x000000a8e3e00000)]
  0x00000217d74943d0 JavaThread "Attach Listener" daemon [_thread_blocked, id=35428, stack(0x000000a8e3e00000,0x000000a8e3f00000)]
  0x00000217d7496f70 JavaThread "Service Thread" daemon [_thread_blocked, id=17352, stack(0x000000a8e3f00000,0x000000a8e4000000)]
  0x00000217d7498850 JavaThread "Monitor Deflation Thread" daemon [_thread_blocked, id=41268, stack(0x000000a8e4000000,0x000000a8e4100000)]
  0x00000217d7499500 JavaThread "C2 CompilerThread0" daemon [_thread_blocked, id=28324, stack(0x000000a8e4100000,0x000000a8e4200000)]
  0x00000217d7503690 JavaThread "C1 CompilerThread0" daemon [_thread_blocked, id=1188, stack(0x000000a8e4200000,0x000000a8e4300000)]
  0x00000217d750bbc0 JavaThread "Sweeper thread" daemon [_thread_blocked, id=25064, stack(0x000000a8e4300000,0x000000a8e4400000)]
  0x00000217d75929f0 JavaThread "Common-Cleaner" daemon [_thread_blocked, id=42492, stack(0x000000a8e4400000,0x000000a8e4500000)]
  0x00000217d77d9690 JavaThread "Notification Thread" daemon [_thread_blocked, id=36700, stack(0x000000a8e4500000,0x000000a8e4600000)]
  0x00000217d7db1ff0 JavaThread "Active Thread: Equinox Container: 368fcb32-85c9-4c7a-a65c-c1a4821f8e9a" [_thread_blocked, id=41776, stack(0x000000a8e4d00000,0x000000a8e4e00000)]
  0x00000217d7f0a900 JavaThread "Framework Event Dispatcher: Equinox Container: 368fcb32-85c9-4c7a-a65c-c1a4821f8e9a" daemon [_thread_blocked, id=10116, stack(0x000000a8e4700000,0x000000a8e4800000)]
  0x00000217d7fa2c50 JavaThread "Start Level: Equinox Container: 368fcb32-85c9-4c7a-a65c-c1a4821f8e9a" daemon [_thread_in_vm, id=42396, stack(0x000000a8e4e00000,0x000000a8e4f00000)]
  0x00000217d81460e0 JavaThread "SCR Component Actor" daemon [_thread_blocked, id=28892, stack(0x000000a8e4f00000,0x000000a8e5000000)]
  0x00000217d81a2ff0 JavaThread "SCR Component Registry" daemon [_thread_blocked, id=30792, stack(0x000000a8e5000000,0x000000a8e5100000)]
  0x00000217d8273d30 JavaThread "Worker-JM" [_thread_blocked, id=25316, stack(0x000000a8e5100000,0x000000a8e5200000)]
  0x00000217d8273820 JavaThread "Worker-0" [_thread_blocked, id=7728, stack(0x000000a8e5200000,0x000000a8e5300000)]
  0x00000217d82714b0 JavaThread "Worker-1" [_thread_blocked, id=11216, stack(0x000000a8e5300000,0x000000a8e5400000)]
=>0x00000217d8274240 JavaThread "Worker-2: Synchronizing projects" [_thread_in_vm, id=41884, stack(0x000000a8e5500000,0x000000a8e5600000)]

Other Threads:
  0x00000217bbc9eb20 VMThread "VM Thread" [stack: 0x000000a8e3a00000,0x000000a8e3b00000] [id=27368]
  0x00000217d77775d0 WatcherThread [stack: 0x000000a8e4600000,0x000000a8e4700000] [id=4032]
  0x00000217bdee9e90 GCTaskThread "GC Thread#0" [stack: 0x000000a8e3900000,0x000000a8e3a00000] [id=35424]
  0x00000217d7c22940 GCTaskThread "GC Thread#1" [stack: 0x000000a8e4800000,0x000000a8e4900000] [id=25940]
  0x00000217d7c22c00 GCTaskThread "GC Thread#2" [stack: 0x000000a8e4900000,0x000000a8e4a00000] [id=20348]
  0x00000217d7c22ec0 GCTaskThread "GC Thread#3" [stack: 0x000000a8e4a00000,0x000000a8e4b00000] [id=24528]
  0x00000217d7c23180 GCTaskThread "GC Thread#4" [stack: 0x000000a8e4b00000,0x000000a8e4c00000] [id=38876]
  0x00000217d7c23440 GCTaskThread "GC Thread#5" [stack: 0x000000a8e4c00000,0x000000a8e4d00000] [id=42196]

Threads with active compile tasks:

VM state: not at safepoint (normal execution)

VM Mutex/Monitor currently owned by a thread:  ([mutex/lock_event])
[0x00000217bdebed50] Metaspace_lock - owner thread: 0x00000217d8274240

Heap address: 0x00000000c0000000, size: 1024 MB, Compressed Oops mode: 32-bit

CDS archive(s) not mapped
Compressed class space mapped at: 0x0000000100000000-0x0000000140000000, reserved size: 1073741824
Narrow klass base: 0x0000000000000000, Narrow klass shift: 3, Narrow klass range: 0x140000000

GC Precious Log:
 CPUs: 6 total, 6 available
 Memory: 7549M
 Large Page Support: Disabled
 NUMA Support: Disabled
 Compressed Oops: Enabled (32-bit)
 Alignments: Space 512K, Generation 512K, Heap 2M
 Heap Min Capacity: 100M
 Heap Initial Capacity: 100M
 Heap Max Capacity: 1G
 Pre-touch: Disabled
 Parallel Workers: 6

Heap:
 PSYoungGen      total 26112K, used 20622K [0x00000000eab00000, 0x00000000ec780000, 0x0000000100000000)
  eden space 24576K, 79% used [0x00000000eab00000,0x00000000ebe1c150,0x00000000ec300000)
  from space 1536K, 68% used [0x00000000ec600000,0x00000000ec7079a8,0x00000000ec780000)
  to   space 1536K, 0% used [0x00000000ec480000,0x00000000ec480000,0x00000000ec600000)
 ParOldGen       total 68608K, used 7206K [0x00000000c0000000, 0x00000000c4300000, 0x00000000eab00000)
  object space 68608K, 10% used [0x00000000c0000000,0x00000000c0709a60,0x00000000c4300000)
 Metaspace       used 30546K, committed 31040K, reserved 1114112K
  class space    used 2981K, committed 3200K, reserved 1048576K

Card table byte_map: [0x00000217bd850000,0x00000217bda60000] _byte_map_base: 0x00000217bd250000

Marking Bits: (ParMarkBitMap*) 0x00007ffbbb06d0b0
 Begin Bits: [0x00000217cfb50000, 0x00000217d0b50000)
 End Bits:   [0x00000217d0b50000, 0x00000217d1b50000)

Polling page: 0x00000217bbe00000

Metaspace:

Usage:
  Non-class:     26.92 MB used.
      Class:      2.91 MB used.
       Both:     29.83 MB used.

Virtual space:
  Non-class space:       64.00 MB reserved,      27.19 MB ( 42%) committed,  1 nodes.
      Class space:        1.00 GB reserved,       3.12 MB ( <1%) committed,  1 nodes.
             Both:        1.06 GB reserved,      30.31 MB (  3%) committed. 

Chunk freelists:
   Non-Class:  4.36 MB
       Class:  12.84 MB
        Both:  17.20 MB

MaxMetaspaceSize: unlimited
CompressedClassSpaceSize: 1.00 GB
Initial GC threshold: 21.00 MB
Current GC threshold: 35.00 MB
CDS: off
MetaspaceReclaimPolicy: balanced
 - commit_granule_bytes: 65536.
 - commit_granule_words: 8192.
 - virtual_space_node_default_size: 8388608.
 - enlarge_chunks_in_place: 1.
 - new_chunks_are_fully_committed: 0.
 - uncommit_free_chunks: 1.
 - use_allocation_guard: 0.
 - handle_deallocations: 1.


Internal statistics:

num_allocs_failed_limit: 3.
num_arena_births: 310.
num_arena_deaths: 14.
num_vsnodes_births: 2.
num_vsnodes_deaths: 0.
num_space_committed: 485.
num_space_uncommitted: 0.
num_chunks_returned_to_freelist: 17.
num_chunks_taken_from_freelist: 1151.
num_chunk_merges: 8.
num_chunk_splits: 762.
num_chunks_enlarged: 515.
num_inconsistent_stats: 0.

CodeHeap 'non-profiled nmethods': size=120000Kb used=1164Kb max_used=1164Kb free=118836Kb
 bounds [0x00000217c8620000, 0x00000217c8890000, 0x00000217cfb50000]
CodeHeap 'profiled nmethods': size=120000Kb used=5458Kb max_used=5458Kb free=114541Kb
 bounds [0x00000217c0b50000, 0x00000217c10b0000, 0x00000217c8080000]
CodeHeap 'non-nmethods': size=5760Kb used=1241Kb max_used=1302Kb free=4518Kb
 bounds [0x00000217c8080000, 0x00000217c82f0000, 0x00000217c8620000]
 total_blobs=3286 nmethods=2726 adapters=474
 compilation: enabled
              stopped_count=0, restarted_count=0
 full_count=0

Compilation events (20 events):
Event: 6.445 Thread 0x00000217d7503690 2717       3       com.sun.org.apache.xerces.internal.dom.DeferredDocumentImpl::getChunkIndex (16 bytes)
Event: 6.445 Thread 0x00000217d7503690 nmethod 2717 0x00000217c10a2910 code [0x00000217c10a2ac0, 0x00000217c10a2c98]
Event: 6.446 Thread 0x00000217d7499500 nmethod 2632 0x00000217c873b210 code [0x00000217c873b3c0, 0x00000217c873c8d8]
Event: 6.446 Thread 0x00000217d7499500 2694       4       java.lang.StringLatin1::compareToCI (108 bytes)
Event: 6.446 Thread 0x00000217d7503690 2718       1       java.util.concurrent.CopyOnWriteArrayList::getArray (5 bytes)
Event: 6.446 Thread 0x00000217d7503690 nmethod 2718 0x00000217c873cf90 code [0x00000217c873d120, 0x00000217c873d1f8]
Event: 6.450 Thread 0x00000217d7503690 2720       3       java.io.File::isFile (34 bytes)
Event: 6.451 Thread 0x00000217d7503690 nmethod 2720 0x00000217c10a2e10 code [0x00000217c10a3000, 0x00000217c10a3528]
Event: 6.451 Thread 0x00000217d7499500 nmethod 2694 0x00000217c873d290 code [0x00000217c873d420, 0x00000217c873d838]
Event: 6.451 Thread 0x00000217d7499500 2719       4       java.util.TreeMap::getEntryUsingComparator (74 bytes)
Event: 6.453 Thread 0x00000217d7503690 2722       3       java.nio.ByteOrder::nativeOrder (4 bytes)
Event: 6.453 Thread 0x00000217d7503690 nmethod 2722 0x00000217c10a3710 code [0x00000217c10a38a0, 0x00000217c10a3998]
Event: 6.454 Thread 0x00000217d7503690 2723       3       org.eclipse.core.internal.preferences.PreferencesService::getDefault (20 bytes)
Event: 6.454 Thread 0x00000217d7503690 nmethod 2723 0x00000217c10a3a10 code [0x00000217c10a3bc0, 0x00000217c10a3dc8]
Event: 6.454 Thread 0x00000217d7503690 2724       3       java.nio.ByteBuffer::limit (8 bytes)
Event: 6.455 Thread 0x00000217d7503690 nmethod 2724 0x00000217c10a3e90 code [0x00000217c10a4020, 0x00000217c10a4168]
Event: 6.456 Thread 0x00000217d7503690 2725       3       java.nio.HeapByteBuffer::byteOffset (7 bytes)
Event: 6.456 Thread 0x00000217d7503690 nmethod 2725 0x00000217c10a4210 code [0x00000217c10a43a0, 0x00000217c10a44b8]
Event: 6.456 Thread 0x00000217d7503690 2726       3       java.nio.Buffer::nextGetIndex (32 bytes)
Event: 6.456 Thread 0x00000217d7503690 nmethod 2726 0x00000217c10a4590 code [0x00000217c10a4740, 0x00000217c10a4908]

GC Heap History (14 events):
Event: 1.088 GC heap before
{Heap before GC invocations=1 (full 0):
 PSYoungGen      total 29696K, used 25600K [0x00000000eab00000, 0x00000000ecc00000, 0x0000000100000000)
  eden space 25600K, 100% used [0x00000000eab00000,0x00000000ec400000,0x00000000ec400000)
  from space 4096K, 0% used [0x00000000ec800000,0x00000000ec800000,0x00000000ecc00000)
  to   space 4096K, 0% used [0x00000000ec400000,0x00000000ec400000,0x00000000ec800000)
 ParOldGen       total 68608K, used 0K [0x00000000c0000000, 0x00000000c4300000, 0x00000000eab00000)
  object space 68608K, 0% used [0x00000000c0000000,0x00000000c0000000,0x00000000c4300000)
 Metaspace       used 11000K, committed 11200K, reserved 1114112K
  class space    used 1097K, committed 1216K, reserved 1048576K
}
Event: 1.154 GC heap after
{Heap after GC invocations=1 (full 0):
 PSYoungGen      total 29696K, used 3341K [0x00000000eab00000, 0x00000000ecc00000, 0x0000000100000000)
  eden space 25600K, 0% used [0x00000000eab00000,0x00000000eab00000,0x00000000ec400000)
  from space 4096K, 81% used [0x00000000ec400000,0x00000000ec743680,0x00000000ec800000)
  to   space 4096K, 0% used [0x00000000ec800000,0x00000000ec800000,0x00000000ecc00000)
 ParOldGen       total 68608K, used 0K [0x00000000c0000000, 0x00000000c4300000, 0x00000000eab00000)
  object space 68608K, 0% used [0x00000000c0000000,0x00000000c0000000,0x00000000c4300000)
 Metaspace       used 11000K, committed 11200K, reserved 1114112K
  class space    used 1097K, committed 1216K, reserved 1048576K
}
Event: 2.203 GC heap before
{Heap before GC invocations=2 (full 0):
 PSYoungGen      total 29696K, used 28941K [0x00000000eab00000, 0x00000000ecc00000, 0x0000000100000000)
  eden space 25600K, 100% used [0x00000000eab00000,0x00000000ec400000,0x00000000ec400000)
  from space 4096K, 81% used [0x00000000ec400000,0x00000000ec743680,0x00000000ec800000)
  to   space 4096K, 0% used [0x00000000ec800000,0x00000000ec800000,0x00000000ecc00000)
 ParOldGen       total 68608K, used 0K [0x00000000c0000000, 0x00000000c4300000, 0x00000000eab00000)
  object space 68608K, 0% used [0x00000000c0000000,0x00000000c0000000,0x00000000c4300000)
 Metaspace       used 15123K, committed 15360K, reserved 1114112K
  class space    used 1534K, committed 1664K, reserved 1048576K
}
Event: 2.208 GC heap after
{Heap after GC invocations=2 (full 0):
 PSYoungGen      total 29696K, used 4082K [0x00000000eab00000, 0x00000000ecc00000, 0x0000000100000000)
  eden space 25600K, 0% used [0x00000000eab00000,0x00000000eab00000,0x00000000ec400000)
  from space 4096K, 99% used [0x00000000ec800000,0x00000000ecbfcb80,0x00000000ecc00000)
  to   space 4096K, 0% used [0x00000000ec400000,0x00000000ec400000,0x00000000ec800000)
 ParOldGen       total 68608K, used 926K [0x00000000c0000000, 0x00000000c4300000, 0x00000000eab00000)
  object space 68608K, 1% used [0x00000000c0000000,0x00000000c00e7b60,0x00000000c4300000)
 Metaspace       used 15123K, committed 15360K, reserved 1114112K
  class space    used 1534K, committed 1664K, reserved 1048576K
}
Event: 2.794 GC heap before
{Heap before GC invocations=3 (full 0):
 PSYoungGen      total 29696K, used 29682K [0x00000000eab00000, 0x00000000ecc00000, 0x0000000100000000)
  eden space 25600K, 100% used [0x00000000eab00000,0x00000000ec400000,0x00000000ec400000)
  from space 4096K, 99% used [0x00000000ec800000,0x00000000ecbfcb80,0x00000000ecc00000)
  to   space 4096K, 0% used [0x00000000ec400000,0x00000000ec400000,0x00000000ec800000)
 ParOldGen       total 68608K, used 926K [0x00000000c0000000, 0x00000000c4300000, 0x00000000eab00000)
  object space 68608K, 1% used [0x00000000c0000000,0x00000000c00e7b60,0x00000000c4300000)
 Metaspace       used 20200K, committed 20672K, reserved 1114112K
  class space    used 2062K, committed 2304K, reserved 1048576K
}
Event: 2.800 GC heap after
{Heap after GC invocations=3 (full 0):
 PSYoungGen      total 29696K, used 4073K [0x00000000eab00000, 0x00000000ecc00000, 0x0000000100000000)
  eden space 25600K, 0% used [0x00000000eab00000,0x00000000eab00000,0x00000000ec400000)
  from space 4096K, 99% used [0x00000000ec400000,0x00000000ec7fa678,0x00000000ec800000)
  to   space 4096K, 0% used [0x00000000ec800000,0x00000000ec800000,0x00000000ecc00000)
 ParOldGen       total 68608K, used 2806K [0x00000000c0000000, 0x00000000c4300000, 0x00000000eab00000)
  object space 68608K, 4% used [0x00000000c0000000,0x00000000c02bd9e0,0x00000000c4300000)
 Metaspace       used 20200K, committed 20672K, reserved 1114112K
  class space    used 2062K, committed 2304K, reserved 1048576K
}
Event: 2.924 GC heap before
{Heap before GC invocations=4 (full 0):
 PSYoungGen      total 29696K, used 9880K [0x00000000eab00000, 0x00000000ecc00000, 0x0000000100000000)
  eden space 25600K, 22% used [0x00000000eab00000,0x00000000eb0abaa8,0x00000000ec400000)
  from space 4096K, 99% used [0x00000000ec400000,0x00000000ec7fa678,0x00000000ec800000)
  to   space 4096K, 0% used [0x00000000ec800000,0x00000000ec800000,0x00000000ecc00000)
 ParOldGen       total 68608K, used 2806K [0x00000000c0000000, 0x00000000c4300000, 0x00000000eab00000)
  object space 68608K, 4% used [0x00000000c0000000,0x00000000c02bd9e0,0x00000000c4300000)
 Metaspace       used 21109K, committed 21504K, reserved 1114112K
  class space    used 2154K, committed 2304K, reserved 1048576K
}
Event: 2.927 GC heap after
{Heap after GC invocations=4 (full 0):
 PSYoungGen      total 29696K, used 4095K [0x00000000eab00000, 0x00000000ecc00000, 0x0000000100000000)
  eden space 25600K, 0% used [0x00000000eab00000,0x00000000eab00000,0x00000000ec400000)
  from space 4096K, 99% used [0x00000000ec800000,0x00000000ecbffeb8,0x00000000ecc00000)
  to   space 4096K, 0% used [0x00000000ec400000,0x00000000ec400000,0x00000000ec800000)
 ParOldGen       total 68608K, used 3234K [0x00000000c0000000, 0x00000000c4300000, 0x00000000eab00000)
  object space 68608K, 4% used [0x00000000c0000000,0x00000000c0328a20,0x00000000c4300000)
 Metaspace       used 21109K, committed 21504K, reserved 1114112K
  class space    used 2154K, committed 2304K, reserved 1048576K
}
Event: 2.928 GC heap before
{Heap before GC invocations=5 (full 1):
 PSYoungGen      total 29696K, used 4095K [0x00000000eab00000, 0x00000000ecc00000, 0x0000000100000000)
  eden space 25600K, 0% used [0x00000000eab00000,0x00000000eab00000,0x00000000ec400000)
  from space 4096K, 99% used [0x00000000ec800000,0x00000000ecbffeb8,0x00000000ecc00000)
  to   space 4096K, 0% used [0x00000000ec400000,0x00000000ec400000,0x00000000ec800000)
 ParOldGen       total 68608K, used 3234K [0x00000000c0000000, 0x00000000c4300000, 0x00000000eab00000)
  object space 68608K, 4% used [0x00000000c0000000,0x00000000c0328a20,0x00000000c4300000)
 Metaspace       used 21109K, committed 21504K, reserved 1114112K
  class space    used 2154K, committed 2304K, reserved 1048576K
}
Event: 2.947 GC heap after
{Heap after GC invocations=5 (full 1):
 PSYoungGen      total 29696K, used 0K [0x00000000eab00000, 0x00000000ecc00000, 0x0000000100000000)
  eden space 25600K, 0% used [0x00000000eab00000,0x00000000eab00000,0x00000000ec400000)
  from space 4096K, 0% used [0x00000000ec800000,0x00000000ec800000,0x00000000ecc00000)
  to   space 4096K, 0% used [0x00000000ec400000,0x00000000ec400000,0x00000000ec800000)
 ParOldGen       total 68608K, used 7190K [0x00000000c0000000, 0x00000000c4300000, 0x00000000eab00000)
  object space 68608K, 10% used [0x00000000c0000000,0x00000000c0705a60,0x00000000c4300000)
 Metaspace       used 21096K, committed 21504K, reserved 1114112K
  class space    used 2151K, committed 2304K, reserved 1048576K
}
Event: 3.234 GC heap before
{Heap before GC invocations=6 (full 1):
 PSYoungGen      total 29696K, used 25600K [0x00000000eab00000, 0x00000000ecc00000, 0x0000000100000000)
  eden space 25600K, 100% used [0x00000000eab00000,0x00000000ec400000,0x00000000ec400000)
  from space 4096K, 0% used [0x00000000ec800000,0x00000000ec800000,0x00000000ecc00000)
  to   space 4096K, 0% used [0x00000000ec400000,0x00000000ec400000,0x00000000ec800000)
 ParOldGen       total 68608K, used 7190K [0x00000000c0000000, 0x00000000c4300000, 0x00000000eab00000)
  object space 68608K, 10% used [0x00000000c0000000,0x00000000c0705a60,0x00000000c4300000)
 Metaspace       used 24233K, committed 24640K, reserved 1114112K
  class space    used 2388K, committed 2560K, reserved 1048576K
}
Event: 3.235 GC heap after
{Heap after GC invocations=6 (full 1):
 PSYoungGen      total 26112K, used 772K [0x00000000eab00000, 0x00000000ec880000, 0x0000000100000000)
  eden space 25088K, 0% used [0x00000000eab00000,0x00000000eab00000,0x00000000ec380000)
  from space 1024K, 75% used [0x00000000ec400000,0x00000000ec4c10e8,0x00000000ec500000)
  to   space 2560K, 0% used [0x00000000ec600000,0x00000000ec600000,0x00000000ec880000)
 ParOldGen       total 68608K, used 7198K [0x00000000c0000000, 0x00000000c4300000, 0x00000000eab00000)
  object space 68608K, 10% used [0x00000000c0000000,0x00000000c0707a60,0x00000000c4300000)
 Metaspace       used 24233K, committed 24640K, reserved 1114112K
  class space    used 2388K, committed 2560K, reserved 1048576K
}
Event: 3.504 GC heap before
{Heap before GC invocations=7 (full 1):
 PSYoungGen      total 26112K, used 25860K [0x00000000eab00000, 0x00000000ec880000, 0x0000000100000000)
  eden space 25088K, 100% used [0x00000000eab00000,0x00000000ec380000,0x00000000ec380000)
  from space 1024K, 75% used [0x00000000ec400000,0x00000000ec4c10e8,0x00000000ec500000)
  to   space 2560K, 0% used [0x00000000ec600000,0x00000000ec600000,0x00000000ec880000)
 ParOldGen       total 68608K, used 7198K [0x00000000c0000000, 0x00000000c4300000, 0x00000000eab00000)
  object space 68608K, 10% used [0x00000000c0000000,0x00000000c0707a60,0x00000000c4300000)
 Metaspace       used 27102K, committed 27520K, reserved 1114112K
  class space    used 2608K, committed 2816K, reserved 1048576K
}
Event: 3.509 GC heap after
{Heap after GC invocations=7 (full 1):
 PSYoungGen      total 26112K, used 1054K [0x00000000eab00000, 0x00000000ec780000, 0x0000000100000000)
  eden space 24576K, 0% used [0x00000000eab00000,0x00000000eab00000,0x00000000ec300000)
  from space 1536K, 68% used [0x00000000ec600000,0x00000000ec7079a8,0x00000000ec780000)
  to   space 1536K, 0% used [0x00000000ec480000,0x00000000ec480000,0x00000000ec600000)
 ParOldGen       total 68608K, used 7206K [0x00000000c0000000, 0x00000000c4300000, 0x00000000eab00000)
  object space 68608K, 10% used [0x00000000c0000000,0x00000000c0709a60,0x00000000c4300000)
 Metaspace       used 27102K, committed 27520K, reserved 1114112K
  class space    used 2608K, committed 2816K, reserved 1048576K
}

Dll operation events (9 events):
Event: 0.029 Loaded shared library c:\Users\so-u\.vscode\extensions\redhat.java-1.26.0-win32-x64\jre\17.0.9-win32-x86_64\bin\java.dll
Event: 0.320 Loaded shared library c:\Users\so-u\.vscode\extensions\redhat.java-1.26.0-win32-x64\jre\17.0.9-win32-x86_64\bin\zip.dll
Event: 0.336 Loaded shared library C:\Users\so-u\.vscode\extensions\redhat.java-1.26.0-win32-x64\jre\17.0.9-win32-x86_64\bin\instrument.dll
Event: 0.348 Loaded shared library C:\Users\so-u\.vscode\extensions\redhat.java-1.26.0-win32-x64\jre\17.0.9-win32-x86_64\bin\net.dll
Event: 0.354 Loaded shared library C:\Users\so-u\.vscode\extensions\redhat.java-1.26.0-win32-x64\jre\17.0.9-win32-x86_64\bin\nio.dll
Event: 0.363 Loaded shared library C:\Users\so-u\.vscode\extensions\redhat.java-1.26.0-win32-x64\jre\17.0.9-win32-x86_64\bin\zip.dll
Event: 0.383 Loaded shared library C:\Users\so-u\.vscode\extensions\redhat.java-1.26.0-win32-x64\jre\17.0.9-win32-x86_64\bin\jimage.dll
Event: 0.488 Loaded shared library c:\Users\so-u\.vscode\extensions\redhat.java-1.26.0-win32-x64\jre\17.0.9-win32-x86_64\bin\verify.dll
Event: 1.989 Loaded shared library C:\Users\so-u\AppData\Roaming\Code\User\globalStorage\redhat.java\1.26.0\config_ss_win\org.eclipse.equinox.launcher\org.eclipse.equinox.launcher.win32.win32.x86_64_1.2.800.v20231003-1442\eclipse_11802.dll

Deoptimization events (20 events):
Event: 4.376 Thread 0x00000217d7fa2c50 DEOPT PACKING pc=0x00000217c86ac894 sp=0x000000a8e4efddd0
Event: 4.376 Thread 0x00000217d7fa2c50 DEOPT UNPACKING pc=0x00000217c80d66a3 sp=0x000000a8e4efdcd0 mode 2
Event: 4.376 Thread 0x00000217d7fa2c50 Uncommon trap: trap_request=0xffffffc6 fr.pc=0x00000217c86ac894 relative=0x00000000000009d4
Event: 4.376 Thread 0x00000217d7fa2c50 Uncommon trap: reason=bimorphic_or_optimized_type_check action=maybe_recompile pc=0x00000217c86ac894 method=java.util.HashMap.putVal(ILjava/lang/Object;Ljava/lang/Object;ZZ)Ljava/lang/Object; @ 56 c2
Event: 4.376 Thread 0x00000217d7fa2c50 DEOPT PACKING pc=0x00000217c86ac894 sp=0x000000a8e4efddd0
Event: 4.376 Thread 0x00000217d7fa2c50 DEOPT UNPACKING pc=0x00000217c80d66a3 sp=0x000000a8e4efdcd0 mode 2
Event: 6.360 Thread 0x00000217d8274240 DEOPT PACKING pc=0x00000217c102fa9e sp=0x000000a8e55fb7e0
Event: 6.360 Thread 0x00000217d8274240 DEOPT UNPACKING pc=0x00000217c80d6e43 sp=0x000000a8e55facd8 mode 0
Event: 6.387 Thread 0x00000217d7fa2c50 Uncommon trap: trap_request=0xffffff45 fr.pc=0x00000217c8737f60 relative=0x0000000000000c00
Event: 6.387 Thread 0x00000217d7fa2c50 Uncommon trap: reason=unstable_if action=reinterpret pc=0x00000217c8737f60 method=java.util.Properties$LineReader.readLine()I @ 221 c2
Event: 6.387 Thread 0x00000217d7fa2c50 DEOPT PACKING pc=0x00000217c8737f60 sp=0x000000a8e4efd560
Event: 6.387 Thread 0x00000217d7fa2c50 DEOPT UNPACKING pc=0x00000217c80d66a3 sp=0x000000a8e4efd500 mode 2
Event: 6.392 Thread 0x00000217d8274240 Uncommon trap: trap_request=0xffffff45 fr.pc=0x00000217c8718d58 relative=0x0000000000001bb8
Event: 6.393 Thread 0x00000217d8274240 Uncommon trap: reason=unstable_if action=reinterpret pc=0x00000217c8718d58 method=java.util.Properties.loadConvert([CIILjava/lang/StringBuilder;)Ljava/lang/String; @ 477 c2
Event: 6.393 Thread 0x00000217d8274240 DEOPT PACKING pc=0x00000217c8718d58 sp=0x000000a8e55fd280
Event: 6.393 Thread 0x00000217d8274240 DEOPT UNPACKING pc=0x00000217c80d66a3 sp=0x000000a8e55fd280 mode 2
Event: 6.424 Thread 0x00000217d8274240 DEOPT PACKING pc=0x00000217c107ad1e sp=0x000000a8e55fd950
Event: 6.424 Thread 0x00000217d8274240 DEOPT UNPACKING pc=0x00000217c80d6e43 sp=0x000000a8e55fce48 mode 0
Event: 6.425 Thread 0x00000217d8274240 DEOPT PACKING pc=0x00000217c107ad1e sp=0x000000a8e55fd950
Event: 6.425 Thread 0x00000217d8274240 DEOPT UNPACKING pc=0x00000217c80d6e43 sp=0x000000a8e55fce48 mode 0

Classes unloaded (7 events):
Event: 2.930 Thread 0x00000217bbc9eb20 Unloading class 0x000000010021a400 'java/lang/invoke/LambdaForm$MH+0x000000010021a400'
Event: 2.930 Thread 0x00000217bbc9eb20 Unloading class 0x000000010021a000 'java/lang/invoke/LambdaForm$MH+0x000000010021a000'
Event: 2.930 Thread 0x00000217bbc9eb20 Unloading class 0x0000000100219c00 'java/lang/invoke/LambdaForm$MH+0x0000000100219c00'
Event: 2.930 Thread 0x00000217bbc9eb20 Unloading class 0x0000000100219800 'java/lang/invoke/LambdaForm$MH+0x0000000100219800'
Event: 2.930 Thread 0x00000217bbc9eb20 Unloading class 0x0000000100219400 'java/lang/invoke/LambdaForm$BMH+0x0000000100219400'
Event: 2.930 Thread 0x00000217bbc9eb20 Unloading class 0x0000000100219000 'java/lang/invoke/LambdaForm$DMH+0x0000000100219000'
Event: 2.930 Thread 0x00000217bbc9eb20 Unloading class 0x0000000100214400 'java/lang/invoke/LambdaForm$DMH+0x0000000100214400'

Classes redefined (0 events):
No events

Internal exceptions (20 events):
Event: 2.972 Thread 0x00000217d7fa2c50 Exception <a 'java/lang/NoSuchMethodError'{0x00000000eac10e88}: 'java.lang.Object java.lang.invoke.DirectMethodHandle$Holder.invokeSpecial(java.lang.Object, java.lang.Object, java.lang.Object, int, java.lang.Object, java.lang.Object)'> (0x00000000eac10e88) 
thrown [s\src\hotspot\share\interpreter\linkResolver.cpp, line 759]
Event: 2.973 Thread 0x00000217d7fa2c50 Exception <a 'java/lang/NoSuchMethodError'{0x00000000eac19690}: 'java.lang.Object java.lang.invoke.DirectMethodHandle$Holder.newInvokeSpecial(java.lang.Object, java.lang.Object, java.lang.Object, int, java.lang.Object)'> (0x00000000eac19690) 
thrown [s\src\hotspot\share\interpreter\linkResolver.cpp, line 759]
Event: 2.973 Thread 0x00000217d7fa2c50 Exception <a 'java/lang/NoSuchMethodError'{0x00000000eac1dae8}: 'java.lang.Object java.lang.invoke.DirectMethodHandle$Holder.invokeSpecial(java.lang.Object, java.lang.Object, java.lang.Object, java.lang.Object, int, java.lang.Object)'> (0x00000000eac1dae8) 
thrown [s\src\hotspot\share\interpreter\linkResolver.cpp, line 759]
Event: 2.994 Thread 0x00000217d8273820 Exception <a 'java/lang/NoSuchMethodError'{0x00000000ead238c0}: 'java.lang.Object java.lang.invoke.DirectMethodHandle$Holder.invokeSpecial(java.lang.Object, java.lang.Object, int, java.lang.Object, java.lang.Object)'> (0x00000000ead238c0) 
thrown [s\src\hotspot\share\interpreter\linkResolver.cpp, line 759]
Event: 2.995 Thread 0x00000217d8273820 Exception <a 'java/lang/NoSuchMethodError'{0x00000000ead2af90}: 'java.lang.Object java.lang.invoke.DirectMethodHandle$Holder.newInvokeSpecial(java.lang.Object, java.lang.Object, int, java.lang.Object)'> (0x00000000ead2af90) 
thrown [s\src\hotspot\share\interpreter\linkResolver.cpp, line 759]
Event: 2.999 Thread 0x00000217d8273820 Exception <a 'java/lang/NoSuchMethodError'{0x00000000ead2eaa0}: 'java.lang.Object java.lang.invoke.DirectMethodHandle$Holder.invokeSpecial(java.lang.Object, java.lang.Object, java.lang.Object, int, java.lang.Object)'> (0x00000000ead2eaa0) 
thrown [s\src\hotspot\share\interpreter\linkResolver.cpp, line 759]
Event: 3.034 Thread 0x00000217d8273820 Exception <a 'java/lang/NoSuchMethodError'{0x00000000eae93f30}: 'java.lang.Object java.lang.invoke.DirectMethodHandle$Holder.newInvokeSpecial(java.lang.Object, java.lang.Object, java.lang.Object, java.lang.Object, java.lang.Object)'> (0x00000000eae93f30) 
thrown [s\src\hotspot\share\interpreter\linkResolver.cpp, line 759]
Event: 3.177 Thread 0x00000217d7fa2c50 Exception <a 'java/io/FileNotFoundException'{0x00000000ebf34b58}> (0x00000000ebf34b58) 
thrown [s\src\hotspot\share\prims\jni.cpp, line 516]
Event: 3.177 Thread 0x00000217d7fa2c50 Exception <a 'java/io/FileNotFoundException'{0x00000000ebf35e78}> (0x00000000ebf35e78) 
thrown [s\src\hotspot\share\prims\jni.cpp, line 516]
Event: 3.178 Thread 0x00000217d7fa2c50 Exception <a 'java/io/FileNotFoundException'{0x00000000ebf371a0}> (0x00000000ebf371a0) 
thrown [s\src\hotspot\share\prims\jni.cpp, line 516]
Event: 3.592 Thread 0x00000217d7fa2c50 Exception <a 'java/lang/ClassNotFoundException'{0x00000000eae3a380}: com/sun/org/apache/xerces/internal/impl/msg/spi/DOMMessagesProvider> (0x00000000eae3a380) 
thrown [s\src\hotspot\share\classfile\systemDictionary.cpp, line 256]
Event: 3.594 Thread 0x00000217d7fa2c50 Implicit null exception at 0x00000217c86e7678 to 0x00000217c86e82ec
Event: 3.597 Thread 0x00000217d7fa2c50 Exception <a 'java/lang/ClassNotFoundException'{0x00000000eae74760}: com/sun/org/apache/xerces/internal/impl/msg/spi/XMLSerializerMessagesProvider> (0x00000000eae74760) 
thrown [s\src\hotspot\share\classfile\systemDictionary.cpp, line 256]
Event: 3.599 Thread 0x00000217d7fa2c50 Exception <a 'java/lang/ClassNotFoundException'{0x00000000eae8dff0}: com/sun/org/apache/xerces/internal/impl/msg/spi/XMLMessagesProvider> (0x00000000eae8dff0) 
thrown [s\src\hotspot\share\classfile\systemDictionary.cpp, line 256]
Event: 3.637 Thread 0x00000217d8274240 Exception <a 'java/lang/NoSuchMethodError'{0x00000000eafc6518}: 'int java.lang.invoke.DirectMethodHandle$Holder.invokeVirtual(java.lang.Object, java.lang.Object)'> (0x00000000eafc6518) 
thrown [s\src\hotspot\share\interpreter\linkResolver.cpp, line 759]
Event: 3.645 Thread 0x00000217d7fa2c50 Exception <a 'java/lang/NoSuchMethodError'{0x00000000eafeef70}: 'java.lang.Object java.lang.invoke.DirectMethodHandle$Holder.newInvokeSpecial(java.lang.Object, int, java.lang.Object, java.lang.Object)'> (0x00000000eafeef70) 
thrown [s\src\hotspot\share\interpreter\linkResolver.cpp, line 759]
Event: 5.987 Thread 0x00000217d7fa2c50 Exception <a 'java/lang/NoSuchMethodError'{0x00000000eb195658}: 'java.lang.Object java.lang.invoke.DirectMethodHandle$Holder.invokeStaticInit(java.lang.Object, int, int, int, int)'> (0x00000000eb195658) 
thrown [s\src\hotspot\share\interpreter\linkResolver.cpp, line 759]
Event: 6.271 Thread 0x00000217d7fa2c50 Exception <a 'java/lang/NoSuchMethodError'{0x00000000eb284768}: 'java.lang.Object java.lang.invoke.DirectMethodHandle$Holder.invokeStaticInit(java.lang.Object, java.lang.Object, int, int, int, int)'> (0x00000000eb284768) 
thrown [s\src\hotspot\share\interpreter\linkResolver.cpp, line 759]
Event: 6.338 Thread 0x00000217d7fa2c50 Exception <a 'sun/nio/fs/WindowsException'{0x00000000eb525e00}> (0x00000000eb525e00) 
thrown [s\src\hotspot\share\prims\jni.cpp, line 516]
Event: 6.425 Thread 0x00000217d7fa2c50 Exception <a 'java/lang/ClassNotFoundException'{0x00000000ebb05e08}: com/sun/org/apache/xml/internal/serializer/spi/XMLEntitiesProvider> (0x00000000ebb05e08) 
thrown [s\src\hotspot\share\classfile\systemDictionary.cpp, line 256]

VM Operations (20 events):
Event: 2.924 Executing VM operation: CollectForMetadataAllocation
Event: 2.948 Executing VM operation: CollectForMetadataAllocation done
Event: 2.985 Executing VM operation: HandshakeAllThreads
Event: 2.988 Executing VM operation: HandshakeAllThreads done
Event: 3.234 Executing VM operation: ParallelGCFailedAllocation
Event: 3.235 Executing VM operation: ParallelGCFailedAllocation done
Event: 3.504 Executing VM operation: ParallelGCFailedAllocation
Event: 3.509 Executing VM operation: ParallelGCFailedAllocation done
Event: 3.649 Executing VM operation: HandshakeAllThreads
Event: 4.368 Executing VM operation: HandshakeAllThreads done
Event: 5.369 Executing VM operation: Cleanup
Event: 5.369 Executing VM operation: Cleanup done
Event: 6.292 Executing VM operation: HandshakeAllThreads
Event: 6.292 Executing VM operation: HandshakeAllThreads done
Event: 6.410 Executing VM operation: HandshakeAllThreads
Event: 6.410 Executing VM operation: HandshakeAllThreads done
Event: 6.410 Executing VM operation: Cleanup
Event: 6.410 Executing VM operation: Cleanup done
Event: 6.438 Executing VM operation: HandshakeAllThreads
Event: 6.438 Executing VM operation: HandshakeAllThreads done

Events (20 events):
Event: 6.439 loading class java/nio/charset/Charset$1
Event: 6.439 loading class java/nio/charset/Charset$1 done
Event: 6.441 loading class java/nio/charset/UnsupportedCharsetException
Event: 6.441 loading class java/nio/charset/UnsupportedCharsetException done
Event: 6.446 loading class sun/net/www/protocol/https/Handler
Event: 6.446 loading class sun/nio/cs/ISO_8859_13
Event: 6.447 loading class sun/net/www/protocol/http/Handler
Event: 6.447 loading class sun/nio/cs/ISO_8859_13 done
Event: 6.447 loading class sun/net/www/protocol/http/Handler done
Event: 6.447 loading class sun/net/www/protocol/https/Handler done
Event: 6.454 loading class sun/nio/cs/ISO_8859_15
Event: 6.454 loading class sun/nio/cs/ISO_8859_15 done
Event: 6.456 loading class sun/nio/cs/MS1251
Event: 6.456 loading class sun/nio/cs/MS1251 done
Event: 6.456 loading class sun/nio/cs/MS1252
Event: 6.456 loading class sun/nio/cs/MS1252 done
Event: 6.456 loading class sun/nio/cs/MS1250
Event: 6.456 loading class sun/nio/cs/MS1250 done
Event: 6.457 loading class sun/nio/cs/ISO_8859_2
Event: 6.457 loading class sun/nio/cs/ISO_8859_2 done


Dynamic libraries:
0x00007ff6a2170000 - 0x00007ff6a217e000 	c:\Users\so-u\.vscode\extensions\redhat.java-1.26.0-win32-x64\jre\17.0.9-win32-x86_64\bin\java.exe
0x00007ffc466f0000 - 0x00007ffc46907000 	C:\WINDOWS\SYSTEM32\ntdll.dll
0x00007ffc44c90000 - 0x00007ffc44d54000 	C:\WINDOWS\System32\KERNEL32.DLL
0x00007ffc43f70000 - 0x00007ffc44316000 	C:\WINDOWS\System32\KERNELBASE.dll
0x00007ffc40f00000 - 0x00007ffc40f97000 	C:\WINDOWS\SYSTEM32\apphelp.dll
0x00007ffc44320000 - 0x00007ffc44431000 	C:\WINDOWS\System32\ucrtbase.dll
0x00007ffc283c0000 - 0x00007ffc283d7000 	c:\Users\so-u\.vscode\extensions\redhat.java-1.26.0-win32-x64\jre\17.0.9-win32-x86_64\bin\jli.dll
0x00007ffc45c10000 - 0x00007ffc45dbe000 	C:\WINDOWS\System32\USER32.dll
0x00007ffc43ce0000 - 0x00007ffc43d06000 	C:\WINDOWS\System32\win32u.dll
0x00007ffc445e0000 - 0x00007ffc44609000 	C:\WINDOWS\System32\GDI32.dll
0x00007ffc43d10000 - 0x00007ffc43e28000 	C:\WINDOWS\System32\gdi32full.dll
0x00007ffc43e30000 - 0x00007ffc43eca000 	C:\WINDOWS\System32\msvcp_win.dll
0x00007ffc34800000 - 0x00007ffc3481b000 	c:\Users\so-u\.vscode\extensions\redhat.java-1.26.0-win32-x64\jre\17.0.9-win32-x86_64\bin\VCRUNTIME140.dll
0x00007ffc31c60000 - 0x00007ffc31ef3000 	C:\WINDOWS\WinSxS\amd64_microsoft.windows.common-controls_6595b64144ccf1df_6.0.22621.2506_none_270c5ae97388e100\COMCTL32.dll
0x00007ffc46160000 - 0x00007ffc46207000 	C:\WINDOWS\System32\msvcrt.dll
0x00007ffc44b70000 - 0x00007ffc44ba1000 	C:\WINDOWS\System32\IMM32.DLL
0x00007ffc3ad10000 - 0x00007ffc3ad1c000 	c:\Users\so-u\.vscode\extensions\redhat.java-1.26.0-win32-x64\jre\17.0.9-win32-x86_64\bin\vcruntime140_1.dll
0x00007ffc0d8a0000 - 0x00007ffc0d92d000 	c:\Users\so-u\.vscode\extensions\redhat.java-1.26.0-win32-x64\jre\17.0.9-win32-x86_64\bin\msvcp140.dll
0x00007ffbba4d0000 - 0x00007ffbbb131000 	c:\Users\so-u\.vscode\extensions\redhat.java-1.26.0-win32-x64\jre\17.0.9-win32-x86_64\bin\server\jvm.dll
0x00007ffc46210000 - 0x00007ffc462c3000 	C:\WINDOWS\System32\ADVAPI32.dll
0x00007ffc451e0000 - 0x00007ffc45288000 	C:\WINDOWS\System32\sechost.dll
0x00007ffc43f40000 - 0x00007ffc43f68000 	C:\WINDOWS\System32\bcrypt.dll
0x00007ffc45290000 - 0x00007ffc453a7000 	C:\WINDOWS\System32\RPCRT4.dll
0x00007ffc43900000 - 0x00007ffc4394d000 	C:\WINDOWS\SYSTEM32\POWRPROF.dll
0x00007ffc12040000 - 0x00007ffc12049000 	C:\WINDOWS\SYSTEM32\WSOCK32.dll
0x00007ffc44560000 - 0x00007ffc445d1000 	C:\WINDOWS\System32\WS2_32.dll
0x00007ffc3cfd0000 - 0x00007ffc3d004000 	C:\WINDOWS\SYSTEM32\WINMM.dll
0x00007ffc39780000 - 0x00007ffc3978a000 	C:\WINDOWS\SYSTEM32\VERSION.dll
0x00007ffc438e0000 - 0x00007ffc438f3000 	C:\WINDOWS\SYSTEM32\UMPDC.dll
0x00007ffc42a60000 - 0x00007ffc42a78000 	C:\WINDOWS\SYSTEM32\kernel.appcore.dll
0x00007ffc3a710000 - 0x00007ffc3a71a000 	c:\Users\so-u\.vscode\extensions\redhat.java-1.26.0-win32-x64\jre\17.0.9-win32-x86_64\bin\jimage.dll
0x00007ffc3ba70000 - 0x00007ffc3bca3000 	C:\WINDOWS\SYSTEM32\DBGHELP.DLL
0x00007ffc462d0000 - 0x00007ffc46659000 	C:\WINDOWS\System32\combase.dll
0x00007ffc44bb0000 - 0x00007ffc44c87000 	C:\WINDOWS\System32\OLEAUT32.dll
0x00007ffc3b120000 - 0x00007ffc3b152000 	C:\WINDOWS\SYSTEM32\dbgcore.DLL
0x00007ffc43a30000 - 0x00007ffc43aaa000 	C:\WINDOWS\System32\bcryptPrimitives.dll
0x00007ffc3a690000 - 0x00007ffc3a69e000 	c:\Users\so-u\.vscode\extensions\redhat.java-1.26.0-win32-x64\jre\17.0.9-win32-x86_64\bin\instrument.dll
0x00007ffc21b70000 - 0x00007ffc21b95000 	c:\Users\so-u\.vscode\extensions\redhat.java-1.26.0-win32-x64\jre\17.0.9-win32-x86_64\bin\java.dll
0x00007ffc24ba0000 - 0x00007ffc24bb8000 	c:\Users\so-u\.vscode\extensions\redhat.java-1.26.0-win32-x64\jre\17.0.9-win32-x86_64\bin\zip.dll
0x00007ffc453b0000 - 0x00007ffc45c0a000 	C:\WINDOWS\System32\SHELL32.dll
0x00007ffc41980000 - 0x00007ffc42276000 	C:\WINDOWS\SYSTEM32\windows.storage.dll
0x00007ffc41840000 - 0x00007ffc4197e000 	C:\WINDOWS\SYSTEM32\wintypes.dll
0x00007ffc449f0000 - 0x00007ffc44ae3000 	C:\WINDOWS\System32\SHCORE.dll
0x00007ffc45df0000 - 0x00007ffc45e4e000 	C:\WINDOWS\System32\shlwapi.dll
0x00007ffc43960000 - 0x00007ffc43986000 	C:\WINDOWS\SYSTEM32\profapi.dll
0x00007ffc25f40000 - 0x00007ffc25f59000 	C:\Users\so-u\.vscode\extensions\redhat.java-1.26.0-win32-x64\jre\17.0.9-win32-x86_64\bin\net.dll
0x00007ffc3da20000 - 0x00007ffc3db57000 	C:\WINDOWS\SYSTEM32\WINHTTP.dll
0x00007ffc42ee0000 - 0x00007ffc42f49000 	C:\WINDOWS\system32\mswsock.dll
0x00007ffc232a0000 - 0x00007ffc232b6000 	C:\Users\so-u\.vscode\extensions\redhat.java-1.26.0-win32-x64\jre\17.0.9-win32-x86_64\bin\nio.dll
0x00007ffc3a480000 - 0x00007ffc3a490000 	c:\Users\so-u\.vscode\extensions\redhat.java-1.26.0-win32-x64\jre\17.0.9-win32-x86_64\bin\verify.dll
0x00007ffc21220000 - 0x00007ffc2125e000 	C:\Users\so-u\AppData\Roaming\Code\User\globalStorage\redhat.java\1.26.0\config_ss_win\org.eclipse.equinox.launcher\org.eclipse.equinox.launcher.win32.win32.x86_64_1.2.800.v20231003-1442\eclipse_11802.dll
0x00007ffc44840000 - 0x00007ffc449e0000 	C:\WINDOWS\System32\ole32.dll
0x00007ffc43130000 - 0x00007ffc4314b000 	C:\WINDOWS\SYSTEM32\CRYPTSP.dll
0x00007ffc429c0000 - 0x00007ffc429f5000 	C:\WINDOWS\system32\rsaenh.dll
0x00007ffc42fd0000 - 0x00007ffc42ffc000 	C:\WINDOWS\SYSTEM32\USERENV.dll
0x00007ffc43150000 - 0x00007ffc4315c000 	C:\WINDOWS\SYSTEM32\CRYPTBASE.dll
0x00007ffc424e0000 - 0x00007ffc4250d000 	C:\WINDOWS\SYSTEM32\IPHLPAPI.DLL
0x00007ffc444f0000 - 0x00007ffc444f9000 	C:\WINDOWS\System32\NSI.dll
0x00007ffc3dba0000 - 0x00007ffc3dbb9000 	C:\WINDOWS\SYSTEM32\dhcpcsvc6.DLL
0x00007ffc3d550000 - 0x00007ffc3d56f000 	C:\WINDOWS\SYSTEM32\dhcpcsvc.DLL
0x00007ffc42550000 - 0x00007ffc42649000 	C:\WINDOWS\SYSTEM32\DNSAPI.dll

dbghelp: loaded successfully - version: 4.0.5 - missing functions: none
symbol engine: initialized successfully - sym options: 0x614 - pdb path: .;c:\Users\so-u\.vscode\extensions\redhat.java-1.26.0-win32-x64\jre\17.0.9-win32-x86_64\bin;C:\WINDOWS\SYSTEM32;C:\WINDOWS\WinSxS\amd64_microsoft.windows.common-controls_6595b64144ccf1df_6.0.22621.2506_none_270c5ae97388e100;c:\Users\so-u\.vscode\extensions\redhat.java-1.26.0-win32-x64\jre\17.0.9-win32-x86_64\bin\server;C:\Users\so-u\AppData\Roaming\Code\User\globalStorage\redhat.java\1.26.0\config_ss_win\org.eclipse.equinox.launcher\org.eclipse.equinox.launcher.win32.win32.x86_64_1.2.800.v20231003-1442

VM Arguments:
jvm_args: --add-modules=ALL-SYSTEM --add-opens=java.base/java.util=ALL-UNNAMED --add-opens=java.base/java.lang=ALL-UNNAMED --add-opens=java.base/sun.nio.fs=ALL-UNNAMED -Declipse.application=org.eclipse.jdt.ls.core.id1 -Dosgi.bundles.defaultStartLevel=4 -Declipse.product=org.eclipse.jdt.ls.core.product -Djava.import.generatesMetadataFilesAtProjectRoot=false -DDetectVMInstallationsJob.disabled=true -Dfile.encoding=utf8 -XX:+UseParallelGC -XX:GCTimeRatio=4 -XX:AdaptiveSizePolicyWeight=90 -Dsun.zip.disableMemoryMapping=true -Xmx1G -Xms100m -Xlog:disable -javaagent:c:\Users\so-u\.vscode\extensions\redhat.java-1.26.0-win32-x64\lombok\lombok-1.18.31-3454.jar 
java_command: c:\Users\so-u\.vscode\extensions\redhat.java-1.26.0-win32-x64\server\plugins\org.eclipse.equinox.launcher_1.6.700.v20231214-2017.jar -configuration c:\Users\so-u\AppData\Roaming\Code\User\globalStorage\redhat.java\1.26.0\config_ss_win -data c:\Users\so-u\AppData\Roaming\Code\User\workspaceStorage\5e595132d2747ca74a5c2523b199d736\redhat.java\ss_ws --stdio
java_class_path (initial): c:\Users\so-u\.vscode\extensions\redhat.java-1.26.0-win32-x64\server\plugins\org.eclipse.equinox.launcher_1.6.700.v20231214-2017.jar
Launcher Type: SUN_STANDARD

[Global flags]
    uintx AdaptiveSizePolicyWeight                 = 90                                        {product} {command line}
     intx CICompilerCount                          = 3                                         {product} {ergonomic}
    uintx GCTimeRatio                              = 4                                         {product} {command line}
   size_t InitialHeapSize                          = 104857600                                 {product} {command line}
   size_t MaxHeapSize                              = 1073741824                                {product} {command line}
   size_t MaxNewSize                               = 357564416                                 {product} {ergonomic}
   size_t MinHeapDeltaBytes                        = 524288                                    {product} {ergonomic}
   size_t MinHeapSize                              = 104857600                                 {product} {command line}
   size_t NewSize                                  = 34603008                                  {product} {ergonomic}
    uintx NonNMethodCodeHeapSize                   = 5832780                                {pd product} {ergonomic}
    uintx NonProfiledCodeHeapSize                  = 122912730                              {pd product} {ergonomic}
   size_t OldSize                                  = 70254592                                  {product} {ergonomic}
    uintx ProfiledCodeHeapSize                     = 122912730                              {pd product} {ergonomic}
    uintx ReservedCodeCacheSize                    = 251658240                              {pd product} {ergonomic}
     bool SegmentedCodeCache                       = true                                      {product} {ergonomic}
   size_t SoftMaxHeapSize                          = 1073741824                             {manageable} {ergonomic}
     bool UseCompressedClassPointers               = true                           {product lp64_product} {ergonomic}
     bool UseCompressedOops                        = true                           {product lp64_product} {ergonomic}
     bool UseLargePagesIndividualAllocation        = false                                  {pd product} {ergonomic}
     bool UseParallelGC                            = true                                      {product} {command line}

Logging:
Log output configuration:
 #0: stdout all=off uptime,level,tags
 #1: stderr all=off uptime,level,tags

Environment Variables:
PATH=C:\Program Files\Common Files\Oracle\Java\javapath;C:\WINDOWS\system32;C:\WINDOWS;C:\WINDOWS\System32\Wbem;C:\WINDOWS\System32\WindowsPowerShell\v1.0\;C:\WINDOWS\System32\OpenSSH\;C:\MinGW\bin;C:\Program Files\Bandizip\;C:\R\rtools40\usr\bin;C:\Program Files\Git\cmd;C:\Program Files\nodejs\;C:\Program Files\MariaDB 11.4\bin;C:\Users\so-u\AppData\Local\Programs\Python\Python310\Scripts\;C:\Users\so-u\AppData\Local\Programs\Python\Python310\;C:\Users\so-u\AppData\Local\Microsoft\WindowsApps;C:\MinGW\bin;C:\Users\so-u\AppData\Local\Programs\Microsoft VS Code\bin;C:\R\rtools40\usr\bin;C:\Users\so-u\AppData\Local\GitHubDesktop\bin;C:\Users\so-u\AppData\Roaming\npm;C:\Program Files\MariaDB 11.4\bin;
USERNAME=so-u
OS=Windows_NT
PROCESSOR_IDENTIFIER=AMD64 Family 23 Model 96 Stepping 1, AuthenticAMD
TMP=C:\Users\so-u\AppData\Local\Temp
TEMP=C:\Users\so-u\AppData\Local\Temp



Periodic native trim disabled


---------------  S Y S T E M  ---------------

OS:
 Windows 11 , 64 bit Build 22621 (10.0.22621.2506)
OS uptime: 13 days 13:48 hours

CPU: total 6 (initial active 6) (6 cores per cpu, 1 threads per core) family 23 model 96 stepping 1 microcode 0x0, cx8, cmov, fxsr, mmx, 3dnowpref, sse, sse2, sse3, ssse3, sse4a, sse4.1, sse4.2, popcnt, lzcnt, tsc, tscinvbit, avx, avx2, aes, clmul, bmi1, bmi2, adx, sha, fma, vzeroupper, clflush, clflushopt
Processor Information for all 6 processors :
  Max Mhz: 2375, Current Mhz: 2375, Mhz Limit: 2375

Memory: 4k page, system-wide physical 7549M (330M free)
TotalPageFile size 31101M (AvailPageFile size 4M)
current process WorkingSet (physical memory assigned to process): 124M, peak: 148M
current process commit charge ("private bytes"): 223M, peak: 248M

vm_info: OpenJDK 64-Bit Server VM (17.0.9+9) for windows-amd64 JRE (17.0.9+9), built on Oct 26 2023 14:01:42 by "admin" with MS VC++ 16.10 / 16.11 (VS2019)

END.
