#
# There is insufficient memory for the Java Runtime Environment to continue.
# Native memory allocation (malloc) failed to allocate 424528 bytes for Chunk::new
# Possible reasons:
#   The system is out of physical RAM or swap space
#   The process is running with CompressedOops enabled, and the Java Heap may be blocking the growth of the native heap
# Possible solutions:
#   Reduce memory load on the system
#   Increase physical memory or swap space
#   Check if swap backing store is full
#   Decrease Java heap size (-Xmx/-Xms)
#   Decrease number of Java threads
#   Decrease Java thread stack sizes (-Xss)
#   Set larger code cache with -XX:ReservedCodeCacheSize=
#   JVM is running with Unscaled Compressed Oops mode in which the Java heap is
#     placed in the first 4GB address space. The Java Heap base address is the
#     maximum limit for the native heap growth. Please use -XX:HeapBaseMinAddress
#     to set the Java Heap base and to place the Java Heap above 4GB virtual address.
# This output file may be truncated or incomplete.
#
#  Out of Memory Error (arena.cpp:191), pid=24016, tid=6432
#
# JRE version: OpenJDK Runtime Environment Temurin-17.0.9+9 (17.0.9+9) (build 17.0.9+9)
# Java VM: OpenJDK 64-Bit Server VM Temurin-17.0.9+9 (17.0.9+9, mixed mode, tiered, compressed oops, compressed class ptrs, parallel gc, windows-amd64)
# No core dump will be written. Minidumps are not enabled by default on client versions of Windows
#

---------------  S U M M A R Y ------------

Command Line: --add-modules=ALL-SYSTEM --add-opens=java.base/java.util=ALL-UNNAMED --add-opens=java.base/java.lang=ALL-UNNAMED --add-opens=java.base/sun.nio.fs=ALL-UNNAMED -Declipse.application=org.eclipse.jdt.ls.core.id1 -Dosgi.bundles.defaultStartLevel=4 -Declipse.product=org.eclipse.jdt.ls.core.product -Djava.import.generatesMetadataFilesAtProjectRoot=false -DDetectVMInstallationsJob.disabled=true -Dfile.encoding=utf8 -XX:+UseParallelGC -XX:GCTimeRatio=4 -XX:AdaptiveSizePolicyWeight=90 -Dsun.zip.disableMemoryMapping=true -Xmx1G -Xms100m -Xlog:disable -javaagent:c:\Users\so-u\.vscode\extensions\redhat.java-1.26.0-win32-x64\lombok\lombok-1.18.31-3454.jar -XX:+HeapDumpOnOutOfMemoryError -XX:HeapDumpPath=c:\Users\so-u\AppData\Roaming\Code\User\workspaceStorage\5e595132d2747ca74a5c2523b199d736\redhat.java -Daether.dependencyCollector.impl=bf c:\Users\so-u\.vscode\extensions\redhat.java-1.26.0-win32-x64\server\plugins\org.eclipse.equinox.launcher_1.6.700.v20231214-2017.jar -configuration c:\Users\so-u\AppData\Roaming\Code\User\globalStorage\redhat.java\1.26.0\config_win -data c:\Users\so-u\AppData\Roaming\Code\User\workspaceStorage\5e595132d2747ca74a5c2523b199d736\redhat.java\jdt_ws --stdio

Host: AMD Ryzen 5 4500U with Radeon Graphics         , 6 cores, 7G,  Windows 11 , 64 bit Build 22621 (10.0.22621.2506)
Time: Mon Jan 29 18:25:11 2024  Windows 11 , 64 bit Build 22621 (10.0.22621.2506) elapsed time: 18.857726 seconds (0d 0h 0m 18s)

---------------  T H R E A D  ---------------

Current thread (0x0000021c65e34b10):  JavaThread "C2 CompilerThread0" daemon [_thread_in_native, id=6432, stack(0x0000002b55000000,0x0000002b55100000)]


Current CompileTask:
C2:  18857 7026       4       org.codehaus.plexus.util.xml.pull.MXParser::nextImpl (1203 bytes)

Stack: [0x0000002b55000000,0x0000002b55100000]
Native frames: (J=compiled Java code, j=interpreted, Vv=VM code, C=native code)
V  [jvm.dll+0x67cf49]
V  [jvm.dll+0x83478a]
V  [jvm.dll+0x83624e]
V  [jvm.dll+0x8368b3]
V  [jvm.dll+0x247f1f]
V  [jvm.dll+0xac43c]
V  [jvm.dll+0xaca8c]
V  [jvm.dll+0x367067]
V  [jvm.dll+0x3313ba]
V  [jvm.dll+0x33085a]
V  [jvm.dll+0x21a5b1]
V  [jvm.dll+0x2199d1]
V  [jvm.dll+0x1a57cd]
V  [jvm.dll+0x2297ae]
V  [jvm.dll+0x22797c]
V  [jvm.dll+0x7e9877]
V  [jvm.dll+0x7e3c3a]
V  [jvm.dll+0x67be35]
C  [ucrtbase.dll+0x29363]
C  [KERNEL32.DLL+0x1257d]
C  [ntdll.dll+0x5aa58]


---------------  P R O C E S S  ---------------

Threads class SMR info:
_java_thread_list=0x0000021c6a207d60, length=29, elements={
0x0000021c4c861d70, 0x0000021c65df3020, 0x0000021c606cb0e0, 0x0000021c606ddbf0,
0x0000021c606de980, 0x0000021c65e32580, 0x0000021c65e32e50, 0x0000021c65e34b10,
0x0000021c65ea12c0, 0x0000021c65ea1f80, 0x0000021c4c8c2f80, 0x0000021c66079470,
0x0000021c6681c6d0, 0x0000021c66ae0a70, 0x0000021c668a1070, 0x0000021c66981b70,
0x0000021c66dd9a70, 0x0000021c66d02d20, 0x0000021c66d018e0, 0x0000021c66d03c50,
0x0000021c66d01df0, 0x0000021c66d04160, 0x0000021c66d03230, 0x0000021c66d013d0,
0x0000021c66d03740, 0x0000021c662765f0, 0x0000021c66273860, 0x0000021c66272e40,
0x0000021c66271f10
}

Java Threads: ( => current thread )
  0x0000021c4c861d70 JavaThread "main" [_thread_blocked, id=36616, stack(0x0000002b54700000,0x0000002b54800000)]
  0x0000021c65df3020 JavaThread "Reference Handler" daemon [_thread_blocked, id=17820, stack(0x0000002b54a00000,0x0000002b54b00000)]
  0x0000021c606cb0e0 JavaThread "Finalizer" daemon [_thread_blocked, id=33360, stack(0x0000002b54b00000,0x0000002b54c00000)]
  0x0000021c606ddbf0 JavaThread "Signal Dispatcher" daemon [_thread_blocked, id=23620, stack(0x0000002b54c00000,0x0000002b54d00000)]
  0x0000021c606de980 JavaThread "Attach Listener" daemon [_thread_blocked, id=33292, stack(0x0000002b54d00000,0x0000002b54e00000)]
  0x0000021c65e32580 JavaThread "Service Thread" daemon [_thread_blocked, id=9852, stack(0x0000002b54e00000,0x0000002b54f00000)]
  0x0000021c65e32e50 JavaThread "Monitor Deflation Thread" daemon [_thread_blocked, id=7004, stack(0x0000002b54f00000,0x0000002b55000000)]
=>0x0000021c65e34b10 JavaThread "C2 CompilerThread0" daemon [_thread_in_native, id=6432, stack(0x0000002b55000000,0x0000002b55100000)]
  0x0000021c65ea12c0 JavaThread "C1 CompilerThread0" daemon [_thread_blocked, id=21984, stack(0x0000002b55100000,0x0000002b55200000)]
  0x0000021c65ea1f80 JavaThread "Sweeper thread" daemon [_thread_blocked, id=39512, stack(0x0000002b55200000,0x0000002b55300000)]
  0x0000021c4c8c2f80 JavaThread "Common-Cleaner" daemon [_thread_blocked, id=36216, stack(0x0000002b55300000,0x0000002b55400000)]
  0x0000021c66079470 JavaThread "Notification Thread" daemon [_thread_blocked, id=41552, stack(0x0000002b55400000,0x0000002b55500000)]
  0x0000021c6681c6d0 JavaThread "Active Thread: Equinox Container: 6bdf064b-11ab-493a-8a95-3db61c701fd3" [_thread_blocked, id=37000, stack(0x0000002b55b00000,0x0000002b55c00000)]
  0x0000021c66ae0a70 JavaThread "Framework Event Dispatcher: Equinox Container: 6bdf064b-11ab-493a-8a95-3db61c701fd3" daemon [_thread_blocked, id=21640, stack(0x0000002b55c00000,0x0000002b55d00000)]
  0x0000021c668a1070 JavaThread "Start Level: Equinox Container: 6bdf064b-11ab-493a-8a95-3db61c701fd3" daemon [_thread_blocked, id=13736, stack(0x0000002b55d00000,0x0000002b55e00000)]
  0x0000021c66981b70 JavaThread "Bundle File Closer" daemon [_thread_blocked, id=1896, stack(0x0000002b55e00000,0x0000002b55f00000)]
  0x0000021c66dd9a70 JavaThread "SCR Component Actor" daemon [_thread_blocked, id=19356, stack(0x0000002b55f00000,0x0000002b56000000)]
  0x0000021c66d02d20 JavaThread "Worker-JM" [_thread_blocked, id=32904, stack(0x0000002b56100000,0x0000002b56200000)]
  0x0000021c66d018e0 JavaThread "Worker-0" [_thread_blocked, id=22008, stack(0x0000002b56200000,0x0000002b56300000)]
  0x0000021c66d03c50 JavaThread "Worker-1" [_thread_blocked, id=28744, stack(0x0000002b56300000,0x0000002b56400000)]
  0x0000021c66d01df0 JavaThread "Java indexing" daemon [_thread_in_vm, id=10892, stack(0x0000002b56400000,0x0000002b56500000)]
  0x0000021c66d04160 JavaThread "Worker-2: Initialize Workspace" [_thread_in_vm, id=42644, stack(0x0000002b56500000,0x0000002b56600000)]
  0x0000021c66d03230 JavaThread "Worker-3" [_thread_blocked, id=16656, stack(0x0000002b56600000,0x0000002b56700000)]
  0x0000021c66d013d0 JavaThread "JNA Cleaner" daemon [_thread_blocked, id=18892, stack(0x0000002b56700000,0x0000002b56800000)]
  0x0000021c66d03740 JavaThread "pool-2-thread-1" [_thread_blocked, id=34640, stack(0x0000002b56a00000,0x0000002b56b00000)]
  0x0000021c662765f0 JavaThread "WorkspaceEventsHandler" [_thread_blocked, id=24880, stack(0x0000002b56b00000,0x0000002b56c00000)]
  0x0000021c66273860 JavaThread "pool-1-thread-1" [_thread_blocked, id=24148, stack(0x0000002b56c00000,0x0000002b56d00000)]
  0x0000021c66272e40 JavaThread "Worker-4" [_thread_blocked, id=33600, stack(0x0000002b56d00000,0x0000002b56e00000)]
  0x0000021c66271f10 JavaThread "Worker-5" [_thread_blocked, id=26888, stack(0x0000002b56e00000,0x0000002b56f00000)]

Other Threads:
  0x0000021c606c69f0 VMThread "VM Thread" [stack: 0x0000002b54900000,0x0000002b54a00000] [id=34232]
  0x0000021c6610e450 WatcherThread [stack: 0x0000002b55500000,0x0000002b55600000] [id=31016]
  0x0000021c4c874fb0 GCTaskThread "GC Thread#0" [stack: 0x0000002b54800000,0x0000002b54900000] [id=41600]
  0x0000021c6673e6f0 GCTaskThread "GC Thread#1" [stack: 0x0000002b55600000,0x0000002b55700000] [id=42924]
  0x0000021c6673b590 GCTaskThread "GC Thread#2" [stack: 0x0000002b55700000,0x0000002b55800000] [id=42908]
  0x0000021c6673b850 GCTaskThread "GC Thread#3" [stack: 0x0000002b55800000,0x0000002b55900000] [id=31608]
  0x0000021c6673bb10 GCTaskThread "GC Thread#4" [stack: 0x0000002b55900000,0x0000002b55a00000] [id=17244]
  0x0000021c6673bdd0 GCTaskThread "GC Thread#5" [stack: 0x0000002b55a00000,0x0000002b55b00000] [id=25420]

Threads with active compile tasks:
C2 CompilerThread0    18894 7026       4       org.codehaus.plexus.util.xml.pull.MXParser::nextImpl (1203 bytes)
C1 CompilerThread0    18894 7163       2       org.apache.maven.model.validation.DefaultModelValidator::validateEffectiveDependency (631 bytes)

VM state: not at safepoint (normal execution)

VM Mutex/Monitor currently owned by a thread: None

Heap address: 0x00000000c0000000, size: 1024 MB, Compressed Oops mode: 32-bit

CDS archive(s) not mapped
Compressed class space mapped at: 0x0000000100000000-0x0000000140000000, reserved size: 1073741824
Narrow klass base: 0x0000000000000000, Narrow klass shift: 3, Narrow klass range: 0x140000000

GC Precious Log:
 CPUs: 6 total, 6 available
 Memory: 7549M
 Large Page Support: Disabled
 NUMA Support: Disabled
 Compressed Oops: Enabled (32-bit)
 Alignments: Space 512K, Generation 512K, Heap 2M
 Heap Min Capacity: 100M
 Heap Initial Capacity: 100M
 Heap Max Capacity: 1G
 Pre-touch: Disabled
 Parallel Workers: 6

Heap:
 PSYoungGen      total 22528K, used 14737K [0x00000000eab00000, 0x00000000ec300000, 0x0000000100000000)
  eden space 20480K, 63% used [0x00000000eab00000,0x00000000eb7a0770,0x00000000ebf00000)
  from space 2048K, 88% used [0x00000000ebf80000,0x00000000ec144030,0x00000000ec180000)
  to   space 1536K, 0% used [0x00000000ec180000,0x00000000ec180000,0x00000000ec300000)
 ParOldGen       total 68608K, used 33236K [0x00000000c0000000, 0x00000000c4300000, 0x00000000eab00000)
  object space 68608K, 48% used [0x00000000c0000000,0x00000000c2075100,0x00000000c4300000)
 Metaspace       used 54827K, committed 55872K, reserved 1114112K
  class space    used 5886K, committed 6336K, reserved 1048576K

Card table byte_map: [0x0000021c4c1e0000,0x0000021c4c3f0000] _byte_map_base: 0x0000021c4bbe0000

Marking Bits: (ParMarkBitMap*) 0x00007ffbbb06d0b0
 Begin Bits: [0x0000021c5e4e0000, 0x0000021c5f4e0000)
 End Bits:   [0x0000021c5f4e0000, 0x0000021c604e0000)

Polling page: 0x0000021c4a7f0000

Metaspace:

Usage:
  Non-class:     47.79 MB used.
      Class:      5.75 MB used.
       Both:     53.54 MB used.

Virtual space:
  Non-class space:       64.00 MB reserved,      48.38 MB ( 76%) committed,  1 nodes.
      Class space:        1.00 GB reserved,       6.19 MB ( <1%) committed,  1 nodes.
             Both:        1.06 GB reserved,      54.56 MB (  5%) committed. 

Chunk freelists:
   Non-Class:  15.19 MB
       Class:  9.79 MB
        Both:  24.98 MB

MaxMetaspaceSize: unlimited
CompressedClassSpaceSize: 1.00 GB
Initial GC threshold: 21.00 MB
Current GC threshold: 58.38 MB
CDS: off
MetaspaceReclaimPolicy: balanced
 - commit_granule_bytes: 65536.
 - commit_granule_words: 8192.
 - virtual_space_node_default_size: 8388608.
 - enlarge_chunks_in_place: 1.
 - new_chunks_are_fully_committed: 0.
 - uncommit_free_chunks: 1.
 - use_allocation_guard: 0.
 - handle_deallocations: 1.


Internal statistics:

num_allocs_failed_limit: 6.
num_arena_births: 504.
num_arena_deaths: 14.
num_vsnodes_births: 2.
num_vsnodes_deaths: 0.
num_space_committed: 873.
num_space_uncommitted: 0.
num_chunks_returned_to_freelist: 20.
num_chunks_taken_from_freelist: 2594.
num_chunk_merges: 6.
num_chunk_splits: 1619.
num_chunks_enlarged: 982.
num_inconsistent_stats: 0.

CodeHeap 'non-profiled nmethods': size=120000Kb used=3366Kb max_used=3366Kb free=116634Kb
 bounds [0x0000021c56fb0000, 0x0000021c57300000, 0x0000021c5e4e0000]
CodeHeap 'profiled nmethods': size=120000Kb used=12892Kb max_used=12892Kb free=107107Kb
 bounds [0x0000021c4f4e0000, 0x0000021c50180000, 0x0000021c56a10000]
CodeHeap 'non-nmethods': size=5760Kb used=1298Kb max_used=1328Kb free=4461Kb
 bounds [0x0000021c56a10000, 0x0000021c56c80000, 0x0000021c56fb0000]
 total_blobs=6932 nmethods=6305 adapters=541
 compilation: enabled
              stopped_count=0, restarted_count=0
 full_count=0

Compilation events (20 events):
Event: 18.843 Thread 0x0000021c65ea12c0 nmethod 7060 0x0000021c5013f190 code [0x0000021c5013f340, 0x0000021c5013f688]
Event: 18.844 Thread 0x0000021c65ea12c0 7061       3       java.nio.charset.CharsetDecoder::onMalformedInput (26 bytes)
Event: 18.844 Thread 0x0000021c65ea12c0 nmethod 7061 0x0000021c5013f790 code [0x0000021c5013f940, 0x0000021c5013fc48]
Event: 18.844 Thread 0x0000021c65ea12c0 7062       3       java.nio.charset.CharsetDecoder::implOnMalformedInput (1 bytes)
Event: 18.844 Thread 0x0000021c65ea12c0 nmethod 7062 0x0000021c5013fd90 code [0x0000021c5013ff20, 0x0000021c50140038]
Event: 18.845 Thread 0x0000021c65ea12c0 7065       1       org.eclipse.aether.artifact.DefaultArtifact::getVersion (5 bytes)
Event: 18.845 Thread 0x0000021c65ea12c0 nmethod 7065 0x0000021c572f6210 code [0x0000021c572f63a0, 0x0000021c572f6478]
Event: 18.847 Thread 0x0000021c65ea12c0 7066       1       org.eclipse.jdt.internal.compiler.classfmt.FieldInfo::sizeInBytes (5 bytes)
Event: 18.847 Thread 0x0000021c65ea12c0 nmethod 7066 0x0000021c572f6510 code [0x0000021c572f66a0, 0x0000021c572f6778]
Event: 18.847 Thread 0x0000021c65ea12c0 7067       3       org.eclipse.jdt.internal.compiler.classfmt.MethodInfo::isClinit (8 bytes)
Event: 18.847 Thread 0x0000021c65ea12c0 nmethod 7067 0x0000021c50140110 code [0x0000021c501402c0, 0x0000021c50140588]
Event: 18.847 Thread 0x0000021c65ea12c0 7068       3       org.eclipse.jdt.internal.core.search.indexing.AbstractIndexer::addMethodDeclaration (98 bytes)
Event: 18.848 Thread 0x0000021c65ea12c0 nmethod 7068 0x0000021c50140690 code [0x0000021c50140940, 0x0000021c50141698]
Event: 18.848 Thread 0x0000021c65ea12c0 7071       1       org.eclipse.jdt.internal.compiler.classfmt.FieldInfo::getAnnotations (2 bytes)
Event: 18.848 Thread 0x0000021c65ea12c0 nmethod 7071 0x0000021c572f6810 code [0x0000021c572f69a0, 0x0000021c572f6a78]
Event: 18.848 Thread 0x0000021c65ea12c0 7072       1       org.eclipse.jdt.internal.compiler.classfmt.FieldInfo::getTagBits (5 bytes)
Event: 18.848 Thread 0x0000021c65ea12c0 nmethod 7072 0x0000021c572f6b10 code [0x0000021c572f6ca0, 0x0000021c572f6d78]
Event: 18.848 Thread 0x0000021c65ea12c0 7069   !   3       org.eclipse.jdt.internal.core.search.indexing.AbstractIndexer::addMethodDeclaration (42 bytes)
Event: 18.849 Thread 0x0000021c65ea12c0 nmethod 7069 0x0000021c50141d10 code [0x0000021c50141f20, 0x0000021c50142558]
Event: 18.849 Thread 0x0000021c65ea12c0 7070       3       org.eclipse.jdt.internal.core.search.matching.MethodDeclarationPattern::createDeclarationIndexKey (387 bytes)

GC Heap History (20 events):
Event: 14.047 GC heap before
{Heap before GC invocations=16 (full 2):
 PSYoungGen      total 23040K, used 23021K [0x00000000eab00000, 0x00000000ec680000, 0x0000000100000000)
  eden space 22016K, 100% used [0x00000000eab00000,0x00000000ec080000,0x00000000ec080000)
  from space 1024K, 98% used [0x00000000ec480000,0x00000000ec57b7c0,0x00000000ec580000)
  to   space 1024K, 0% used [0x00000000ec580000,0x00000000ec580000,0x00000000ec680000)
 ParOldGen       total 68608K, used 15142K [0x00000000c0000000, 0x00000000c4300000, 0x00000000eab00000)
  object space 68608K, 22% used [0x00000000c0000000,0x00000000c0ec99e8,0x00000000c4300000)
 Metaspace       used 45690K, committed 46592K, reserved 1114112K
  class space    used 4852K, committed 5248K, reserved 1048576K
}
Event: 14.049 GC heap after
{Heap after GC invocations=16 (full 2):
 PSYoungGen      total 23040K, used 1024K [0x00000000eab00000, 0x00000000ec680000, 0x0000000100000000)
  eden space 22016K, 0% used [0x00000000eab00000,0x00000000eab00000,0x00000000ec080000)
  from space 1024K, 100% used [0x00000000ec580000,0x00000000ec680000,0x00000000ec680000)
  to   space 2560K, 0% used [0x00000000ec180000,0x00000000ec180000,0x00000000ec400000)
 ParOldGen       total 68608K, used 16159K [0x00000000c0000000, 0x00000000c4300000, 0x00000000eab00000)
  object space 68608K, 23% used [0x00000000c0000000,0x00000000c0fc7c50,0x00000000c4300000)
 Metaspace       used 45690K, committed 46592K, reserved 1114112K
  class space    used 4852K, committed 5248K, reserved 1048576K
}
Event: 15.437 GC heap before
{Heap before GC invocations=17 (full 2):
 PSYoungGen      total 23040K, used 23040K [0x00000000eab00000, 0x00000000ec680000, 0x0000000100000000)
  eden space 22016K, 100% used [0x00000000eab00000,0x00000000ec080000,0x00000000ec080000)
  from space 1024K, 100% used [0x00000000ec580000,0x00000000ec680000,0x00000000ec680000)
  to   space 2560K, 0% used [0x00000000ec180000,0x00000000ec180000,0x00000000ec400000)
 ParOldGen       total 68608K, used 16159K [0x00000000c0000000, 0x00000000c4300000, 0x00000000eab00000)
  object space 68608K, 23% used [0x00000000c0000000,0x00000000c0fc7c50,0x00000000c4300000)
 Metaspace       used 48313K, committed 49152K, reserved 1114112K
  class space    used 5208K, committed 5568K, reserved 1048576K
}
Event: 15.440 GC heap after
{Heap after GC invocations=17 (full 2):
 PSYoungGen      total 24576K, used 1651K [0x00000000eab00000, 0x00000000ec600000, 0x0000000100000000)
  eden space 22016K, 0% used [0x00000000eab00000,0x00000000eab00000,0x00000000ec080000)
  from space 2560K, 64% used [0x00000000ec180000,0x00000000ec31cd00,0x00000000ec400000)
  to   space 2048K, 0% used [0x00000000ec400000,0x00000000ec400000,0x00000000ec600000)
 ParOldGen       total 68608K, used 17188K [0x00000000c0000000, 0x00000000c4300000, 0x00000000eab00000)
  object space 68608K, 25% used [0x00000000c0000000,0x00000000c10c9360,0x00000000c4300000)
 Metaspace       used 48313K, committed 49152K, reserved 1114112K
  class space    used 5208K, committed 5568K, reserved 1048576K
}
Event: 16.444 GC heap before
{Heap before GC invocations=18 (full 2):
 PSYoungGen      total 24576K, used 23667K [0x00000000eab00000, 0x00000000ec600000, 0x0000000100000000)
  eden space 22016K, 99% used [0x00000000eab00000,0x00000000ec07fff0,0x00000000ec080000)
  from space 2560K, 64% used [0x00000000ec180000,0x00000000ec31cd00,0x00000000ec400000)
  to   space 2048K, 0% used [0x00000000ec400000,0x00000000ec400000,0x00000000ec600000)
 ParOldGen       total 68608K, used 17188K [0x00000000c0000000, 0x00000000c4300000, 0x00000000eab00000)
  object space 68608K, 25% used [0x00000000c0000000,0x00000000c10c9360,0x00000000c4300000)
 Metaspace       used 50680K, committed 51712K, reserved 1114112K
  class space    used 5475K, committed 5888K, reserved 1048576K
}
Event: 16.447 GC heap after
{Heap after GC invocations=18 (full 2):
 PSYoungGen      total 24064K, used 2016K [0x00000000eab00000, 0x00000000ec600000, 0x0000000100000000)
  eden space 22016K, 0% used [0x00000000eab00000,0x00000000eab00000,0x00000000ec080000)
  from space 2048K, 98% used [0x00000000ec400000,0x00000000ec5f8020,0x00000000ec600000)
  to   space 2560K, 0% used [0x00000000ec100000,0x00000000ec100000,0x00000000ec380000)
 ParOldGen       total 68608K, used 18543K [0x00000000c0000000, 0x00000000c4300000, 0x00000000eab00000)
  object space 68608K, 27% used [0x00000000c0000000,0x00000000c121bd08,0x00000000c4300000)
 Metaspace       used 50680K, committed 51712K, reserved 1114112K
  class space    used 5475K, committed 5888K, reserved 1048576K
}
Event: 16.692 GC heap before
{Heap before GC invocations=19 (full 2):
 PSYoungGen      total 24064K, used 24032K [0x00000000eab00000, 0x00000000ec600000, 0x0000000100000000)
  eden space 22016K, 100% used [0x00000000eab00000,0x00000000ec080000,0x00000000ec080000)
  from space 2048K, 98% used [0x00000000ec400000,0x00000000ec5f8020,0x00000000ec600000)
  to   space 2560K, 0% used [0x00000000ec100000,0x00000000ec100000,0x00000000ec380000)
 ParOldGen       total 68608K, used 18543K [0x00000000c0000000, 0x00000000c4300000, 0x00000000eab00000)
  object space 68608K, 27% used [0x00000000c0000000,0x00000000c121bd08,0x00000000c4300000)
 Metaspace       used 51359K, committed 52352K, reserved 1114112K
  class space    used 5560K, committed 5952K, reserved 1048576K
}
Event: 16.697 GC heap after
{Heap after GC invocations=19 (full 2):
 PSYoungGen      total 24576K, used 2112K [0x00000000eab00000, 0x00000000ec580000, 0x0000000100000000)
  eden space 22016K, 0% used [0x00000000eab00000,0x00000000eab00000,0x00000000ec080000)
  from space 2560K, 82% used [0x00000000ec100000,0x00000000ec310040,0x00000000ec380000)
  to   space 2048K, 0% used [0x00000000ec380000,0x00000000ec380000,0x00000000ec580000)
 ParOldGen       total 68608K, used 20414K [0x00000000c0000000, 0x00000000c4300000, 0x00000000eab00000)
  object space 68608K, 29% used [0x00000000c0000000,0x00000000c13ef8f8,0x00000000c4300000)
 Metaspace       used 51359K, committed 52352K, reserved 1114112K
  class space    used 5560K, committed 5952K, reserved 1048576K
}
Event: 16.801 GC heap before
{Heap before GC invocations=20 (full 2):
 PSYoungGen      total 24576K, used 24128K [0x00000000eab00000, 0x00000000ec580000, 0x0000000100000000)
  eden space 22016K, 100% used [0x00000000eab00000,0x00000000ec080000,0x00000000ec080000)
  from space 2560K, 82% used [0x00000000ec100000,0x00000000ec310040,0x00000000ec380000)
  to   space 2048K, 0% used [0x00000000ec380000,0x00000000ec380000,0x00000000ec580000)
 ParOldGen       total 68608K, used 20414K [0x00000000c0000000, 0x00000000c4300000, 0x00000000eab00000)
  object space 68608K, 29% used [0x00000000c0000000,0x00000000c13ef8f8,0x00000000c4300000)
 Metaspace       used 51423K, committed 52416K, reserved 1114112K
  class space    used 5560K, committed 5952K, reserved 1048576K
}
Event: 16.807 GC heap after
{Heap after GC invocations=20 (full 2):
 PSYoungGen      total 22528K, used 2016K [0x00000000eab00000, 0x00000000ec980000, 0x0000000100000000)
  eden space 20480K, 0% used [0x00000000eab00000,0x00000000eab00000,0x00000000ebf00000)
  from space 2048K, 98% used [0x00000000ec380000,0x00000000ec578010,0x00000000ec580000)
  to   space 4608K, 0% used [0x00000000ebf00000,0x00000000ebf00000,0x00000000ec380000)
 ParOldGen       total 68608K, used 22566K [0x00000000c0000000, 0x00000000c4300000, 0x00000000eab00000)
  object space 68608K, 32% used [0x00000000c0000000,0x00000000c1609928,0x00000000c4300000)
 Metaspace       used 51423K, committed 52416K, reserved 1114112K
  class space    used 5560K, committed 5952K, reserved 1048576K
}
Event: 16.869 GC heap before
{Heap before GC invocations=21 (full 2):
 PSYoungGen      total 22528K, used 22496K [0x00000000eab00000, 0x00000000ec980000, 0x0000000100000000)
  eden space 20480K, 100% used [0x00000000eab00000,0x00000000ebf00000,0x00000000ebf00000)
  from space 2048K, 98% used [0x00000000ec380000,0x00000000ec578010,0x00000000ec580000)
  to   space 4608K, 0% used [0x00000000ebf00000,0x00000000ebf00000,0x00000000ec380000)
 ParOldGen       total 68608K, used 22566K [0x00000000c0000000, 0x00000000c4300000, 0x00000000eab00000)
  object space 68608K, 32% used [0x00000000c0000000,0x00000000c1609928,0x00000000c4300000)
 Metaspace       used 51468K, committed 52416K, reserved 1114112K
  class space    used 5571K, committed 5952K, reserved 1048576K
}
Event: 16.873 GC heap after
{Heap after GC invocations=21 (full 2):
 PSYoungGen      total 23040K, used 2528K [0x00000000eab00000, 0x00000000ec600000, 0x0000000100000000)
  eden space 20480K, 0% used [0x00000000eab00000,0x00000000eab00000,0x00000000ebf00000)
  from space 2560K, 98% used [0x00000000ebf00000,0x00000000ec178010,0x00000000ec180000)
  to   space 3584K, 0% used [0x00000000ec280000,0x00000000ec280000,0x00000000ec600000)
 ParOldGen       total 68608K, used 24598K [0x00000000c0000000, 0x00000000c4300000, 0x00000000eab00000)
  object space 68608K, 35% used [0x00000000c0000000,0x00000000c1805938,0x00000000c4300000)
 Metaspace       used 51468K, committed 52416K, reserved 1114112K
  class space    used 5571K, committed 5952K, reserved 1048576K
}
Event: 16.920 GC heap before
{Heap before GC invocations=22 (full 2):
 PSYoungGen      total 23040K, used 23008K [0x00000000eab00000, 0x00000000ec600000, 0x0000000100000000)
  eden space 20480K, 100% used [0x00000000eab00000,0x00000000ebf00000,0x00000000ebf00000)
  from space 2560K, 98% used [0x00000000ebf00000,0x00000000ec178010,0x00000000ec180000)
  to   space 3584K, 0% used [0x00000000ec280000,0x00000000ec280000,0x00000000ec600000)
 ParOldGen       total 68608K, used 24598K [0x00000000c0000000, 0x00000000c4300000, 0x00000000eab00000)
  object space 68608K, 35% used [0x00000000c0000000,0x00000000c1805938,0x00000000c4300000)
 Metaspace       used 51468K, committed 52416K, reserved 1114112K
  class space    used 5571K, committed 5952K, reserved 1048576K
}
Event: 16.923 GC heap after
{Heap after GC invocations=22 (full 2):
 PSYoungGen      total 23040K, used 2272K [0x00000000eab00000, 0x00000000ec500000, 0x0000000100000000)
  eden space 20480K, 0% used [0x00000000eab00000,0x00000000eab00000,0x00000000ebf00000)
  from space 2560K, 88% used [0x00000000ec280000,0x00000000ec4b8000,0x00000000ec500000)
  to   space 2560K, 0% used [0x00000000ebf00000,0x00000000ebf00000,0x00000000ec180000)
 ParOldGen       total 68608K, used 27082K [0x00000000c0000000, 0x00000000c4300000, 0x00000000eab00000)
  object space 68608K, 39% used [0x00000000c0000000,0x00000000c1a72860,0x00000000c4300000)
 Metaspace       used 51468K, committed 52416K, reserved 1114112K
  class space    used 5571K, committed 5952K, reserved 1048576K
}
Event: 16.975 GC heap before
{Heap before GC invocations=23 (full 2):
 PSYoungGen      total 23040K, used 22752K [0x00000000eab00000, 0x00000000ec500000, 0x0000000100000000)
  eden space 20480K, 100% used [0x00000000eab00000,0x00000000ebf00000,0x00000000ebf00000)
  from space 2560K, 88% used [0x00000000ec280000,0x00000000ec4b8000,0x00000000ec500000)
  to   space 2560K, 0% used [0x00000000ebf00000,0x00000000ebf00000,0x00000000ec180000)
 ParOldGen       total 68608K, used 27082K [0x00000000c0000000, 0x00000000c4300000, 0x00000000eab00000)
  object space 68608K, 39% used [0x00000000c0000000,0x00000000c1a72860,0x00000000c4300000)
 Metaspace       used 51468K, committed 52416K, reserved 1114112K
  class space    used 5571K, committed 5952K, reserved 1048576K
}
Event: 16.981 GC heap after
{Heap after GC invocations=23 (full 2):
 PSYoungGen      total 23040K, used 2336K [0x00000000eab00000, 0x00000000ec400000, 0x0000000100000000)
  eden space 20480K, 0% used [0x00000000eab00000,0x00000000eab00000,0x00000000ebf00000)
  from space 2560K, 91% used [0x00000000ebf00000,0x00000000ec148010,0x00000000ec180000)
  to   space 2560K, 0% used [0x00000000ec180000,0x00000000ec180000,0x00000000ec400000)
 ParOldGen       total 68608K, used 29322K [0x00000000c0000000, 0x00000000c4300000, 0x00000000eab00000)
  object space 68608K, 42% used [0x00000000c0000000,0x00000000c1ca2860,0x00000000c4300000)
 Metaspace       used 51468K, committed 52416K, reserved 1114112K
  class space    used 5571K, committed 5952K, reserved 1048576K
}
Event: 17.295 GC heap before
{Heap before GC invocations=24 (full 2):
 PSYoungGen      total 23040K, used 22816K [0x00000000eab00000, 0x00000000ec400000, 0x0000000100000000)
  eden space 20480K, 100% used [0x00000000eab00000,0x00000000ebf00000,0x00000000ebf00000)
  from space 2560K, 91% used [0x00000000ebf00000,0x00000000ec148010,0x00000000ec180000)
  to   space 2560K, 0% used [0x00000000ec180000,0x00000000ec180000,0x00000000ec400000)
 ParOldGen       total 68608K, used 29322K [0x00000000c0000000, 0x00000000c4300000, 0x00000000eab00000)
  object space 68608K, 42% used [0x00000000c0000000,0x00000000c1ca2860,0x00000000c4300000)
 Metaspace       used 51961K, committed 52928K, reserved 1114112K
  class space    used 5615K, committed 6016K, reserved 1048576K
}
Event: 17.298 GC heap after
{Heap after GC invocations=24 (full 2):
 PSYoungGen      total 22528K, used 1792K [0x00000000eab00000, 0x00000000ec380000, 0x0000000100000000)
  eden space 20480K, 0% used [0x00000000eab00000,0x00000000eab00000,0x00000000ebf00000)
  from space 2048K, 87% used [0x00000000ec180000,0x00000000ec340000,0x00000000ec380000)
  to   space 2048K, 0% used [0x00000000ebf80000,0x00000000ebf80000,0x00000000ec180000)
 ParOldGen       total 68608K, used 31560K [0x00000000c0000000, 0x00000000c4300000, 0x00000000eab00000)
  object space 68608K, 46% used [0x00000000c0000000,0x00000000c1ed20f0,0x00000000c4300000)
 Metaspace       used 51961K, committed 52928K, reserved 1114112K
  class space    used 5615K, committed 6016K, reserved 1048576K
}
Event: 18.682 GC heap before
{Heap before GC invocations=25 (full 2):
 PSYoungGen      total 22528K, used 22272K [0x00000000eab00000, 0x00000000ec380000, 0x0000000100000000)
  eden space 20480K, 100% used [0x00000000eab00000,0x00000000ebf00000,0x00000000ebf00000)
  from space 2048K, 87% used [0x00000000ec180000,0x00000000ec340000,0x00000000ec380000)
  to   space 2048K, 0% used [0x00000000ebf80000,0x00000000ebf80000,0x00000000ec180000)
 ParOldGen       total 68608K, used 31560K [0x00000000c0000000, 0x00000000c4300000, 0x00000000eab00000)
  object space 68608K, 46% used [0x00000000c0000000,0x00000000c1ed20f0,0x00000000c4300000)
 Metaspace       used 54152K, committed 55232K, reserved 1114112K
  class space    used 5836K, committed 6272K, reserved 1048576K
}
Event: 18.687 GC heap after
{Heap after GC invocations=25 (full 2):
 PSYoungGen      total 22528K, used 1808K [0x00000000eab00000, 0x00000000ec300000, 0x0000000100000000)
  eden space 20480K, 0% used [0x00000000eab00000,0x00000000eab00000,0x00000000ebf00000)
  from space 2048K, 88% used [0x00000000ebf80000,0x00000000ec144030,0x00000000ec180000)
  to   space 1536K, 0% used [0x00000000ec180000,0x00000000ec180000,0x00000000ec300000)
 ParOldGen       total 68608K, used 33236K [0x00000000c0000000, 0x00000000c4300000, 0x00000000eab00000)
  object space 68608K, 48% used [0x00000000c0000000,0x00000000c2075100,0x00000000c4300000)
 Metaspace       used 54152K, committed 55232K, reserved 1114112K
  class space    used 5836K, committed 6272K, reserved 1048576K
}

Dll operation events (10 events):
Event: 0.051 Loaded shared library c:\Users\so-u\.vscode\extensions\redhat.java-1.26.0-win32-x64\jre\17.0.9-win32-x86_64\bin\java.dll
Event: 0.519 Loaded shared library c:\Users\so-u\.vscode\extensions\redhat.java-1.26.0-win32-x64\jre\17.0.9-win32-x86_64\bin\zip.dll
Event: 0.531 Loaded shared library C:\Users\so-u\.vscode\extensions\redhat.java-1.26.0-win32-x64\jre\17.0.9-win32-x86_64\bin\instrument.dll
Event: 0.553 Loaded shared library C:\Users\so-u\.vscode\extensions\redhat.java-1.26.0-win32-x64\jre\17.0.9-win32-x86_64\bin\net.dll
Event: 0.562 Loaded shared library C:\Users\so-u\.vscode\extensions\redhat.java-1.26.0-win32-x64\jre\17.0.9-win32-x86_64\bin\nio.dll
Event: 0.577 Loaded shared library C:\Users\so-u\.vscode\extensions\redhat.java-1.26.0-win32-x64\jre\17.0.9-win32-x86_64\bin\zip.dll
Event: 0.668 Loaded shared library C:\Users\so-u\.vscode\extensions\redhat.java-1.26.0-win32-x64\jre\17.0.9-win32-x86_64\bin\jimage.dll
Event: 1.017 Loaded shared library c:\Users\so-u\.vscode\extensions\redhat.java-1.26.0-win32-x64\jre\17.0.9-win32-x86_64\bin\verify.dll
Event: 4.751 Loaded shared library C:\Users\so-u\AppData\Roaming\Code\User\globalStorage\redhat.java\1.26.0\config_win\org.eclipse.equinox.launcher\org.eclipse.equinox.launcher.win32.win32.x86_64_1.2.800.v20231003-1442\eclipse_11802.dll
Event: 11.732 Loaded shared library C:\Users\so-u\AppData\Local\Temp\jna-3534148\jna9917217526659472832.dll

Deoptimization events (20 events):
Event: 18.806 Thread 0x0000021c66d04160 DEOPT PACKING pc=0x0000021c57275130 sp=0x0000002b565fda30
Event: 18.806 Thread 0x0000021c66d04160 DEOPT UNPACKING pc=0x0000021c56a666a3 sp=0x0000002b565fd9a8 mode 2
Event: 18.807 Thread 0x0000021c66d04160 Uncommon trap: trap_request=0xffffff45 fr.pc=0x0000021c57183b38 relative=0x0000000000000238
Event: 18.807 Thread 0x0000021c66d04160 Uncommon trap: reason=unstable_if action=reinterpret pc=0x0000021c57183b38 method=java.lang.String.decodeASCII([BI[CII)I @ 7 c2
Event: 18.807 Thread 0x0000021c66d04160 DEOPT PACKING pc=0x0000021c57183b38 sp=0x0000002b565fd2d0
Event: 18.807 Thread 0x0000021c66d04160 DEOPT UNPACKING pc=0x0000021c56a666a3 sp=0x0000002b565fd280 mode 2
Event: 18.810 Thread 0x0000021c66d04160 Uncommon trap: trap_request=0xffffff45 fr.pc=0x0000021c572164d0 relative=0x00000000000001d0
Event: 18.810 Thread 0x0000021c66d04160 Uncommon trap: reason=unstable_if action=reinterpret pc=0x0000021c572164d0 method=java.lang.String.indexOf(Ljava/lang/String;)I @ 10 c2
Event: 18.810 Thread 0x0000021c66d04160 DEOPT PACKING pc=0x0000021c572164d0 sp=0x0000002b565fdbf0
Event: 18.810 Thread 0x0000021c66d04160 DEOPT UNPACKING pc=0x0000021c56a666a3 sp=0x0000002b565fdb80 mode 2
Event: 18.817 Thread 0x0000021c66d04160 Uncommon trap: trap_request=0xffffff45 fr.pc=0x0000021c570dbcf4 relative=0x00000000000000d4
Event: 18.817 Thread 0x0000021c66d04160 Uncommon trap: reason=unstable_if action=reinterpret pc=0x0000021c570dbcf4 method=java.lang.CharacterDataLatin1.digit(II)I @ 12 c2
Event: 18.817 Thread 0x0000021c66d04160 DEOPT PACKING pc=0x0000021c570dbcf4 sp=0x0000002b565fd9a0
Event: 18.817 Thread 0x0000021c66d04160 DEOPT UNPACKING pc=0x0000021c56a666a3 sp=0x0000002b565fd858 mode 2
Event: 18.817 Thread 0x0000021c66d04160 Uncommon trap: trap_request=0xffffff45 fr.pc=0x0000021c56fe1248 relative=0x00000000000000a8
Event: 18.817 Thread 0x0000021c66d04160 Uncommon trap: reason=unstable_if action=reinterpret pc=0x0000021c56fe1248 method=java.lang.CharacterDataLatin1.digit(II)I @ 12 c2
Event: 18.817 Thread 0x0000021c66d04160 DEOPT PACKING pc=0x0000021c56fe1248 sp=0x0000002b565fd900
Event: 18.817 Thread 0x0000021c66d04160 DEOPT UNPACKING pc=0x0000021c56a666a3 sp=0x0000002b565fd878 mode 2
Event: 18.840 Thread 0x0000021c66d04160 DEOPT PACKING pc=0x0000021c4fd3fd73 sp=0x0000002b565fda70
Event: 18.840 Thread 0x0000021c66d04160 DEOPT UNPACKING pc=0x0000021c56a66e43 sp=0x0000002b565fcf28 mode 0

Classes unloaded (7 events):
Event: 10.749 Thread 0x0000021c606c69f0 Unloading class 0x0000000100252400 'java/lang/invoke/LambdaForm$MH+0x0000000100252400'
Event: 10.749 Thread 0x0000021c606c69f0 Unloading class 0x0000000100252000 'java/lang/invoke/LambdaForm$MH+0x0000000100252000'
Event: 10.749 Thread 0x0000021c606c69f0 Unloading class 0x0000000100251c00 'java/lang/invoke/LambdaForm$MH+0x0000000100251c00'
Event: 10.749 Thread 0x0000021c606c69f0 Unloading class 0x0000000100251800 'java/lang/invoke/LambdaForm$MH+0x0000000100251800'
Event: 10.749 Thread 0x0000021c606c69f0 Unloading class 0x0000000100251400 'java/lang/invoke/LambdaForm$BMH+0x0000000100251400'
Event: 10.749 Thread 0x0000021c606c69f0 Unloading class 0x0000000100251000 'java/lang/invoke/LambdaForm$DMH+0x0000000100251000'
Event: 10.749 Thread 0x0000021c606c69f0 Unloading class 0x000000010024c400 'java/lang/invoke/LambdaForm$DMH+0x000000010024c400'

Classes redefined (0 events):
No events

Internal exceptions (20 events):
Event: 18.107 Thread 0x0000021c66272e40 Exception <a 'java/io/IOException'{0x00000000eb4dfed8}> (0x00000000eb4dfed8) 
thrown [s\src\hotspot\share\prims\jni.cpp, line 516]
Event: 18.107 Thread 0x0000021c66272e40 Exception <a 'java/io/IOException'{0x00000000eb4e02b8}> (0x00000000eb4e02b8) 
thrown [s\src\hotspot\share\prims\jni.cpp, line 516]
Event: 18.108 Thread 0x0000021c66272e40 Exception <a 'java/io/IOException'{0x00000000eb4e0dd0}> (0x00000000eb4e0dd0) 
thrown [s\src\hotspot\share\prims\jni.cpp, line 516]
Event: 18.108 Thread 0x0000021c66272e40 Exception <a 'java/io/IOException'{0x00000000eb4e11b0}> (0x00000000eb4e11b0) 
thrown [s\src\hotspot\share\prims\jni.cpp, line 516]
Event: 18.108 Thread 0x0000021c66272e40 Exception <a 'java/io/IOException'{0x00000000eb4e1590}> (0x00000000eb4e1590) 
thrown [s\src\hotspot\share\prims\jni.cpp, line 516]
Event: 18.108 Thread 0x0000021c66272e40 Exception <a 'java/io/IOException'{0x00000000eb4e27f8}> (0x00000000eb4e27f8) 
thrown [s\src\hotspot\share\prims\jni.cpp, line 516]
Event: 18.108 Thread 0x0000021c66272e40 Exception <a 'java/io/IOException'{0x00000000eb4e2bd8}> (0x00000000eb4e2bd8) 
thrown [s\src\hotspot\share\prims\jni.cpp, line 516]
Event: 18.108 Thread 0x0000021c66272e40 Exception <a 'java/io/IOException'{0x00000000eb4e2fb8}> (0x00000000eb4e2fb8) 
thrown [s\src\hotspot\share\prims\jni.cpp, line 516]
Event: 18.457 Thread 0x0000021c66d04160 Exception <a 'java/io/FileNotFoundException'{0x00000000eb874c18}> (0x00000000eb874c18) 
thrown [s\src\hotspot\share\prims\jni.cpp, line 516]
Event: 18.457 Thread 0x0000021c66d04160 Exception <a 'java/io/FileNotFoundException'{0x00000000eb876470}> (0x00000000eb876470) 
thrown [s\src\hotspot\share\prims\jni.cpp, line 516]
Event: 18.484 Thread 0x0000021c66272e40 Exception <a 'java/io/IOException'{0x00000000eb508638}> (0x00000000eb508638) 
thrown [s\src\hotspot\share\prims\jni.cpp, line 516]
Event: 18.484 Thread 0x0000021c66272e40 Exception <a 'java/io/IOException'{0x00000000eb508a18}> (0x00000000eb508a18) 
thrown [s\src\hotspot\share\prims\jni.cpp, line 516]
Event: 18.484 Thread 0x0000021c66272e40 Exception <a 'java/io/IOException'{0x00000000eb508df8}> (0x00000000eb508df8) 
thrown [s\src\hotspot\share\prims\jni.cpp, line 516]
Event: 18.503 Thread 0x0000021c66d04160 Exception <a 'java/io/IOException'{0x00000000eb9ec408}> (0x00000000eb9ec408) 
thrown [s\src\hotspot\share\prims\jni.cpp, line 516]
Event: 18.503 Thread 0x0000021c66d04160 Exception <a 'java/io/IOException'{0x00000000eb9ec7e8}> (0x00000000eb9ec7e8) 
thrown [s\src\hotspot\share\prims\jni.cpp, line 516]
Event: 18.503 Thread 0x0000021c66d04160 Exception <a 'java/io/IOException'{0x00000000eb9ecbc8}> (0x00000000eb9ecbc8) 
thrown [s\src\hotspot\share\prims\jni.cpp, line 516]
Event: 18.503 Thread 0x0000021c66d04160 Exception <a 'java/io/IOException'{0x00000000eb9ed778}> (0x00000000eb9ed778) 
thrown [s\src\hotspot\share\prims\jni.cpp, line 516]
Event: 18.503 Thread 0x0000021c66d04160 Exception <a 'java/io/IOException'{0x00000000eb9edb58}> (0x00000000eb9edb58) 
thrown [s\src\hotspot\share\prims\jni.cpp, line 516]
Event: 18.503 Thread 0x0000021c66d04160 Exception <a 'java/io/IOException'{0x00000000eb9edf38}> (0x00000000eb9edf38) 
thrown [s\src\hotspot\share\prims\jni.cpp, line 516]
Event: 18.508 Thread 0x0000021c66d04160 Exception <a 'java/lang/NoSuchMethodError'{0x00000000eba16a88}: 'java.lang.Object java.lang.invoke.DirectMethodHandle$Holder.invokeInterface(java.lang.Object, java.lang.Object, java.lang.Object, java.lang.Object)'> (0x00000000eba16a88) 
thrown [s\src\hotspot\share\interpreter\linkResolver.cpp, line 759]

VM Operations (20 events):
Event: 16.801 Executing VM operation: ParallelGCFailedAllocation
Event: 16.807 Executing VM operation: ParallelGCFailedAllocation done
Event: 16.869 Executing VM operation: ParallelGCFailedAllocation
Event: 16.873 Executing VM operation: ParallelGCFailedAllocation done
Event: 16.920 Executing VM operation: ParallelGCFailedAllocation
Event: 16.924 Executing VM operation: ParallelGCFailedAllocation done
Event: 16.975 Executing VM operation: ParallelGCFailedAllocation
Event: 16.981 Executing VM operation: ParallelGCFailedAllocation done
Event: 17.295 Executing VM operation: ParallelGCFailedAllocation
Event: 17.298 Executing VM operation: ParallelGCFailedAllocation done
Event: 17.314 Executing VM operation: HandshakeAllThreads
Event: 17.314 Executing VM operation: HandshakeAllThreads done
Event: 17.877 Executing VM operation: HandshakeAllThreads
Event: 17.877 Executing VM operation: HandshakeAllThreads done
Event: 18.512 Executing VM operation: HandshakeAllThreads
Event: 18.532 Executing VM operation: HandshakeAllThreads done
Event: 18.532 Executing VM operation: Cleanup
Event: 18.550 Executing VM operation: Cleanup done
Event: 18.682 Executing VM operation: ParallelGCFailedAllocation
Event: 18.690 Executing VM operation: ParallelGCFailedAllocation done

Events (20 events):
Event: 18.484 loading class java/io/ObjectOutputStream$HandleTable
Event: 18.484 loading class java/io/ObjectOutputStream$HandleTable done
Event: 18.484 loading class java/io/ObjectOutputStream$ReplaceTable
Event: 18.484 loading class java/io/ObjectOutputStream$ReplaceTable done
Event: 18.509 loading class java/util/stream/DistinctOps
Event: 18.510 loading class java/util/stream/DistinctOps done
Event: 18.510 loading class java/util/stream/DistinctOps$1
Event: 18.510 loading class java/util/stream/DistinctOps$1 done
Event: 18.541 loading class java/util/stream/DistinctOps$1$2
Event: 18.542 loading class java/util/stream/DistinctOps$1$2 done
Event: 18.660 loading class java/util/AbstractMap$2
Event: 18.660 loading class java/util/AbstractMap$2 done
Event: 18.660 loading class java/util/AbstractMap$2$1
Event: 18.660 loading class java/util/AbstractMap$2$1 done
Event: 18.732 loading class java/text/DontCareFieldPosition
Event: 18.732 loading class java/text/DontCareFieldPosition done
Event: 18.732 loading class java/text/DontCareFieldPosition$1
Event: 18.732 loading class java/text/Format$FieldDelegate
Event: 18.732 loading class java/text/Format$FieldDelegate done
Event: 18.733 loading class java/text/DontCareFieldPosition$1 done


Dynamic libraries:
0x00007ff6a2170000 - 0x00007ff6a217e000 	c:\Users\so-u\.vscode\extensions\redhat.java-1.26.0-win32-x64\jre\17.0.9-win32-x86_64\bin\java.exe
0x00007ffc466f0000 - 0x00007ffc46907000 	C:\WINDOWS\SYSTEM32\ntdll.dll
0x00007ffc44c90000 - 0x00007ffc44d54000 	C:\WINDOWS\System32\KERNEL32.DLL
0x00007ffc43f70000 - 0x00007ffc44316000 	C:\WINDOWS\System32\KERNELBASE.dll
0x00007ffc40f00000 - 0x00007ffc40f97000 	C:\WINDOWS\SYSTEM32\apphelp.dll
0x00007ffc44320000 - 0x00007ffc44431000 	C:\WINDOWS\System32\ucrtbase.dll
0x00007ffc283c0000 - 0x00007ffc283d7000 	c:\Users\so-u\.vscode\extensions\redhat.java-1.26.0-win32-x64\jre\17.0.9-win32-x86_64\bin\jli.dll
0x00007ffc45c10000 - 0x00007ffc45dbe000 	C:\WINDOWS\System32\USER32.dll
0x00007ffc43ce0000 - 0x00007ffc43d06000 	C:\WINDOWS\System32\win32u.dll
0x00007ffc445e0000 - 0x00007ffc44609000 	C:\WINDOWS\System32\GDI32.dll
0x00007ffc43d10000 - 0x00007ffc43e28000 	C:\WINDOWS\System32\gdi32full.dll
0x00007ffc43e30000 - 0x00007ffc43eca000 	C:\WINDOWS\System32\msvcp_win.dll
0x00007ffc34800000 - 0x00007ffc3481b000 	c:\Users\so-u\.vscode\extensions\redhat.java-1.26.0-win32-x64\jre\17.0.9-win32-x86_64\bin\VCRUNTIME140.dll
0x00007ffc31c60000 - 0x00007ffc31ef3000 	C:\WINDOWS\WinSxS\amd64_microsoft.windows.common-controls_6595b64144ccf1df_6.0.22621.2506_none_270c5ae97388e100\COMCTL32.dll
0x00007ffc46160000 - 0x00007ffc46207000 	C:\WINDOWS\System32\msvcrt.dll
0x00007ffc44b70000 - 0x00007ffc44ba1000 	C:\WINDOWS\System32\IMM32.DLL
0x00007ffc3ad10000 - 0x00007ffc3ad1c000 	c:\Users\so-u\.vscode\extensions\redhat.java-1.26.0-win32-x64\jre\17.0.9-win32-x86_64\bin\vcruntime140_1.dll
0x00007ffc0d8a0000 - 0x00007ffc0d92d000 	c:\Users\so-u\.vscode\extensions\redhat.java-1.26.0-win32-x64\jre\17.0.9-win32-x86_64\bin\msvcp140.dll
0x00007ffbba4d0000 - 0x00007ffbbb131000 	c:\Users\so-u\.vscode\extensions\redhat.java-1.26.0-win32-x64\jre\17.0.9-win32-x86_64\bin\server\jvm.dll
0x00007ffc46210000 - 0x00007ffc462c3000 	C:\WINDOWS\System32\ADVAPI32.dll
0x00007ffc451e0000 - 0x00007ffc45288000 	C:\WINDOWS\System32\sechost.dll
0x00007ffc43f40000 - 0x00007ffc43f68000 	C:\WINDOWS\System32\bcrypt.dll
0x00007ffc45290000 - 0x00007ffc453a7000 	C:\WINDOWS\System32\RPCRT4.dll
0x00007ffc43900000 - 0x00007ffc4394d000 	C:\WINDOWS\SYSTEM32\POWRPROF.dll
0x00007ffc12040000 - 0x00007ffc12049000 	C:\WINDOWS\SYSTEM32\WSOCK32.dll
0x00007ffc44560000 - 0x00007ffc445d1000 	C:\WINDOWS\System32\WS2_32.dll
0x00007ffc3cfd0000 - 0x00007ffc3d004000 	C:\WINDOWS\SYSTEM32\WINMM.dll
0x00007ffc39780000 - 0x00007ffc3978a000 	C:\WINDOWS\SYSTEM32\VERSION.dll
0x00007ffc438e0000 - 0x00007ffc438f3000 	C:\WINDOWS\SYSTEM32\UMPDC.dll
0x00007ffc42a60000 - 0x00007ffc42a78000 	C:\WINDOWS\SYSTEM32\kernel.appcore.dll
0x00007ffc3a710000 - 0x00007ffc3a71a000 	c:\Users\so-u\.vscode\extensions\redhat.java-1.26.0-win32-x64\jre\17.0.9-win32-x86_64\bin\jimage.dll
0x00007ffc3ba70000 - 0x00007ffc3bca3000 	C:\WINDOWS\SYSTEM32\DBGHELP.DLL
0x00007ffc462d0000 - 0x00007ffc46659000 	C:\WINDOWS\System32\combase.dll
0x00007ffc44bb0000 - 0x00007ffc44c87000 	C:\WINDOWS\System32\OLEAUT32.dll
0x00007ffc3b120000 - 0x00007ffc3b152000 	C:\WINDOWS\SYSTEM32\dbgcore.DLL
0x00007ffc43a30000 - 0x00007ffc43aaa000 	C:\WINDOWS\System32\bcryptPrimitives.dll
0x00007ffc3a690000 - 0x00007ffc3a69e000 	c:\Users\so-u\.vscode\extensions\redhat.java-1.26.0-win32-x64\jre\17.0.9-win32-x86_64\bin\instrument.dll
0x00007ffc21b70000 - 0x00007ffc21b95000 	c:\Users\so-u\.vscode\extensions\redhat.java-1.26.0-win32-x64\jre\17.0.9-win32-x86_64\bin\java.dll
0x00007ffc24ba0000 - 0x00007ffc24bb8000 	c:\Users\so-u\.vscode\extensions\redhat.java-1.26.0-win32-x64\jre\17.0.9-win32-x86_64\bin\zip.dll
0x00007ffc453b0000 - 0x00007ffc45c0a000 	C:\WINDOWS\System32\SHELL32.dll
0x00007ffc41980000 - 0x00007ffc42276000 	C:\WINDOWS\SYSTEM32\windows.storage.dll
0x00007ffc41840000 - 0x00007ffc4197e000 	C:\WINDOWS\SYSTEM32\wintypes.dll
0x00007ffc449f0000 - 0x00007ffc44ae3000 	C:\WINDOWS\System32\SHCORE.dll
0x00007ffc45df0000 - 0x00007ffc45e4e000 	C:\WINDOWS\System32\shlwapi.dll
0x00007ffc43960000 - 0x00007ffc43986000 	C:\WINDOWS\SYSTEM32\profapi.dll
0x00007ffc25f40000 - 0x00007ffc25f59000 	C:\Users\so-u\.vscode\extensions\redhat.java-1.26.0-win32-x64\jre\17.0.9-win32-x86_64\bin\net.dll
0x00007ffc3da20000 - 0x00007ffc3db57000 	C:\WINDOWS\SYSTEM32\WINHTTP.dll
0x00007ffc42ee0000 - 0x00007ffc42f49000 	C:\WINDOWS\system32\mswsock.dll
0x00007ffc232a0000 - 0x00007ffc232b6000 	C:\Users\so-u\.vscode\extensions\redhat.java-1.26.0-win32-x64\jre\17.0.9-win32-x86_64\bin\nio.dll
0x00007ffc3a480000 - 0x00007ffc3a490000 	c:\Users\so-u\.vscode\extensions\redhat.java-1.26.0-win32-x64\jre\17.0.9-win32-x86_64\bin\verify.dll
0x00007ffc1f170000 - 0x00007ffc1f1ae000 	C:\Users\so-u\AppData\Roaming\Code\User\globalStorage\redhat.java\1.26.0\config_win\org.eclipse.equinox.launcher\org.eclipse.equinox.launcher.win32.win32.x86_64_1.2.800.v20231003-1442\eclipse_11802.dll
0x00007ffc44840000 - 0x00007ffc449e0000 	C:\WINDOWS\System32\ole32.dll
0x00007ffc43130000 - 0x00007ffc4314b000 	C:\WINDOWS\SYSTEM32\CRYPTSP.dll
0x00007ffc429c0000 - 0x00007ffc429f5000 	C:\WINDOWS\system32\rsaenh.dll
0x00007ffc42fd0000 - 0x00007ffc42ffc000 	C:\WINDOWS\SYSTEM32\USERENV.dll
0x00007ffc43150000 - 0x00007ffc4315c000 	C:\WINDOWS\SYSTEM32\CRYPTBASE.dll
0x00007ffc424e0000 - 0x00007ffc4250d000 	C:\WINDOWS\SYSTEM32\IPHLPAPI.DLL
0x00007ffc444f0000 - 0x00007ffc444f9000 	C:\WINDOWS\System32\NSI.dll
0x00007ffc3dba0000 - 0x00007ffc3dbb9000 	C:\WINDOWS\SYSTEM32\dhcpcsvc6.DLL
0x00007ffc3d550000 - 0x00007ffc3d56f000 	C:\WINDOWS\SYSTEM32\dhcpcsvc.DLL
0x00007ffc42550000 - 0x00007ffc42649000 	C:\WINDOWS\SYSTEM32\DNSAPI.dll
0x00007ffc1e990000 - 0x00007ffc1e9d5000 	C:\Users\so-u\AppData\Local\Temp\jna-3534148\jna9917217526659472832.dll
0x00007ffc449e0000 - 0x00007ffc449e8000 	C:\WINDOWS\System32\PSAPI.DLL

dbghelp: loaded successfully - version: 4.0.5 - missing functions: none
symbol engine: initialized successfully - sym options: 0x614 - pdb path: .;c:\Users\so-u\.vscode\extensions\redhat.java-1.26.0-win32-x64\jre\17.0.9-win32-x86_64\bin;C:\WINDOWS\SYSTEM32;C:\WINDOWS\WinSxS\amd64_microsoft.windows.common-controls_6595b64144ccf1df_6.0.22621.2506_none_270c5ae97388e100;c:\Users\so-u\.vscode\extensions\redhat.java-1.26.0-win32-x64\jre\17.0.9-win32-x86_64\bin\server;C:\Users\so-u\AppData\Roaming\Code\User\globalStorage\redhat.java\1.26.0\config_win\org.eclipse.equinox.launcher\org.eclipse.equinox.launcher.win32.win32.x86_64_1.2.800.v20231003-1442;C:\Users\so-u\AppData\Local\Temp\jna-3534148

VM Arguments:
jvm_args: --add-modules=ALL-SYSTEM --add-opens=java.base/java.util=ALL-UNNAMED --add-opens=java.base/java.lang=ALL-UNNAMED --add-opens=java.base/sun.nio.fs=ALL-UNNAMED -Declipse.application=org.eclipse.jdt.ls.core.id1 -Dosgi.bundles.defaultStartLevel=4 -Declipse.product=org.eclipse.jdt.ls.core.product -Djava.import.generatesMetadataFilesAtProjectRoot=false -DDetectVMInstallationsJob.disabled=true -Dfile.encoding=utf8 -XX:+UseParallelGC -XX:GCTimeRatio=4 -XX:AdaptiveSizePolicyWeight=90 -Dsun.zip.disableMemoryMapping=true -Xmx1G -Xms100m -Xlog:disable -javaagent:c:\Users\so-u\.vscode\extensions\redhat.java-1.26.0-win32-x64\lombok\lombok-1.18.31-3454.jar -XX:+HeapDumpOnOutOfMemoryError -XX:HeapDumpPath=c:\Users\so-u\AppData\Roaming\Code\User\workspaceStorage\5e595132d2747ca74a5c2523b199d736\redhat.java -Daether.dependencyCollector.impl=bf 
java_command: c:\Users\so-u\.vscode\extensions\redhat.java-1.26.0-win32-x64\server\plugins\org.eclipse.equinox.launcher_1.6.700.v20231214-2017.jar -configuration c:\Users\so-u\AppData\Roaming\Code\User\globalStorage\redhat.java\1.26.0\config_win -data c:\Users\so-u\AppData\Roaming\Code\User\workspaceStorage\5e595132d2747ca74a5c2523b199d736\redhat.java\jdt_ws --stdio
java_class_path (initial): c:\Users\so-u\.vscode\extensions\redhat.java-1.26.0-win32-x64\server\plugins\org.eclipse.equinox.launcher_1.6.700.v20231214-2017.jar
Launcher Type: SUN_STANDARD

[Global flags]
    uintx AdaptiveSizePolicyWeight                 = 90                                        {product} {command line}
     intx CICompilerCount                          = 3                                         {product} {ergonomic}
    uintx GCTimeRatio                              = 4                                         {product} {command line}
     bool HeapDumpOnOutOfMemoryError               = true                                   {manageable} {command line}
    ccstr HeapDumpPath                             = c:\Users\so-u\AppData\Roaming\Code\User\workspaceStorage\5e595132d2747ca74a5c2523b199d736\redhat.java         {manageable} {command line}
   size_t InitialHeapSize                          = 104857600                                 {product} {command line}
   size_t MaxHeapSize                              = 1073741824                                {product} {command line}
   size_t MaxNewSize                               = 357564416                                 {product} {ergonomic}
   size_t MinHeapDeltaBytes                        = 524288                                    {product} {ergonomic}
   size_t MinHeapSize                              = 104857600                                 {product} {command line}
   size_t NewSize                                  = 34603008                                  {product} {ergonomic}
    uintx NonNMethodCodeHeapSize                   = 5832780                                {pd product} {ergonomic}
    uintx NonProfiledCodeHeapSize                  = 122912730                              {pd product} {ergonomic}
   size_t OldSize                                  = 70254592                                  {product} {ergonomic}
    uintx ProfiledCodeHeapSize                     = 122912730                              {pd product} {ergonomic}
    uintx ReservedCodeCacheSize                    = 251658240                              {pd product} {ergonomic}
     bool SegmentedCodeCache                       = true                                      {product} {ergonomic}
   size_t SoftMaxHeapSize                          = 1073741824                             {manageable} {ergonomic}
     bool UseCompressedClassPointers               = true                           {product lp64_product} {ergonomic}
     bool UseCompressedOops                        = true                           {product lp64_product} {ergonomic}
     bool UseLargePagesIndividualAllocation        = false                                  {pd product} {ergonomic}
     bool UseParallelGC                            = true                                      {product} {command line}

Logging:
Log output configuration:
 #0: stdout all=off uptime,level,tags
 #1: stderr all=off uptime,level,tags

Environment Variables:
PATH=C:\Program Files\Common Files\Oracle\Java\javapath;C:\WINDOWS\system32;C:\WINDOWS;C:\WINDOWS\System32\Wbem;C:\WINDOWS\System32\WindowsPowerShell\v1.0\;C:\WINDOWS\System32\OpenSSH\;C:\MinGW\bin;C:\Program Files\Bandizip\;C:\R\rtools40\usr\bin;C:\Program Files\Git\cmd;C:\Program Files\nodejs\;C:\Program Files\MariaDB 11.4\bin;C:\Users\so-u\AppData\Local\Programs\Python\Python310\Scripts\;C:\Users\so-u\AppData\Local\Programs\Python\Python310\;C:\Users\so-u\AppData\Local\Microsoft\WindowsApps;C:\MinGW\bin;C:\Users\so-u\AppData\Local\Programs\Microsoft VS Code\bin;C:\R\rtools40\usr\bin;C:\Users\so-u\AppData\Local\GitHubDesktop\bin;C:\Users\so-u\AppData\Roaming\npm;C:\Program Files\MariaDB 11.4\bin;
USERNAME=so-u
OS=Windows_NT
PROCESSOR_IDENTIFIER=AMD64 Family 23 Model 96 Stepping 1, AuthenticAMD
TMP=C:\Users\so-u\AppData\Local\Temp
TEMP=C:\Users\so-u\AppData\Local\Temp



Periodic native trim disabled


---------------  S Y S T E M  ---------------

OS:
 Windows 11 , 64 bit Build 22621 (10.0.22621.2506)
OS uptime: 13 days 13:48 hours

CPU: total 6 (initial active 6) (6 cores per cpu, 1 threads per core) family 23 model 96 stepping 1 microcode 0x0, cx8, cmov, fxsr, mmx, 3dnowpref, sse, sse2, sse3, ssse3, sse4a, sse4.1, sse4.2, popcnt, lzcnt, tsc, tscinvbit, avx, avx2, aes, clmul, bmi1, bmi2, adx, sha, fma, vzeroupper, clflush, clflushopt
Processor Information for all 6 processors :
  Max Mhz: 2375, Current Mhz: 2375, Mhz Limit: 2375

Memory: 4k page, system-wide physical 7549M (324M free)
TotalPageFile size 31101M (AvailPageFile size 1M)
current process WorkingSet (physical memory assigned to process): 204M, peak: 205M
current process commit charge ("private bytes"): 272M, peak: 285M

vm_info: OpenJDK 64-Bit Server VM (17.0.9+9) for windows-amd64 JRE (17.0.9+9), built on Oct 26 2023 14:01:42 by "admin" with MS VC++ 16.10 / 16.11 (VS2019)

END.
